###############################################################################
#                                                                             #
# IAR C/C++ Compiler V8.10.4.40412/W32 for 8051         04/Dec/2016  22:38:05 #
# Copyright 2004-2011 IAR Systems AB.                                         #
#                                                                             #
#    Core               =  plain                                              #
#    Code model         =  banked                                             #
#    Data model         =  large                                              #
#    Calling convention =  xdata reentrant                                    #
#    Constant location  =  data                                               #
#    Dptr setup         =  1,16                                               #
#    Source file        =  C:\Users\freeman\Documents\work\NBK\Nikon\NikonStm #
#                          32\Nikon_Rf\SimpliciTI-IAR-1.2.0\Components\hal\ta #
#                          rget\CC2530EB\hal_startup.c                        #
#    Command line       =  -f C:\Users\freeman\Documents\work\NBK\Nikon\Nikon #
#                          Stm32\Nikon_Rf\SimpliciTI-IAR-1.2.0\Projects\Examp #
#                          les\SRF05_8051\nik_sb5000\IAR\Configuration\LinkTo #
#                          \smpl_config.dat ("-DTHIS_DEVICE_ADDRESS={0x79,    #
#                          0x56, 0x34, 0x12}" -DxNWK_PLL_REFERENCE_CLOCK      #
#                          -DLINK_TO) -f C:\Users\freeman\Documents\work\NBK\ #
#                          Nikon\NikonStm32\Nikon_Rf\SimpliciTI-IAR-1.2.0\Pro #
#                          jects\Examples\SRF05_8051\nik_sb5000\IAR\Configura #
#                          tion\smpl_nwk_config.dat (-DMAX_HOPS=3             #
#                          -DMAX_HOPS_FROM_AP=1 -DMAX_NWK_PAYLOAD=34          #
#                          -DMAX_APP_PAYLOAD=10 -DDEFAULT_LINK_TOKEN=0x010203 #
#                          04 -DDEFAULT_JOIN_TOKEN=0x05060708                 #
#                          -DxFREQUENCY_AGILITY -DxAPP_AUTO_ACK               #
#                          -DxEXTENDED_API -DxSMPL_SECURE                     #
#                          -DxNVOBJECT_SUPPORT -DxSW_TIMER                    #
#                          -DNUM_CONNECTIONS=2 -DSIZE_INFRAME_Q=4             #
#                          -DSIZE_OUTFRAME_Q=2 -DxFREQUENCY_HOPPING           #
#                          -DNWK_PLL_SHOW_LOCATION_INDICATORS                 #
#                          -DUART_NUMBER=UART_NUMBER_0                        #
#                          -DUART_LOCATION=UART_LOCATION_1                    #
#                          -DUART_BAUD_RATE=115200 -DUART_FLOW_CONTROL=UART_F #
#                          LOW_CONTROL_OFF -DUART_PARITY_MODE=UART_PARITY_NON #
#                          E -DUART_STOP_BITS=UART_1_STOP_BIT                 #
#                          -DBSP_TIMER_USED=1 -DEND_DEVICE)                   #
#                          C:\Users\freeman\Documents\work\NBK\Nikon\NikonStm #
#                          32\Nikon_Rf\SimpliciTI-IAR-1.2.0\Components\hal\ta #
#                          rget\CC2530EB\hal_startup.c -D MCU_H=<ioCC2530.h>  #
#                          -D MRFI_CC2530 -D ZTOOL_P1 -lC                     #
#                          C:\Users\freeman\Documents\work\NBK\Nikon\NikonStm #
#                          32\Nikon_Rf\SimpliciTI-IAR-1.2.0\Projects\Examples #
#                          \SRF05_8051\nik_sb5000\IAR\LinkTo\List\ -lA        #
#                          C:\Users\freeman\Documents\work\NBK\Nikon\NikonStm #
#                          32\Nikon_Rf\SimpliciTI-IAR-1.2.0\Projects\Examples #
#                          \SRF05_8051\nik_sb5000\IAR\LinkTo\List\ -o         #
#                          C:\Users\freeman\Documents\work\NBK\Nikon\NikonStm #
#                          32\Nikon_Rf\SimpliciTI-IAR-1.2.0\Projects\Examples #
#                          \SRF05_8051\nik_sb5000\IAR\LinkTo\Obj\ -e --debug  #
#                          --core=plain --dptr=16,1 --data_model=large        #
#                          --code_model=banked --calling_convention=xdata_ree #
#                          ntrant --place_constants=data --nr_virtual_regs    #
#                          16 -I C:\Users\freeman\Documents\work\NBK\Nikon\Ni #
#                          konStm32\Nikon_Rf\SimpliciTI-IAR-1.2.0\Projects\Ex #
#                          amples\SRF05_8051\nik_sb5000\IAR\..\..\..\..\..\Co #
#                          mponents\bsp\ -I C:\Users\freeman\Documents\work\N #
#                          BK\Nikon\NikonStm32\Nikon_Rf\SimpliciTI-IAR-1.2.0\ #
#                          Projects\Examples\SRF05_8051\nik_sb5000\IAR\..\..\ #
#                          ..\..\..\Components\bsp\drivers\ -I                #
#                          C:\Users\freeman\Documents\work\NBK\Nikon\NikonStm #
#                          32\Nikon_Rf\SimpliciTI-IAR-1.2.0\Projects\Examples #
#                          \SRF05_8051\nik_sb5000\IAR\..\..\..\..\..\Componen #
#                          ts\bsp\boards\CC2530EM\ -I                         #
#                          C:\Users\freeman\Documents\work\NBK\Nikon\NikonStm #
#                          32\Nikon_Rf\SimpliciTI-IAR-1.2.0\Projects\Examples #
#                          \SRF05_8051\nik_sb5000\IAR\..\..\..\..\..\Componen #
#                          ts\mrfi\ -I C:\Users\freeman\Documents\work\NBK\Ni #
#                          kon\NikonStm32\Nikon_Rf\SimpliciTI-IAR-1.2.0\Proje #
#                          cts\Examples\SRF05_8051\nik_sb5000\IAR\..\..\..\.. #
#                          \..\Components\SimpliciTI\nwk\ -I                  #
#                          C:\Users\freeman\Documents\work\NBK\Nikon\NikonStm #
#                          32\Nikon_Rf\SimpliciTI-IAR-1.2.0\Projects\Examples #
#                          \SRF05_8051\nik_sb5000\IAR\..\..\..\Applications\  #
#                          -I C:\Users\freeman\Documents\work\NBK\Nikon\Nikon #
#                          Stm32\Nikon_Rf\SimpliciTI-IAR-1.2.0\Projects\Examp #
#                          les\SRF05_8051\nik_sb5000\IAR\..\..\..\..\..\Compo #
#                          nents\SimpliciTI\nwk_applications\ -I              #
#                          C:\Users\freeman\Documents\work\NBK\Nikon\NikonStm #
#                          32\Nikon_Rf\SimpliciTI-IAR-1.2.0\Projects\Examples #
#                          \SRF05_8051\nik_sb5000\IAR\..\..\..\..\..\Componen #
#                          ts\OSAL\INCLUDE\ -I C:\Users\freeman\Documents\wor #
#                          k\NBK\Nikon\NikonStm32\Nikon_Rf\SimpliciTI-IAR-1.2 #
#                          .0\Projects\Examples\SRF05_8051\nik_sb5000\IAR\..\ #
#                          ..\..\..\..\Components\OSAL\MCU\CCSOC\ -I          #
#                          C:\Users\freeman\Documents\work\NBK\Nikon\NikonStm #
#                          32\Nikon_Rf\SimpliciTI-IAR-1.2.0\Projects\Examples #
#                          \SRF05_8051\nik_sb5000\IAR\..\..\..\..\..\Componen #
#                          ts\HAL\INCLUDE\ -I C:\Users\freeman\Documents\work #
#                          \NBK\Nikon\NikonStm32\Nikon_Rf\SimpliciTI-IAR-1.2. #
#                          0\Projects\Examples\SRF05_8051\nik_sb5000\IAR\..\. #
#                          .\..\..\..\Components\HAL\TARGET\CC2530EB\ -I      #
#                          C:\Users\freeman\Documents\work\NBK\Nikon\NikonStm #
#                          32\Nikon_Rf\SimpliciTI-IAR-1.2.0\Projects\Examples #
#                          \SRF05_8051\nik_sb5000\IAR\..\..\..\..\..\Componen #
#                          ts\SERVICES\SADDR\ -I C:\Users\freeman\Documents\w #
#                          ork\NBK\Nikon\NikonStm32\Nikon_Rf\SimpliciTI-IAR-1 #
#                          .2.0\Projects\Examples\SRF05_8051\nik_sb5000\IAR\. #
#                          .\..\..\..\..\Components\SERVICES\SDATA\ -I        #
#                          C:\Users\freeman\Documents\work\NBK\Nikon\NikonStm #
#                          32\Nikon_Rf\SimpliciTI-IAR-1.2.0\Projects\Examples #
#                          \SRF05_8051\nik_sb5000\IAR\..\..\..\..\..\Componen #
#                          ts\MT\ -I C:\Users\freeman\Documents\work\NBK\Niko #
#                          n\NikonStm32\Nikon_Rf\SimpliciTI-IAR-1.2.0\Project #
#                          s\Examples\SRF05_8051\nik_sb5000\IAR\..\..\..\..\. #
#                          .\Components\STACK\AF\ -I                          #
#                          C:\Users\freeman\Documents\work\NBK\Nikon\NikonStm #
#                          32\Nikon_Rf\SimpliciTI-IAR-1.2.0\Projects\Examples #
#                          \SRF05_8051\nik_sb5000\IAR\..\..\..\..\..\Componen #
#                          ts\STACK\NWK\ -I C:\Users\freeman\Documents\work\N #
#                          BK\Nikon\NikonStm32\Nikon_Rf\SimpliciTI-IAR-1.2.0\ #
#                          Projects\Examples\SRF05_8051\nik_sb5000\IAR\..\..\ #
#                          ..\..\..\Components\STACK\SEC\ -I                  #
#                          C:\Users\freeman\Documents\work\NBK\Nikon\NikonStm #
#                          32\Nikon_Rf\SimpliciTI-IAR-1.2.0\Projects\Examples #
#                          \SRF05_8051\nik_sb5000\IAR\..\..\..\..\..\Componen #
#                          ts\STACK\SAPI\ -I C:\Users\freeman\Documents\work\ #
#                          NBK\Nikon\NikonStm32\Nikon_Rf\SimpliciTI-IAR-1.2.0 #
#                          \Projects\Examples\SRF05_8051\nik_sb5000\IAR\..\.. #
#                          \..\..\..\Components\STACK\SYS\ -I                 #
#                          C:\Users\freeman\Documents\work\NBK\Nikon\NikonStm #
#                          32\Nikon_Rf\SimpliciTI-IAR-1.2.0\Projects\Examples #
#                          \SRF05_8051\nik_sb5000\IAR\..\..\..\..\..\Componen #
#                          ts\STACK\ZDO\ -I C:\Users\freeman\Documents\work\N #
#                          BK\Nikon\NikonStm32\Nikon_Rf\SimpliciTI-IAR-1.2.0\ #
#                          Projects\Examples\SRF05_8051\nik_sb5000\IAR\..\..\ #
#                          ..\..\..\Components\MAC\INCLUDE\ -I                #
#                          C:\Users\freeman\Documents\work\NBK\Nikon\NikonStm #
#                          32\Nikon_Rf\SimpliciTI-IAR-1.2.0\Projects\Examples #
#                          \SRF05_8051\nik_sb5000\IAR\..\..\..\..\..\Componen #
#                          ts\MAC\HIGH_LEVEL\ -I C:\Users\freeman\Documents\w #
#                          ork\NBK\Nikon\NikonStm32\Nikon_Rf\SimpliciTI-IAR-1 #
#                          .2.0\Projects\Examples\SRF05_8051\nik_sb5000\IAR\. #
#                          .\..\..\..\..\Components\MAC\LOW_LEVEL\srf04\ -I   #
#                          C:\Users\freeman\Documents\work\NBK\Nikon\NikonStm #
#                          32\Nikon_Rf\SimpliciTI-IAR-1.2.0\Projects\Examples #
#                          \SRF05_8051\nik_sb5000\IAR\..\..\..\..\..\Componen #
#                          ts\MAC\LOW_LEVEL\srf04\SINGLE_CHIP\ -Ohz           #
#                          --require_prototypes                               #
#    List file          =  C:\Users\freeman\Documents\work\NBK\Nikon\NikonStm #
#                          32\Nikon_Rf\SimpliciTI-IAR-1.2.0\Projects\Examples #
#                          \SRF05_8051\nik_sb5000\IAR\LinkTo\List\hal_startup #
#                          .lst                                               #
#    Object file        =  C:\Users\freeman\Documents\work\NBK\Nikon\NikonStm #
#                          32\Nikon_Rf\SimpliciTI-IAR-1.2.0\Projects\Examples #
#                          \SRF05_8051\nik_sb5000\IAR\LinkTo\Obj\hal_startup. #
#                          r51                                                #
#                                                                             #
#                                                                             #
###############################################################################

C:\Users\freeman\Documents\work\NBK\Nikon\NikonStm32\Nikon_Rf\SimpliciTI-IAR-1.2.0\Components\hal\target\CC2530EB\hal_startup.c
      1          /**************************************************************************************************
      2            Filename:       hal_startup.c
      3            Revised:        $Date: 2008-12-04 09:18:49 -0700 (Thu, 04 Dec 2008) $
      4            Revision:       $Revision: 15820 $
      5          
      6            Description:    Contains code that needs to run before main()
      7          
      8            Copyright 2008 Texas Instruments Incorporated. All rights reserved.
      9          
     10            IMPORTANT: Your use of this Software is limited to those specific rights
     11            granted under the terms of a software license agreement between the user
     12            who downloaded the software, his/her employer (which must be your employer)
     13            and Texas Instruments Incorporated (the "License").  You may not use this
     14            Software unless you agree to abide by the terms of the License. The License
     15            limits your use, and you acknowledge, that the Software may not be modified,
     16            copied or distributed unless embedded on a Texas Instruments microcontroller
     17            or used solely and exclusively in conjunction with a Texas Instruments radio
     18            frequency transceiver, which is integrated into your product.  Other than for
     19            the foregoing purpose, you may not use, reproduce, copy, prepare derivative
     20            works of, modify, distribute, perform, display or sell this Software and/or
     21            its documentation for any purpose.
     22          
     23            YOU FURTHER ACKNOWLEDGE AND AGREE THAT THE SOFTWARE AND DOCUMENTATION ARE
     24            PROVIDED “AS IS” WITHOUT WARRANTY OF ANY KIND, EITHER EXPRESS OR IMPLIED,
     25            INCLUDING WITHOUT LIMITATION, ANY WARRANTY OF MERCHANTABILITY, TITLE,
     26            NON-INFRINGEMENT AND FITNESS FOR A PARTICULAR PURPOSE. IN NO EVENT SHALL
     27            TEXAS INSTRUMENTS OR ITS LICENSORS BE LIABLE OR OBLIGATED UNDER CONTRACT,
     28            NEGLIGENCE, STRICT LIABILITY, CONTRIBUTION, BREACH OF WARRANTY, OR OTHER
     29            LEGAL EQUITABLE THEORY ANY DIRECT OR INDIRECT DAMAGES OR EXPENSES
     30            INCLUDING BUT NOT LIMITED TO ANY INCIDENTAL, SPECIAL, INDIRECT, PUNITIVE
     31            OR CONSEQUENTIAL DAMAGES, LOST PROFITS OR LOST DATA, COST OF PROCUREMENT
     32            OF SUBSTITUTE GOODS, TECHNOLOGY, SERVICES, OR ANY CLAIMS BY THIRD PARTIES
     33            (INCLUDING BUT NOT LIMITED TO ANY DEFENSE THEREOF), OR OTHER SIMILAR COSTS.
     34          
     35            Should you have any questions regarding your right to use this Software,
     36            contact Texas Instruments Incorporated at www.TI.com.
     37          **************************************************************************************************/
     38          
     39          /**************************************************************************************************
     40           * INCLUDES
     41           *************************************************************************************************/
     42          #include "hal_board.h"

   \                                 In  segment SFR_AN, at 0xc7
   \   unsigned char volatile __sfr MEMCTR
   \                     MEMCTR:
   \   000000                DS 1
     43          #include "hal_types.h"
     44          
     45          #ifdef __cplusplus
     46          extern "C" {
     47          #endif
     48          
     49          #pragma language=extended
     50          
     51          //
     52          // Locate low_level_init in the CSTART module
     53          //
     54          #pragma location="CSTART"
     55          //
     56          // If the code model is banked, low_level_init must be declared
     57          // __near_func elsa a ?BRET is performed
     58          //
     59          #if (__CODE_MODEL__ == 2)
     60          __near_func __root char
     61          #else
     62          __root char
     63          #endif
     64          __low_level_init(void);
     65          
     66          /**************************************************************************************************
     67           * @fn          __low_level_init
     68           *
     69           * @brief      The function __low_level_init is called by the start-up code before doing
     70           *                the normal initialization of data segments. If the return value is zero,
     71           *                initialization is not performed.
     72           *
     73           * @param       None
     74           *
     75           * @return      0 - don't intialize data segments / 1 - do initialization
     76           **************************************************************************************************/
     77          #if (__CODE_MODEL__ == 2)

   \                                 In  segment CSTART, align 1, keep-with-next, root
     78          __near_func __root char
     79          #else
     80          __root char
     81          #endif
     82          __low_level_init(void)
   \                     __low_level_init:
   \   000000                REQUIRE __low_level_init_call
     83          {
   \   000000                ; Saved register size: 0
   \   000000                ; Auto size: 0
     84            /*==================================*/
     85            /*  Initialize hardware.            */
     86            /*==================================*/
     87            // Map flash bank #1 into XDATA for access to "ROM mapped as data".
     88            MEMCTR = (MEMCTR & 0xF8) | 0x01;
   \   000000   E5C7         MOV     A,0xc7
   \   000002   54F8         ANL     A,#0xf8
   \   000004   4401         ORL     A,#0x1
   \   000006   F5C7         MOV     0xc7,A
     89          
     90            /*==================================*/
     91            /* Choose if segment initialization */
     92            /* should be done or not.           */
     93            /* Return: 0 to omit seg_init       */
     94            /*         1 to run seg_init        */
     95            /*==================================*/
     96            return 1;
   \   000008   7901         MOV     R1,#0x1
   \   00000A   22           RET
   \   00000B                REQUIRE MEMCTR
     97          }
     98          
     99          #pragma language=default
    100          
    101          #ifdef __cplusplus
    102          }
    103          #endif

   Maximum stack usage in bytes:

     Function         ISTACK PSTACK XSTACK
     --------         ------ ------ ------
     __low_level_init     0      0      0


   Segment part sizes:

     Function/Label   Bytes
     --------------   -----
     MEMCTR              1
     __low_level_init   11

 
 11 bytes in segment CSTART
  1 byte  in segment SFR_AN
 
 11 bytes of CODE memory
  0 bytes of DATA memory (+ 1 byte shared)

Errors: none
Warnings: none
