###############################################################################
#                                                                             #
# IAR C/C++ Compiler V8.10.4.40412/W32 for 8051         04/Dec/2016  22:38:07 #
# Copyright 2004-2011 IAR Systems AB.                                         #
#                                                                             #
#    Core               =  plain                                              #
#    Code model         =  banked                                             #
#    Data model         =  large                                              #
#    Calling convention =  xdata reentrant                                    #
#    Constant location  =  data                                               #
#    Dptr setup         =  1,16                                               #
#    Source file        =  C:\Users\freeman\Documents\work\NBK\Nikon\NikonStm #
#                          32\Nikon_Rf\SimpliciTI-IAR-1.2.0\Components\mac\lo #
#                          w_level\srf04\mac_low_level.c                      #
#    Command line       =  -f C:\Users\freeman\Documents\work\NBK\Nikon\Nikon #
#                          Stm32\Nikon_Rf\SimpliciTI-IAR-1.2.0\Projects\Examp #
#                          les\SRF05_8051\nik_sb5000\IAR\Configuration\LinkTo #
#                          \smpl_config.dat ("-DTHIS_DEVICE_ADDRESS={0x79,    #
#                          0x56, 0x34, 0x12}" -DxNWK_PLL_REFERENCE_CLOCK      #
#                          -DLINK_TO) -f C:\Users\freeman\Documents\work\NBK\ #
#                          Nikon\NikonStm32\Nikon_Rf\SimpliciTI-IAR-1.2.0\Pro #
#                          jects\Examples\SRF05_8051\nik_sb5000\IAR\Configura #
#                          tion\smpl_nwk_config.dat (-DMAX_HOPS=3             #
#                          -DMAX_HOPS_FROM_AP=1 -DMAX_NWK_PAYLOAD=34          #
#                          -DMAX_APP_PAYLOAD=10 -DDEFAULT_LINK_TOKEN=0x010203 #
#                          04 -DDEFAULT_JOIN_TOKEN=0x05060708                 #
#                          -DxFREQUENCY_AGILITY -DxAPP_AUTO_ACK               #
#                          -DxEXTENDED_API -DxSMPL_SECURE                     #
#                          -DxNVOBJECT_SUPPORT -DxSW_TIMER                    #
#                          -DNUM_CONNECTIONS=2 -DSIZE_INFRAME_Q=4             #
#                          -DSIZE_OUTFRAME_Q=2 -DxFREQUENCY_HOPPING           #
#                          -DNWK_PLL_SHOW_LOCATION_INDICATORS                 #
#                          -DUART_NUMBER=UART_NUMBER_0                        #
#                          -DUART_LOCATION=UART_LOCATION_1                    #
#                          -DUART_BAUD_RATE=115200 -DUART_FLOW_CONTROL=UART_F #
#                          LOW_CONTROL_OFF -DUART_PARITY_MODE=UART_PARITY_NON #
#                          E -DUART_STOP_BITS=UART_1_STOP_BIT                 #
#                          -DBSP_TIMER_USED=1 -DEND_DEVICE)                   #
#                          C:\Users\freeman\Documents\work\NBK\Nikon\NikonStm #
#                          32\Nikon_Rf\SimpliciTI-IAR-1.2.0\Components\mac\lo #
#                          w_level\srf04\mac_low_level.c -D                   #
#                          MCU_H=<ioCC2530.h> -D MRFI_CC2530 -D ZTOOL_P1 -lC  #
#                          C:\Users\freeman\Documents\work\NBK\Nikon\NikonStm #
#                          32\Nikon_Rf\SimpliciTI-IAR-1.2.0\Projects\Examples #
#                          \SRF05_8051\nik_sb5000\IAR\LinkTo\List\ -lA        #
#                          C:\Users\freeman\Documents\work\NBK\Nikon\NikonStm #
#                          32\Nikon_Rf\SimpliciTI-IAR-1.2.0\Projects\Examples #
#                          \SRF05_8051\nik_sb5000\IAR\LinkTo\List\ -o         #
#                          C:\Users\freeman\Documents\work\NBK\Nikon\NikonStm #
#                          32\Nikon_Rf\SimpliciTI-IAR-1.2.0\Projects\Examples #
#                          \SRF05_8051\nik_sb5000\IAR\LinkTo\Obj\ -e --debug  #
#                          --core=plain --dptr=16,1 --data_model=large        #
#                          --code_model=banked --calling_convention=xdata_ree #
#                          ntrant --place_constants=data --nr_virtual_regs    #
#                          16 -I C:\Users\freeman\Documents\work\NBK\Nikon\Ni #
#                          konStm32\Nikon_Rf\SimpliciTI-IAR-1.2.0\Projects\Ex #
#                          amples\SRF05_8051\nik_sb5000\IAR\..\..\..\..\..\Co #
#                          mponents\bsp\ -I C:\Users\freeman\Documents\work\N #
#                          BK\Nikon\NikonStm32\Nikon_Rf\SimpliciTI-IAR-1.2.0\ #
#                          Projects\Examples\SRF05_8051\nik_sb5000\IAR\..\..\ #
#                          ..\..\..\Components\bsp\drivers\ -I                #
#                          C:\Users\freeman\Documents\work\NBK\Nikon\NikonStm #
#                          32\Nikon_Rf\SimpliciTI-IAR-1.2.0\Projects\Examples #
#                          \SRF05_8051\nik_sb5000\IAR\..\..\..\..\..\Componen #
#                          ts\bsp\boards\CC2530EM\ -I                         #
#                          C:\Users\freeman\Documents\work\NBK\Nikon\NikonStm #
#                          32\Nikon_Rf\SimpliciTI-IAR-1.2.0\Projects\Examples #
#                          \SRF05_8051\nik_sb5000\IAR\..\..\..\..\..\Componen #
#                          ts\mrfi\ -I C:\Users\freeman\Documents\work\NBK\Ni #
#                          kon\NikonStm32\Nikon_Rf\SimpliciTI-IAR-1.2.0\Proje #
#                          cts\Examples\SRF05_8051\nik_sb5000\IAR\..\..\..\.. #
#                          \..\Components\SimpliciTI\nwk\ -I                  #
#                          C:\Users\freeman\Documents\work\NBK\Nikon\NikonStm #
#                          32\Nikon_Rf\SimpliciTI-IAR-1.2.0\Projects\Examples #
#                          \SRF05_8051\nik_sb5000\IAR\..\..\..\Applications\  #
#                          -I C:\Users\freeman\Documents\work\NBK\Nikon\Nikon #
#                          Stm32\Nikon_Rf\SimpliciTI-IAR-1.2.0\Projects\Examp #
#                          les\SRF05_8051\nik_sb5000\IAR\..\..\..\..\..\Compo #
#                          nents\SimpliciTI\nwk_applications\ -I              #
#                          C:\Users\freeman\Documents\work\NBK\Nikon\NikonStm #
#                          32\Nikon_Rf\SimpliciTI-IAR-1.2.0\Projects\Examples #
#                          \SRF05_8051\nik_sb5000\IAR\..\..\..\..\..\Componen #
#                          ts\OSAL\INCLUDE\ -I C:\Users\freeman\Documents\wor #
#                          k\NBK\Nikon\NikonStm32\Nikon_Rf\SimpliciTI-IAR-1.2 #
#                          .0\Projects\Examples\SRF05_8051\nik_sb5000\IAR\..\ #
#                          ..\..\..\..\Components\OSAL\MCU\CCSOC\ -I          #
#                          C:\Users\freeman\Documents\work\NBK\Nikon\NikonStm #
#                          32\Nikon_Rf\SimpliciTI-IAR-1.2.0\Projects\Examples #
#                          \SRF05_8051\nik_sb5000\IAR\..\..\..\..\..\Componen #
#                          ts\HAL\INCLUDE\ -I C:\Users\freeman\Documents\work #
#                          \NBK\Nikon\NikonStm32\Nikon_Rf\SimpliciTI-IAR-1.2. #
#                          0\Projects\Examples\SRF05_8051\nik_sb5000\IAR\..\. #
#                          .\..\..\..\Components\HAL\TARGET\CC2530EB\ -I      #
#                          C:\Users\freeman\Documents\work\NBK\Nikon\NikonStm #
#                          32\Nikon_Rf\SimpliciTI-IAR-1.2.0\Projects\Examples #
#                          \SRF05_8051\nik_sb5000\IAR\..\..\..\..\..\Componen #
#                          ts\SERVICES\SADDR\ -I C:\Users\freeman\Documents\w #
#                          ork\NBK\Nikon\NikonStm32\Nikon_Rf\SimpliciTI-IAR-1 #
#                          .2.0\Projects\Examples\SRF05_8051\nik_sb5000\IAR\. #
#                          .\..\..\..\..\Components\SERVICES\SDATA\ -I        #
#                          C:\Users\freeman\Documents\work\NBK\Nikon\NikonStm #
#                          32\Nikon_Rf\SimpliciTI-IAR-1.2.0\Projects\Examples #
#                          \SRF05_8051\nik_sb5000\IAR\..\..\..\..\..\Componen #
#                          ts\MT\ -I C:\Users\freeman\Documents\work\NBK\Niko #
#                          n\NikonStm32\Nikon_Rf\SimpliciTI-IAR-1.2.0\Project #
#                          s\Examples\SRF05_8051\nik_sb5000\IAR\..\..\..\..\. #
#                          .\Components\STACK\AF\ -I                          #
#                          C:\Users\freeman\Documents\work\NBK\Nikon\NikonStm #
#                          32\Nikon_Rf\SimpliciTI-IAR-1.2.0\Projects\Examples #
#                          \SRF05_8051\nik_sb5000\IAR\..\..\..\..\..\Componen #
#                          ts\STACK\NWK\ -I C:\Users\freeman\Documents\work\N #
#                          BK\Nikon\NikonStm32\Nikon_Rf\SimpliciTI-IAR-1.2.0\ #
#                          Projects\Examples\SRF05_8051\nik_sb5000\IAR\..\..\ #
#                          ..\..\..\Components\STACK\SEC\ -I                  #
#                          C:\Users\freeman\Documents\work\NBK\Nikon\NikonStm #
#                          32\Nikon_Rf\SimpliciTI-IAR-1.2.0\Projects\Examples #
#                          \SRF05_8051\nik_sb5000\IAR\..\..\..\..\..\Componen #
#                          ts\STACK\SAPI\ -I C:\Users\freeman\Documents\work\ #
#                          NBK\Nikon\NikonStm32\Nikon_Rf\SimpliciTI-IAR-1.2.0 #
#                          \Projects\Examples\SRF05_8051\nik_sb5000\IAR\..\.. #
#                          \..\..\..\Components\STACK\SYS\ -I                 #
#                          C:\Users\freeman\Documents\work\NBK\Nikon\NikonStm #
#                          32\Nikon_Rf\SimpliciTI-IAR-1.2.0\Projects\Examples #
#                          \SRF05_8051\nik_sb5000\IAR\..\..\..\..\..\Componen #
#                          ts\STACK\ZDO\ -I C:\Users\freeman\Documents\work\N #
#                          BK\Nikon\NikonStm32\Nikon_Rf\SimpliciTI-IAR-1.2.0\ #
#                          Projects\Examples\SRF05_8051\nik_sb5000\IAR\..\..\ #
#                          ..\..\..\Components\MAC\INCLUDE\ -I                #
#                          C:\Users\freeman\Documents\work\NBK\Nikon\NikonStm #
#                          32\Nikon_Rf\SimpliciTI-IAR-1.2.0\Projects\Examples #
#                          \SRF05_8051\nik_sb5000\IAR\..\..\..\..\..\Componen #
#                          ts\MAC\HIGH_LEVEL\ -I C:\Users\freeman\Documents\w #
#                          ork\NBK\Nikon\NikonStm32\Nikon_Rf\SimpliciTI-IAR-1 #
#                          .2.0\Projects\Examples\SRF05_8051\nik_sb5000\IAR\. #
#                          .\..\..\..\..\Components\MAC\LOW_LEVEL\srf04\ -I   #
#                          C:\Users\freeman\Documents\work\NBK\Nikon\NikonStm #
#                          32\Nikon_Rf\SimpliciTI-IAR-1.2.0\Projects\Examples #
#                          \SRF05_8051\nik_sb5000\IAR\..\..\..\..\..\Componen #
#                          ts\MAC\LOW_LEVEL\srf04\SINGLE_CHIP\ -Ohz           #
#                          --require_prototypes                               #
#    List file          =  C:\Users\freeman\Documents\work\NBK\Nikon\NikonStm #
#                          32\Nikon_Rf\SimpliciTI-IAR-1.2.0\Projects\Examples #
#                          \SRF05_8051\nik_sb5000\IAR\LinkTo\List\mac_low_lev #
#                          el.lst                                             #
#    Object file        =  C:\Users\freeman\Documents\work\NBK\Nikon\NikonStm #
#                          32\Nikon_Rf\SimpliciTI-IAR-1.2.0\Projects\Examples #
#                          \SRF05_8051\nik_sb5000\IAR\LinkTo\Obj\mac_low_leve #
#                          l.r51                                              #
#                                                                             #
#                                                                             #
###############################################################################

C:\Users\freeman\Documents\work\NBK\Nikon\NikonStm32\Nikon_Rf\SimpliciTI-IAR-1.2.0\Components\mac\low_level\srf04\mac_low_level.c
      1          /**************************************************************************************************
      2            Filename:       mac_low_level.c
      3            Revised:        $Date: 2007-09-11 10:58:41 -0700 (Tue, 11 Sep 2007) $
      4            Revision:       $Revision: 15371 $
      5          
      6            Description:    Describe the purpose and contents of the file.
      7          
      8          
      9            Copyright 2006-2009 Texas Instruments Incorporated. All rights reserved.
     10          
     11            IMPORTANT: Your use of this Software is limited to those specific rights
     12            granted under the terms of a software license agreement between the user
     13            who downloaded the software, his/her employer (which must be your employer)
     14            and Texas Instruments Incorporated (the "License").  You may not use this
     15            Software unless you agree to abide by the terms of the License. The License
     16            limits your use, and you acknowledge, that the Software may not be modified,
     17            copied or distributed unless embedded on a Texas Instruments microcontroller
     18            or used solely and exclusively in conjunction with a Texas Instruments radio
     19            frequency transceiver, which is integrated into your product.  Other than for
     20            the foregoing purpose, you may not use, reproduce, copy, prepare derivative
     21            works of, modify, distribute, perform, display or sell this Software and/or
     22            its documentation for any purpose.
     23          
     24            YOU FURTHER ACKNOWLEDGE AND AGREE THAT THE SOFTWARE AND DOCUMENTATION ARE
     25            PROVIDED “AS IS” WITHOUT WARRANTY OF ANY KIND, EITHER EXPRESS OR IMPLIED,
     26            INCLUDING WITHOUT LIMITATION, ANY WARRANTY OF MERCHANTABILITY, TITLE,
     27            NON-INFRINGEMENT AND FITNESS FOR A PARTICULAR PURPOSE. IN NO EVENT SHALL
     28            TEXAS INSTRUMENTS OR ITS LICENSORS BE LIABLE OR OBLIGATED UNDER CONTRACT,
     29            NEGLIGENCE, STRICT LIABILITY, CONTRIBUTION, BREACH OF WARRANTY, OR OTHER
     30            LEGAL EQUITABLE THEORY ANY DIRECT OR INDIRECT DAMAGES OR EXPENSES
     31            INCLUDING BUT NOT LIMITED TO ANY INCIDENTAL, SPECIAL, INDIRECT, PUNITIVE
     32            OR CONSEQUENTIAL DAMAGES, LOST PROFITS OR LOST DATA, COST OF PROCUREMENT
     33            OF SUBSTITUTE GOODS, TECHNOLOGY, SERVICES, OR ANY CLAIMS BY THIRD PARTIES
     34            (INCLUDING BUT NOT LIMITED TO ANY DEFENSE THEREOF), OR OTHER SIMILAR COSTS.
     35          
     36            Should you have any questions regarding your right to use this Software,
     37            contact Texas Instruments Incorporated at www.TI.com.
     38          **************************************************************************************************/
     39          
     40          /* ------------------------------------------------------------------------------------------------
     41           *                                          Includes
     42           * ------------------------------------------------------------------------------------------------
     43           */
     44          
     45          /* hal */
     46          #include "hal_types.h"
     47          #include "hal_mcu.h"

   \                                 In  segment SFR_AN, at 0xa8
   \   union <unnamed> volatile __sfr _A_IEN0
   \                     _A_IEN0:
   \   000000                DS 1
     48          
     49          /* exported low-level */
     50          #include "mac_low_level.h"
     51          
     52          /* low-level specific */
     53          #include "mac_radio.h"
     54          #include "mac_rx.h"
     55          #include "mac_tx.h"
     56          #include "mac_rx_onoff.h"
     57          #include "mac_backoff_timer.h"
     58          #include "mac_sleep.h"
     59          
     60          /* target specific */
     61          #include "mac_radio_defs.h"
     62          
     63          /* debug */
     64          #include "mac_assert.h"
     65          
     66          #if !defined ( HAL_CLOCK_CRYSTAL )
     67          /* DCO has a frequency error of 2% */

   \                                 In  segment CODE_C, align 1
     68          const uint16 CODE macBeaconMarginDCO[] =
   \                     macBeaconMarginDCO:
   \   000000   0300         DW 3
   \   000002   0300         DW 3
   \   000004   0400         DW 4
   \   000006   0800         DW 8
   \   000008   1000         DW 16
   \   00000A   1F00         DW 31
   \   00000C   3E00         DW 62
   \   00000E   7B00         DW 123
   \   000010   F600         DW 246
   \   000012   EC01         DW 492
   \   000014   D703         DW 983
   \   000016   AF07         DW 1967
   \   000018   5D0F         DW 3933
   \   00001A   B91E         DW 7865
   \   00001C   713D         DW 15729
   \   00001E   0000         DW 0
     69          {
     70            3,
     71            3,
     72            4,
     73            8,
     74            16,
     75            31,
     76            62,
     77            123,
     78            246,
     79            492,
     80            983,
     81            1967,
     82            3933,
     83            7865,
     84            15729,
     85            0
     86          };
     87          #endif
     88          
     89          /**************************************************************************************************
     90           * @fn          macLowLevelInit
     91           *
     92           * @brief       Initialize low-level MAC.  Called only once on system power-up.
     93           *
     94           * @param       none
     95           *
     96           * @return      none
     97           **************************************************************************************************
     98           */

   \                                 In  segment BANKED_CODE, align 1, keep-with-next
     99          MAC_INTERNAL_API void macLowLevelInit(void)
   \                     macLowLevelInit:
    100          {
   \   000000   C082         PUSH    DPL
   \   000002   C083         PUSH    DPH
   \   000004                ; Saved register size: 2
   \   000004                ; Auto size: 0
    101          
    102            /* initialize mcu before anything else */
    103            
    104            MAC_RADIO_MCU_INIT();
   \   000004                ; Setup parameters for call to function macMcuInit
   \   000004   12....       LCALL   ??macMcuInit?relay
    105          
    106          
    107            /* initialize (override) beacon margin timing table */
    108          #if !defined ( HAL_CLOCK_CRYSTAL )
    109            {
    110              uint8 i;
    111          
    112              for (i = 0; i < sizeof(macBeaconMarginDCO)/sizeof(macBeaconMarginDCO[0]); i++)
   \   000007   7C00         MOV     R4,#0x0
    113              {
    114                macBeaconMargin[i] = macBeaconMarginDCO[i];
   \                     ??macLowLevelInit_0:
   \   000009   EC           MOV     A,R4
   \   00000A   C3           CLR     C
   \   00000B   33           RLC     A
   \   00000C   F8           MOV     R0,A
   \   00000D   E4           CLR     A
   \   00000E   33           RLC     A
   \   00000F   F9           MOV     R1,A
   \   000010   74..         MOV     A,#macBeaconMarginDCO & 0xff
   \   000012   28           ADD     A,R0
   \   000013   F582         MOV     DPL,A
   \   000015   74..         MOV     A,#(macBeaconMarginDCO >> 8) & 0xff
   \   000017   39           ADDC    A,R1
   \   000018   F583         MOV     DPH,A
   \   00001A   E4           CLR     A
   \   00001B   93           MOVC    A,@A+DPTR
   \   00001C   FA           MOV     R2,A
   \   00001D   7401         MOV     A,#0x1
   \   00001F   93           MOVC    A,@A+DPTR
   \   000020   FB           MOV     R3,A
   \   000021   74..         MOV     A,#macBeaconMargin & 0xff
   \   000023   28           ADD     A,R0
   \   000024   F582         MOV     DPL,A
   \   000026   74..         MOV     A,#(macBeaconMargin >> 8) & 0xff
   \   000028   39           ADDC    A,R1
   \   000029   F583         MOV     DPH,A
   \   00002B   EA           MOV     A,R2
   \   00002C   F0           MOVX    @DPTR,A
   \   00002D   A3           INC     DPTR
   \   00002E   EB           MOV     A,R3
   \   00002F   F0           MOVX    @DPTR,A
    115              }
   \   000030   0C           INC     R4
   \   000031   EC           MOV     A,R4
   \   000032   C3           CLR     C
   \   000033   9410         SUBB    A,#0x10
   \   000035   40D2         JC      ??macLowLevelInit_0
    116            }
    117          #endif
    118          
    119            /* software initialziation */
    120            macRadioInit();
   \   000037                ; Setup parameters for call to function macRadioInit
   \   000037   12....       LCALL   ??macRadioInit?relay
    121            macRxOnOffInit();
   \   00003A                ; Setup parameters for call to function macRxOnOffInit
   \   00003A   12....       LCALL   ??macRxOnOffInit?relay
    122            macRxInit();
   \   00003D                ; Setup parameters for call to function macRxInit
   \   00003D   12....       LCALL   ??macRxInit?relay
    123            macTxInit();
   \   000040                ; Setup parameters for call to function macTxInit
   \   000040   12....       LCALL   ??macTxInit?relay
    124            //macBackoffTimerInit();
    125          }
   \   000043                REQUIRE ?Subroutine0
   \   000043                ; // Fall through to label ?Subroutine0

   \                                 In  segment BANKED_CODE, align 1, keep-with-next
   \                     ?Subroutine0:
   \   000000   D083         POP     DPH
   \   000002   D082         POP     DPL
   \   000004   02....       LJMP    ?BRET
    126          
    127          
    128          /**************************************************************************************************
    129           * @fn          macLowLevelReset
    130           *
    131           * @brief       Reset low-level MAC.
    132           *
    133           * @param       none
    134           *
    135           * @return      none
    136           **************************************************************************************************
    137           */

   \                                 In  segment BANKED_CODE, align 1, keep-with-next
    138          MAC_INTERNAL_API void macLowLevelReset(void)
   \                     macLowLevelReset:
    139          {
   \   000000   C082         PUSH    DPL
   \   000002   C083         PUSH    DPH
   \   000004                ; Saved register size: 2
   \   000004                ; Auto size: 0
    140            MAC_ASSERT(!HAL_INTERRUPTS_ARE_ENABLED());   /* interrupts must be disabled */
   \   000004   A2AF         MOV     C,0xa8.7
   \   000006   5003         JNC     ??macLowLevelReset_0
   \   000008                ; Setup parameters for call to function halAssertHandler
   \   000008   12....       LCALL   ??halAssertHandler?relay
    141          
    142            /* reset radio modules;  if not awake, skip this */
    143            if (macSleepState == MAC_SLEEP_STATE_AWAKE)
   \                     ??macLowLevelReset_0:
   \   00000B   90....       MOV     DPTR,#macSleepState
   \   00000E   E0           MOVX    A,@DPTR
   \   00000F   7006         JNZ     ??macLowLevelReset_1
    144            {
    145              macRxTxReset();
   \   000011                ; Setup parameters for call to function macRxTxReset
   \   000011   12....       LCALL   ??macRxTxReset?relay
    146              macRadioReset();
   \   000014                ; Setup parameters for call to function macRadioReset
   \   000014   12....       LCALL   ??macRadioReset?relay
    147            }
    148          
    149            /* reset timer */
    150            macBackoffTimerReset();
   \                     ??macLowLevelReset_1:
   \   000017                ; Setup parameters for call to function macBackoffTimerReset
   \   000017   12....       LCALL   ??macBackoffTimerReset?relay
    151          
    152            /* power up the radio */
    153            macSleepWakeUp();
   \   00001A                ; Setup parameters for call to function macSleepWakeUp
   \   00001A   12....       LCALL   ??macSleepWakeUp?relay
    154          }
   \   00001D   80..         SJMP    ?Subroutine0
   \   00001F                REQUIRE _A_IEN0

   \                                 In  segment BANK_RELAYS, align 1
   \                     ??macLowLevelInit?relay:
   \   000000   12....       LCALL   ?BDISPATCH
   \   000003   ......       DC24    macLowLevelInit

   \                                 In  segment BANK_RELAYS, align 1
   \                     ??macLowLevelReset?relay:
   \   000000   12....       LCALL   ?BDISPATCH
   \   000003   ......       DC24    macLowLevelReset
    155          
    156          
    157          /**************************************************************************************************
    158          */

   Maximum stack usage in bytes:

     Function                  ISTACK PSTACK XSTACK
     --------                  ------ ------ ------
     macLowLevelInit               2      0      0
       -> macMcuInit               4      0      0
       -> macRadioInit             4      0      0
       -> macRxOnOffInit           4      0      0
       -> macRxInit                4      0      0
       -> macTxInit                4      0      0
     macLowLevelReset              2      0      0
       -> halAssertHandler         4      0      0
       -> macRxTxReset             4      0      0
       -> macRadioReset            4      0      0
       -> macBackoffTimerReset     4      0      0
       -> macSleepWakeUp           4      0      0


   Segment part sizes:

     Function/Label           Bytes
     --------------           -----
     _A_IEN0                     1
     macBeaconMarginDCO         32
     macLowLevelInit            67
     ?Subroutine0                7
     macLowLevelReset           31
     ??macLowLevelInit?relay     6
     ??macLowLevelReset?relay    6

 
 105 bytes in segment BANKED_CODE
  12 bytes in segment BANK_RELAYS
  32 bytes in segment CODE_C
   1 byte  in segment SFR_AN
 
 149 bytes of CODE memory
   0 bytes of DATA memory (+ 1 byte shared)

Errors: none
Warnings: none
