###############################################################################
#                                                                             #
# IAR C/C++ Compiler V8.10.4.40412/W32 for 8051         17/Jul/2016  18:16:34 #
# Copyright 2004-2011 IAR Systems AB.                                         #
#                                                                             #
#    Core               =  plain                                              #
#    Code model         =  banked                                             #
#    Data model         =  large                                              #
#    Calling convention =  xdata reentrant                                    #
#    Constant location  =  data                                               #
#    Dptr setup         =  1,16                                               #
#    Source file        =  C:\Users\freeman\Documents\work\NBK\Nikon\test\Sim #
#                          pliciTI-IAR-1.2.0\Components\mt\DebugTrace.c       #
#    Command line       =  -f C:\Users\freeman\Documents\work\NBK\Nikon\test\ #
#                          SimpliciTI-IAR-1.2.0\Projects\Examples\SRF05_8051\ #
#                          UART_Bridge\IAR\Configuration\LinkTo\smpl_config.d #
#                          at ("-DTHIS_DEVICE_ADDRESS={0x79, 0x56, 0x34,      #
#                          0x12}" -DxNWK_PLL_REFERENCE_CLOCK -DLINK_TO) -f    #
#                          C:\Users\freeman\Documents\work\NBK\Nikon\test\Sim #
#                          pliciTI-IAR-1.2.0\Projects\Examples\SRF05_8051\UAR #
#                          T_Bridge\IAR\Configuration\smpl_nwk_config.dat     #
#                          (-DMAX_HOPS=3 -DMAX_HOPS_FROM_AP=1                 #
#                          -DMAX_NWK_PAYLOAD=34 -DMAX_APP_PAYLOAD=10          #
#                          -DDEFAULT_LINK_TOKEN=0x01020304                    #
#                          -DDEFAULT_JOIN_TOKEN=0x05060708                    #
#                          -DxFREQUENCY_AGILITY -DxAPP_AUTO_ACK               #
#                          -DxEXTENDED_API -DxSMPL_SECURE                     #
#                          -DxNVOBJECT_SUPPORT -DxSW_TIMER                    #
#                          -DNUM_CONNECTIONS=2 -DSIZE_INFRAME_Q=4             #
#                          -DSIZE_OUTFRAME_Q=2 -DxFREQUENCY_HOPPING           #
#                          -DNWK_PLL_SHOW_LOCATION_INDICATORS                 #
#                          -DUART_NUMBER=UART_NUMBER_0                        #
#                          -DUART_LOCATION=UART_LOCATION_1                    #
#                          -DUART_BAUD_RATE=115200 -DUART_FLOW_CONTROL=UART_F #
#                          LOW_CONTROL_OFF -DUART_PARITY_MODE=UART_PARITY_NON #
#                          E -DUART_STOP_BITS=UART_1_STOP_BIT                 #
#                          -DBSP_TIMER_USED=1 -DEND_DEVICE)                   #
#                          C:\Users\freeman\Documents\work\NBK\Nikon\test\Sim #
#                          pliciTI-IAR-1.2.0\Components\mt\DebugTrace.c -D    #
#                          MCU_H=<ioCC2530.h> -D MRFI_CC2530 -lC              #
#                          C:\Users\freeman\Documents\work\NBK\Nikon\test\Sim #
#                          pliciTI-IAR-1.2.0\Projects\Examples\SRF05_8051\UAR #
#                          T_Bridge\IAR\LinkTo\List\ -lA                      #
#                          C:\Users\freeman\Documents\work\NBK\Nikon\test\Sim #
#                          pliciTI-IAR-1.2.0\Projects\Examples\SRF05_8051\UAR #
#                          T_Bridge\IAR\LinkTo\List\ -o                       #
#                          C:\Users\freeman\Documents\work\NBK\Nikon\test\Sim #
#                          pliciTI-IAR-1.2.0\Projects\Examples\SRF05_8051\UAR #
#                          T_Bridge\IAR\LinkTo\Obj\ -e --debug --core=plain   #
#                          --dptr=16,1 --data_model=large                     #
#                          --code_model=banked --calling_convention=xdata_ree #
#                          ntrant --place_constants=data --nr_virtual_regs    #
#                          16 -I C:\Users\freeman\Documents\work\NBK\Nikon\te #
#                          st\SimpliciTI-IAR-1.2.0\Projects\Examples\SRF05_80 #
#                          51\UART_Bridge\IAR\..\..\..\..\..\Components\bsp\  #
#                          -I C:\Users\freeman\Documents\work\NBK\Nikon\test\ #
#                          SimpliciTI-IAR-1.2.0\Projects\Examples\SRF05_8051\ #
#                          UART_Bridge\IAR\..\..\..\..\..\Components\bsp\driv #
#                          ers\ -I C:\Users\freeman\Documents\work\NBK\Nikon\ #
#                          test\SimpliciTI-IAR-1.2.0\Projects\Examples\SRF05_ #
#                          8051\UART_Bridge\IAR\..\..\..\..\..\Components\bsp #
#                          \boards\CC2530EM\ -I C:\Users\freeman\Documents\wo #
#                          rk\NBK\Nikon\test\SimpliciTI-IAR-1.2.0\Projects\Ex #
#                          amples\SRF05_8051\UART_Bridge\IAR\..\..\..\..\..\C #
#                          omponents\mrfi\ -I C:\Users\freeman\Documents\work #
#                          \NBK\Nikon\test\SimpliciTI-IAR-1.2.0\Projects\Exam #
#                          ples\SRF05_8051\UART_Bridge\IAR\..\..\..\..\..\Com #
#                          ponents\SimpliciTI\nwk\ -I                         #
#                          C:\Users\freeman\Documents\work\NBK\Nikon\test\Sim #
#                          pliciTI-IAR-1.2.0\Projects\Examples\SRF05_8051\UAR #
#                          T_Bridge\IAR\..\..\..\Applications\ -I             #
#                          C:\Users\freeman\Documents\work\NBK\Nikon\test\Sim #
#                          pliciTI-IAR-1.2.0\Projects\Examples\SRF05_8051\UAR #
#                          T_Bridge\IAR\..\..\..\..\..\Components\SimpliciTI\ #
#                          nwk_applications\ -I C:\Users\freeman\Documents\wo #
#                          rk\NBK\Nikon\test\SimpliciTI-IAR-1.2.0\Projects\Ex #
#                          amples\SRF05_8051\UART_Bridge\IAR\..\..\..\..\..\C #
#                          omponents\OSAL\INCLUDE\ -I                         #
#                          C:\Users\freeman\Documents\work\NBK\Nikon\test\Sim #
#                          pliciTI-IAR-1.2.0\Projects\Examples\SRF05_8051\UAR #
#                          T_Bridge\IAR\..\..\..\..\..\Components\OSAL\MCU\CC #
#                          SOC\ -I C:\Users\freeman\Documents\work\NBK\Nikon\ #
#                          test\SimpliciTI-IAR-1.2.0\Projects\Examples\SRF05_ #
#                          8051\UART_Bridge\IAR\..\..\..\..\..\Components\HAL #
#                          \INCLUDE\ -I C:\Users\freeman\Documents\work\NBK\N #
#                          ikon\test\SimpliciTI-IAR-1.2.0\Projects\Examples\S #
#                          RF05_8051\UART_Bridge\IAR\..\..\..\..\..\Component #
#                          s\HAL\TARGET\CC2530EB\ -I                          #
#                          C:\Users\freeman\Documents\work\NBK\Nikon\test\Sim #
#                          pliciTI-IAR-1.2.0\Projects\Examples\SRF05_8051\UAR #
#                          T_Bridge\IAR\..\..\..\..\..\Components\SERVICES\SA #
#                          DDR\ -I C:\Users\freeman\Documents\work\NBK\Nikon\ #
#                          test\SimpliciTI-IAR-1.2.0\Projects\Examples\SRF05_ #
#                          8051\UART_Bridge\IAR\..\..\..\..\..\Components\SER #
#                          VICES\SDATA\ -I C:\Users\freeman\Documents\work\NB #
#                          K\Nikon\test\SimpliciTI-IAR-1.2.0\Projects\Example #
#                          s\SRF05_8051\UART_Bridge\IAR\..\..\..\..\..\Compon #
#                          ents\MT\ -I C:\Users\freeman\Documents\work\NBK\Ni #
#                          kon\test\SimpliciTI-IAR-1.2.0\Projects\Examples\SR #
#                          F05_8051\UART_Bridge\IAR\..\..\..\..\..\Components #
#                          \STACK\AF\ -I C:\Users\freeman\Documents\work\NBK\ #
#                          Nikon\test\SimpliciTI-IAR-1.2.0\Projects\Examples\ #
#                          SRF05_8051\UART_Bridge\IAR\..\..\..\..\..\Componen #
#                          ts\STACK\NWK\ -I C:\Users\freeman\Documents\work\N #
#                          BK\Nikon\test\SimpliciTI-IAR-1.2.0\Projects\Exampl #
#                          es\SRF05_8051\UART_Bridge\IAR\..\..\..\..\..\Compo #
#                          nents\STACK\SEC\ -I C:\Users\freeman\Documents\wor #
#                          k\NBK\Nikon\test\SimpliciTI-IAR-1.2.0\Projects\Exa #
#                          mples\SRF05_8051\UART_Bridge\IAR\..\..\..\..\..\Co #
#                          mponents\STACK\SAPI\ -I C:\Users\freeman\Documents #
#                          \work\NBK\Nikon\test\SimpliciTI-IAR-1.2.0\Projects #
#                          \Examples\SRF05_8051\UART_Bridge\IAR\..\..\..\..\. #
#                          .\Components\STACK\SYS\ -I                         #
#                          C:\Users\freeman\Documents\work\NBK\Nikon\test\Sim #
#                          pliciTI-IAR-1.2.0\Projects\Examples\SRF05_8051\UAR #
#                          T_Bridge\IAR\..\..\..\..\..\Components\STACK\ZDO\  #
#                          -Ohz --require_prototypes                          #
#    List file          =  C:\Users\freeman\Documents\work\NBK\Nikon\test\Sim #
#                          pliciTI-IAR-1.2.0\Projects\Examples\SRF05_8051\UAR #
#                          T_Bridge\IAR\LinkTo\List\DebugTrace.lst            #
#    Object file        =  C:\Users\freeman\Documents\work\NBK\Nikon\test\Sim #
#                          pliciTI-IAR-1.2.0\Projects\Examples\SRF05_8051\UAR #
#                          T_Bridge\IAR\LinkTo\Obj\DebugTrace.r51             #
#                                                                             #
#                                                                             #
###############################################################################

C:\Users\freeman\Documents\work\NBK\Nikon\test\SimpliciTI-IAR-1.2.0\Components\mt\DebugTrace.c
      1          /**************************************************************************************************
      2            Filename:       DebugTrace.c
      3            Revised:        $Date: 2008-01-17 12:22:57 -0800 (Thu, 17 Jan 2008) $
      4            Revision:       $Revision: 16223 $
      5          
      6          
      7            Description:    This interface provides quick one-function-call functions to
      8                            Monitor and Test reporting mechanisms.
      9          
     10          
     11            Copyright 2007 Texas Instruments Incorporated. All rights reserved.
     12          
     13            IMPORTANT: Your use of this Software is limited to those specific rights
     14            granted under the terms of a software license agreement between the user
     15            who downloaded the software, his/her employer (which must be your employer)
     16            and Texas Instruments Incorporated (the "License").  You may not use this
     17            Software unless you agree to abide by the terms of the License. The License
     18            limits your use, and you acknowledge, that the Software may not be modified,
     19            copied or distributed unless embedded on a Texas Instruments microcontroller
     20            or used solely and exclusively in conjunction with a Texas Instruments radio
     21            frequency transceiver, which is integrated into your product.  Other than for
     22            the foregoing purpose, you may not use, reproduce, copy, prepare derivative
     23            works of, modify, distribute, perform, display or sell this Software and/or
     24            its documentation for any purpose.
     25          
     26            YOU FURTHER ACKNOWLEDGE AND AGREE THAT THE SOFTWARE AND DOCUMENTATION ARE
     27            PROVIDED “AS IS” WITHOUT WARRANTY OF ANY KIND, EITHER EXPRESS OR IMPLIED,
     28            INCLUDING WITHOUT LIMITATION, ANY WARRANTY OF MERCHANTABILITY, TITLE,
     29            NON-INFRINGEMENT AND FITNESS FOR A PARTICULAR PURPOSE. IN NO EVENT SHALL
     30            TEXAS INSTRUMENTS OR ITS LICENSORS BE LIABLE OR OBLIGATED UNDER CONTRACT,
     31            NEGLIGENCE, STRICT LIABILITY, CONTRIBUTION, BREACH OF WARRANTY, OR OTHER
     32            LEGAL EQUITABLE THEORY ANY DIRECT OR INDIRECT DAMAGES OR EXPENSES
     33            INCLUDING BUT NOT LIMITED TO ANY INCIDENTAL, SPECIAL, INDIRECT, PUNITIVE
     34            OR CONSEQUENTIAL DAMAGES, LOST PROFITS OR LOST DATA, COST OF PROCUREMENT
     35            OF SUBSTITUTE GOODS, TECHNOLOGY, SERVICES, OR ANY CLAIMS BY THIRD PARTIES
     36            (INCLUDING BUT NOT LIMITED TO ANY DEFENSE THEREOF), OR OTHER SIMILAR COSTS.
     37          
     38            Should you have any questions regarding your right to use this Software,
     39            contact Texas Instruments Incorporated at www.TI.com.
     40          
     41          **************************************************************************************************/
     42          
     43          #if defined( MT_TASK ) || defined( APP_DEBUG )
     44          
     45          /*********************************************************************
     46           * INCLUDES
     47           */
     48          #include "ZComDef.h"
     49          #include "OSAL.h"
     50          #include "MT.h"
     51          #include "MT_TASK.h"
     52          #include "MT_DEBUG.h"
     53          #include "DebugTrace.h"
     54          
     55          #if defined ( APP_DEBUG )
     56            #include "DebugApp.h"
     57          #endif
     58          
     59           /*********************************************************************
     60           * MACROS
     61           */
     62          
     63          /*********************************************************************
     64           * CONSTANTS
     65           */
     66          
     67          
     68          /*********************************************************************
     69           * TYPEDEFS
     70           */
     71          
     72          /*********************************************************************
     73           * GLOBAL VARIABLES
     74           */
     75          
     76          /*********************************************************************
     77           * EXTERNAL VARIABLES
     78           */
     79          
     80          /*********************************************************************
     81           * EXTERNAL FUNCTIONS
     82           */
     83          
     84           /*********************************************************************
     85           * LOCAL VARIABLES
     86           */
     87          
     88          /*********************************************************************
     89           * LOCAL FUNCTIONS
     90           */
     91          
     92          /*********************************************************************
     93           * @fn      debug_msg
     94           *
     95           * @brief
     96           *
     97           *   This feature allows modules to display debug information as
     98           *   applications execute in real-time.  This feature will work similar
     99           *   to "printf()" but will output to the serial port for display in
    100           *   the Z-Test tool.
    101           *
    102           *   This feature will most likely be compiled out in the production code
    103           *   to save code space.
    104           *
    105           * @param   byte compID - Component ID
    106           * @param   byte severity - CRITICAL(0x01), ERROR(0x02), INFORMATION(0x03)
    107           *                          or TRACE(0x04)
    108           * @param   byte numParams - number of parameter fields (param1-3)
    109           * @param   UINT16 param1 - user defined data
    110           * @param   UINT16 param2 - user defined data
    111           * @param   UINT16 param3 - user defined data
    112           *
    113           * @return  void
    114           */
    115          void debug_msg( byte compID, byte severity, byte numParams, UINT16 param1,
    116          																								UINT16 param2, UINT16 param3 )
    117          {
    118          
    119            mtDebugMsg_t *mtDebugMsg;
    120            UINT16 timestamp;
    121          
    122            if ( debugThreshold == 0 || debugCompId != compID )
    123              return;
    124          
    125            // Fill in the timestamp
    126            timestamp = 0;
    127          
    128            // Get a message buffer to build the debug message
    129            mtDebugMsg = (mtDebugMsg_t *)osal_msg_allocate( sizeof( mtDebugMsg_t ) );
    130            if ( mtDebugMsg )
    131            {
    132                mtDebugMsg->hdr.event = CMD_DEBUG_MSG;
    133                mtDebugMsg->compID = compID;
    134                mtDebugMsg->severity = severity;
    135                mtDebugMsg->numParams = numParams;
    136          
    137                mtDebugMsg->param1 = param1;
    138                mtDebugMsg->param2 = param2;
    139                mtDebugMsg->param3 = param3;
    140                mtDebugMsg->timestamp = timestamp;
    141          
    142                osal_msg_send( MT_TaskID, (uint8 *)mtDebugMsg );
    143            }
    144          
    145          } /* debug_msg() */
    146          
    147          /*********************************************************************
    148           * @fn      debug_str
    149           *
    150           * @brief
    151           *
    152           *   This feature allows modules to display a debug text string as
    153           *   applications execute in real-time. This feature will output to
    154           *   the serial port for display in the Z-Test tool.
    155           *
    156           *   This feature will most likely be compiled out in the production
    157           *   code in order to save code space.
    158           *
    159           * @param   byte *str_ptr - pointer to null-terminated string
    160           *
    161           * @return  void
    162           */
    163          void debug_str( byte *str_ptr )
    164          {
    165            mtDebugStr_t *msg;
    166            byte mln;
    167            byte strLen;
    168          
    169            // Text string length
    170            strLen = (byte)osal_strlen( (void*)str_ptr );
    171          
    172            // Debug string message length
    173            mln = sizeof ( mtDebugStr_t ) + strLen;
    174          
    175            // Get a message buffer to build the debug message
    176            msg = (mtDebugStr_t *)osal_msg_allocate( mln );
    177            if ( msg )
    178            {
    179              // Message type, length
    180              msg->hdr.event = CMD_DEBUG_STR;
    181              msg->strLen = strLen;
    182          
    183              // Append message, no terminator
    184              msg->pString = (uint8 *)(msg+1);
    185              osal_memcpy ( msg->pString, str_ptr, strLen );
    186          
    187              osal_msg_send( MT_TaskID, (uint8 *)msg );
    188            }
    189          } // debug_str()
    190          
    191          /*********************************************************************
    192          *********************************************************************/
    193          #endif  // MT_TASK


 
 
 0 bytes of memory

Errors: none
Warnings: none
