###############################################################################
#                                                                             #
# IAR C/C++ Compiler V8.10.4.40412/W32 for 8051         26/Jul/2016  22:47:49 #
# Copyright 2004-2011 IAR Systems AB.                                         #
#                                                                             #
#    Core               =  plain                                              #
#    Code model         =  banked                                             #
#    Data model         =  large                                              #
#    Calling convention =  xdata reentrant                                    #
#    Constant location  =  data                                               #
#    Dptr setup         =  1,16                                               #
#    Source file        =  C:\Users\freeman\Documents\work\NBK\Nikon\Nikon_Rf #
#                          \SimpliciTI-IAR-1.2.0\Components\mrfi\mrfi.c       #
#    Command line       =  -f C:\Users\freeman\Documents\work\NBK\Nikon\Nikon #
#                          _Rf\SimpliciTI-IAR-1.2.0\Projects\Examples\SRF05_8 #
#                          051\nik_sb5000\IAR\Configuration\LinkTo\smpl_confi #
#                          g.dat ("-DTHIS_DEVICE_ADDRESS={0x79, 0x56, 0x34,   #
#                          0x12}" -DxNWK_PLL_REFERENCE_CLOCK -DLINK_TO) -f    #
#                          C:\Users\freeman\Documents\work\NBK\Nikon\Nikon_Rf #
#                          \SimpliciTI-IAR-1.2.0\Projects\Examples\SRF05_8051 #
#                          \nik_sb5000\IAR\Configuration\smpl_nwk_config.dat  #
#                          (-DMAX_HOPS=3 -DMAX_HOPS_FROM_AP=1                 #
#                          -DMAX_NWK_PAYLOAD=34 -DMAX_APP_PAYLOAD=10          #
#                          -DDEFAULT_LINK_TOKEN=0x01020304                    #
#                          -DDEFAULT_JOIN_TOKEN=0x05060708                    #
#                          -DxFREQUENCY_AGILITY -DxAPP_AUTO_ACK               #
#                          -DxEXTENDED_API -DxSMPL_SECURE                     #
#                          -DxNVOBJECT_SUPPORT -DxSW_TIMER                    #
#                          -DNUM_CONNECTIONS=2 -DSIZE_INFRAME_Q=4             #
#                          -DSIZE_OUTFRAME_Q=2 -DxFREQUENCY_HOPPING           #
#                          -DNWK_PLL_SHOW_LOCATION_INDICATORS                 #
#                          -DUART_NUMBER=UART_NUMBER_0                        #
#                          -DUART_LOCATION=UART_LOCATION_1                    #
#                          -DUART_BAUD_RATE=115200 -DUART_FLOW_CONTROL=UART_F #
#                          LOW_CONTROL_OFF -DUART_PARITY_MODE=UART_PARITY_NON #
#                          E -DUART_STOP_BITS=UART_1_STOP_BIT                 #
#                          -DBSP_TIMER_USED=1 -DEND_DEVICE)                   #
#                          C:\Users\freeman\Documents\work\NBK\Nikon\Nikon_Rf #
#                          \SimpliciTI-IAR-1.2.0\Components\mrfi\mrfi.c -D    #
#                          MCU_H=<ioCC2530.h> -D MRFI_CC2530 -D ZTOOL_P1 -D   #
#                          MRFI_PA_LNA_ENABLED -lC C:\Users\freeman\Documents #
#                          \work\NBK\Nikon\Nikon_Rf\SimpliciTI-IAR-1.2.0\Proj #
#                          ects\Examples\SRF05_8051\nik_sb5000\IAR\LinkTo\Lis #
#                          t\ -lA C:\Users\freeman\Documents\work\NBK\Nikon\N #
#                          ikon_Rf\SimpliciTI-IAR-1.2.0\Projects\Examples\SRF #
#                          05_8051\nik_sb5000\IAR\LinkTo\List\ -o             #
#                          C:\Users\freeman\Documents\work\NBK\Nikon\Nikon_Rf #
#                          \SimpliciTI-IAR-1.2.0\Projects\Examples\SRF05_8051 #
#                          \nik_sb5000\IAR\LinkTo\Obj\ -e --debug             #
#                          --core=plain --dptr=16,1 --data_model=large        #
#                          --code_model=banked --calling_convention=xdata_ree #
#                          ntrant --place_constants=data --nr_virtual_regs    #
#                          16 -I C:\Users\freeman\Documents\work\NBK\Nikon\Ni #
#                          kon_Rf\SimpliciTI-IAR-1.2.0\Projects\Examples\SRF0 #
#                          5_8051\nik_sb5000\IAR\..\..\..\..\..\Components\bs #
#                          p\ -I C:\Users\freeman\Documents\work\NBK\Nikon\Ni #
#                          kon_Rf\SimpliciTI-IAR-1.2.0\Projects\Examples\SRF0 #
#                          5_8051\nik_sb5000\IAR\..\..\..\..\..\Components\bs #
#                          p\drivers\ -I C:\Users\freeman\Documents\work\NBK\ #
#                          Nikon\Nikon_Rf\SimpliciTI-IAR-1.2.0\Projects\Examp #
#                          les\SRF05_8051\nik_sb5000\IAR\..\..\..\..\..\Compo #
#                          nents\bsp\boards\CC2530EM\ -I                      #
#                          C:\Users\freeman\Documents\work\NBK\Nikon\Nikon_Rf #
#                          \SimpliciTI-IAR-1.2.0\Projects\Examples\SRF05_8051 #
#                          \nik_sb5000\IAR\..\..\..\..\..\Components\mrfi\    #
#                          -I C:\Users\freeman\Documents\work\NBK\Nikon\Nikon #
#                          _Rf\SimpliciTI-IAR-1.2.0\Projects\Examples\SRF05_8 #
#                          051\nik_sb5000\IAR\..\..\..\..\..\Components\Simpl #
#                          iciTI\nwk\ -I C:\Users\freeman\Documents\work\NBK\ #
#                          Nikon\Nikon_Rf\SimpliciTI-IAR-1.2.0\Projects\Examp #
#                          les\SRF05_8051\nik_sb5000\IAR\..\..\..\Application #
#                          s\ -I C:\Users\freeman\Documents\work\NBK\Nikon\Ni #
#                          kon_Rf\SimpliciTI-IAR-1.2.0\Projects\Examples\SRF0 #
#                          5_8051\nik_sb5000\IAR\..\..\..\..\..\Components\Si #
#                          mpliciTI\nwk_applications\ -I                      #
#                          C:\Users\freeman\Documents\work\NBK\Nikon\Nikon_Rf #
#                          \SimpliciTI-IAR-1.2.0\Projects\Examples\SRF05_8051 #
#                          \nik_sb5000\IAR\..\..\..\..\..\Components\OSAL\INC #
#                          LUDE\ -I C:\Users\freeman\Documents\work\NBK\Nikon #
#                          \Nikon_Rf\SimpliciTI-IAR-1.2.0\Projects\Examples\S #
#                          RF05_8051\nik_sb5000\IAR\..\..\..\..\..\Components #
#                          \OSAL\MCU\CCSOC\ -I C:\Users\freeman\Documents\wor #
#                          k\NBK\Nikon\Nikon_Rf\SimpliciTI-IAR-1.2.0\Projects #
#                          \Examples\SRF05_8051\nik_sb5000\IAR\..\..\..\..\.. #
#                          \Components\HAL\INCLUDE\ -I                        #
#                          C:\Users\freeman\Documents\work\NBK\Nikon\Nikon_Rf #
#                          \SimpliciTI-IAR-1.2.0\Projects\Examples\SRF05_8051 #
#                          \nik_sb5000\IAR\..\..\..\..\..\Components\HAL\TARG #
#                          ET\CC2530EB\ -I C:\Users\freeman\Documents\work\NB #
#                          K\Nikon\Nikon_Rf\SimpliciTI-IAR-1.2.0\Projects\Exa #
#                          mples\SRF05_8051\nik_sb5000\IAR\..\..\..\..\..\Com #
#                          ponents\SERVICES\SADDR\ -I                         #
#                          C:\Users\freeman\Documents\work\NBK\Nikon\Nikon_Rf #
#                          \SimpliciTI-IAR-1.2.0\Projects\Examples\SRF05_8051 #
#                          \nik_sb5000\IAR\..\..\..\..\..\Components\SERVICES #
#                          \SDATA\ -I C:\Users\freeman\Documents\work\NBK\Nik #
#                          on\Nikon_Rf\SimpliciTI-IAR-1.2.0\Projects\Examples #
#                          \SRF05_8051\nik_sb5000\IAR\..\..\..\..\..\Componen #
#                          ts\MT\ -I C:\Users\freeman\Documents\work\NBK\Niko #
#                          n\Nikon_Rf\SimpliciTI-IAR-1.2.0\Projects\Examples\ #
#                          SRF05_8051\nik_sb5000\IAR\..\..\..\..\..\Component #
#                          s\STACK\AF\ -I C:\Users\freeman\Documents\work\NBK #
#                          \Nikon\Nikon_Rf\SimpliciTI-IAR-1.2.0\Projects\Exam #
#                          ples\SRF05_8051\nik_sb5000\IAR\..\..\..\..\..\Comp #
#                          onents\STACK\NWK\ -I C:\Users\freeman\Documents\wo #
#                          rk\NBK\Nikon\Nikon_Rf\SimpliciTI-IAR-1.2.0\Project #
#                          s\Examples\SRF05_8051\nik_sb5000\IAR\..\..\..\..\. #
#                          .\Components\STACK\SEC\ -I                         #
#                          C:\Users\freeman\Documents\work\NBK\Nikon\Nikon_Rf #
#                          \SimpliciTI-IAR-1.2.0\Projects\Examples\SRF05_8051 #
#                          \nik_sb5000\IAR\..\..\..\..\..\Components\STACK\SA #
#                          PI\ -I C:\Users\freeman\Documents\work\NBK\Nikon\N #
#                          ikon_Rf\SimpliciTI-IAR-1.2.0\Projects\Examples\SRF #
#                          05_8051\nik_sb5000\IAR\..\..\..\..\..\Components\S #
#                          TACK\SYS\ -I C:\Users\freeman\Documents\work\NBK\N #
#                          ikon\Nikon_Rf\SimpliciTI-IAR-1.2.0\Projects\Exampl #
#                          es\SRF05_8051\nik_sb5000\IAR\..\..\..\..\..\Compon #
#                          ents\STACK\ZDO\ -I C:\Users\freeman\Documents\work #
#                          \NBK\Nikon\Nikon_Rf\SimpliciTI-IAR-1.2.0\Projects\ #
#                          Examples\SRF05_8051\nik_sb5000\IAR\..\..\..\..\..\ #
#                          Components\MAC\INCLUDE\ -I                         #
#                          C:\Users\freeman\Documents\work\NBK\Nikon\Nikon_Rf #
#                          \SimpliciTI-IAR-1.2.0\Projects\Examples\SRF05_8051 #
#                          \nik_sb5000\IAR\..\..\..\..\..\Components\MAC\HIGH #
#                          _LEVEL\ -I C:\Users\freeman\Documents\work\NBK\Nik #
#                          on\Nikon_Rf\SimpliciTI-IAR-1.2.0\Projects\Examples #
#                          \SRF05_8051\nik_sb5000\IAR\..\..\..\..\..\Componen #
#                          ts\MAC\LOW_LEVEL\srf04\ -I                         #
#                          C:\Users\freeman\Documents\work\NBK\Nikon\Nikon_Rf #
#                          \SimpliciTI-IAR-1.2.0\Projects\Examples\SRF05_8051 #
#                          \nik_sb5000\IAR\..\..\..\..\..\Components\MAC\LOW_ #
#                          LEVEL\srf04\SINGLE_CHIP\ -Ohz --require_prototypes #
#    List file          =  C:\Users\freeman\Documents\work\NBK\Nikon\Nikon_Rf #
#                          \SimpliciTI-IAR-1.2.0\Projects\Examples\SRF05_8051 #
#                          \nik_sb5000\IAR\LinkTo\List\mrfi.lst               #
#    Object file        =  C:\Users\freeman\Documents\work\NBK\Nikon\Nikon_Rf #
#                          \SimpliciTI-IAR-1.2.0\Projects\Examples\SRF05_8051 #
#                          \nik_sb5000\IAR\LinkTo\Obj\mrfi.r51                #
#                                                                             #
#                                                                             #
###############################################################################

C:\Users\freeman\Documents\work\NBK\Nikon\Nikon_Rf\SimpliciTI-IAR-1.2.0\Components\mrfi\mrfi.c
      1          /**************************************************************************************************
      2            Revised:        $Date: 2007-07-06 11:19:00 -0700 (Fri, 06 Jul 2007) $
      3            Revision:       $Revision: 13579 $
      4          
      5            Copyright 2007 Texas Instruments Incorporated.  All rights reserved.
      6          
      7            IMPORTANT: Your use of this Software is limited to those specific rights granted under
      8            the terms of a software license agreement between the user who downloaded the software,
      9            his/her employer (which must be your employer) and Texas Instruments Incorporated (the
     10            "License"). You may not use this Software unless you agree to abide by the terms of the
     11            License. The License limits your use, and you acknowledge, that the Software may not be
     12            modified, copied or distributed unless embedded on a Texas Instruments microcontroller
     13            or used solely and exclusively in conjunction with a Texas Instruments radio frequency
     14            transceiver, which is integrated into your product. Other than for the foregoing purpose,
     15            you may not use, reproduce, copy, prepare derivative works of, modify, distribute,
     16            perform, display or sell this Software and/or its documentation for any purpose.
     17          
     18            YOU FURTHER ACKNOWLEDGE AND AGREE THAT THE SOFTWARE AND DOCUMENTATION ARE PROVIDED “AS IS”
     19            WITHOUT WARRANTY OF ANY KIND, EITHER EXPRESS OR IMPLIED, INCLUDING WITHOUT LIMITATION, ANY
     20            WARRANTY OF MERCHANTABILITY, TITLE, NON-INFRINGEMENT AND FITNESS FOR A PARTICULAR PURPOSE.
     21            IN NO EVENT SHALL TEXAS INSTRUMENTS OR ITS LICENSORS BE LIABLE OR OBLIGATED UNDER CONTRACT,
     22            NEGLIGENCE, STRICT LIABILITY, CONTRIBUTION, BREACH OF WARRANTY, OR OTHER LEGAL EQUITABLE
     23            THEORY ANY DIRECT OR INDIRECT DAMAGES OR EXPENSES INCLUDING BUT NOT LIMITED TO ANY
     24            INCIDENTAL, SPECIAL, INDIRECT, PUNITIVE OR CONSEQUENTIAL DAMAGES, LOST PROFITS OR LOST
     25            DATA, COST OF PROCUREMENT OF SUBSTITUTE GOODS, TECHNOLOGY, SERVICES, OR ANY CLAIMS BY
     26            THIRD PARTIES (INCLUDING BUT NOT LIMITED TO ANY DEFENSE THEREOF), OR OTHER SIMILAR COSTS.
     27          
     28            Should you have any questions regarding your right to use this Software,
     29            contact Texas Instruments Incorporated at www.TI.com.
     30          **************************************************************************************************/
     31          
     32          /* ~=~=~=~=~=~=~=~=~=~=~=~=~=~=~=~=~=~=~=~=~=~=~=~=~=~=
     33           *   MRFI (Minimal RF Interface)
     34           *   Top-level code file.
     35           * ~=~=~=~=~=~=~=~=~=~=~=~=~=~=~=~=~=~=~=~=~=~=~=~=~=~=
     36           */
     37          
     38          /* ------------------------------------------------------------------------------------------------
     39           *                                          Includes
     40           * ------------------------------------------------------------------------------------------------
     41           */
     42          #include "mrfi.h"

   \                                 In  segment SFR_AN, at 0xa9
   \   union <unnamed> volatile __sfr _A_IP0xx
   \                     _A_IP0xx:
   \   000000                DS 1

   \                                 In  segment SFR_AN, at 0xb9
   \   union <unnamed> volatile __sfr _A_IP1xx
   \                     _A_IP1xx:
   \   000000                DS 1

   \                                 In  segment SFR_AN, at 0x80
   \   union <unnamed> volatile __sfr _A_P0
   \                     _A_P0:
   \   000000                DS 1

   \                                 In  segment SFR_AN, at 0x91
   \   unsigned char volatile __sfr RFIRQF1
   \                     RFIRQF1:
   \   000000                DS 1

   \                                 In  segment SFR_AN, at 0x9a
   \   unsigned char volatile __sfr IEN2
   \                     IEN2:
   \   000000                DS 1

   \                                 In  segment SFR_AN, at 0x9b
   \   unsigned char volatile __sfr S1CON
   \                     S1CON:
   \   000000                DS 1

   \                                 In  segment SFR_AN, at 0x9d
   \   unsigned char volatile __sfr SLEEPSTA
   \                     SLEEPSTA:
   \   000000                DS 1

   \                                 In  segment SFR_AN, at 0x9e
   \   unsigned char volatile __sfr CLKCONSTA
   \                     CLKCONSTA:
   \   000000                DS 1

   \                                 In  segment SFR_AN, at 0xa8
   \   union <unnamed> volatile __sfr _A_IEN0
   \                     _A_IEN0:
   \   000000                DS 1

   \                                 In  segment SFR_AN, at 0xb4
   \   unsigned char volatile __sfr ADCCON1
   \                     ADCCON1:
   \   000000                DS 1

   \                                 In  segment SFR_AN, at 0xbc
   \   unsigned char volatile __sfr RNDL
   \                     RNDL:
   \   000000                DS 1

   \                                 In  segment SFR_AN, at 0xbd
   \   unsigned char volatile __sfr RNDH
   \                     RNDH:
   \   000000                DS 1

   \                                 In  segment SFR_AN, at 0xbe
   \   unsigned char volatile __sfr SLEEPCMD
   \                     SLEEPCMD:
   \   000000                DS 1

   \                                 In  segment SFR_AN, at 0xc6
   \   unsigned char volatile __sfr CLKCONCMD
   \                     CLKCONCMD:
   \   000000                DS 1

   \                                 In  segment SFR_AN, at 0xd9
   \   unsigned char volatile __sfr RFD
   \                     RFD:
   \   000000                DS 1

   \                                 In  segment SFR_AN, at 0xe1
   \   unsigned char volatile __sfr RFST
   \                     RFST:
   \   000000                DS 1

   \                                 In  segment SFR_AN, at 0xe9
   \   unsigned char volatile __sfr RFIRQF0
   \                     RFIRQF0:
   \   000000                DS 1

   \                                 In  segment SFR_AN, at 0xf3
   \   unsigned char volatile __sfr P0SEL
   \                     P0SEL:
   \   000000                DS 1

   \                                 In  segment SFR_AN, at 0xfd
   \   unsigned char volatile __sfr P0DIR
   \                     P0DIR:
   \   000000                DS 1
     43          #include "mrfi_defs.h"
     44          
     45          /* ------------------------------------------------------------------------------------------------
     46           *                                    Global Constants
     47           * ------------------------------------------------------------------------------------------------
     48           */
     49          

   \                                 In  segment XDATA_I, align 1, keep-with-next
     50          const uint8_t mrfiBroadcastAddr[] = { 0xFF, 0xFF, 0xFF, 0xFF };
   \                     mrfiBroadcastAddr:
   \   000000                DS 4
   \   000004                REQUIRE `?<Initializer for mrfiBroadcastAddr>`
   \   000004                REQUIRE __INIT_XDATA_I
     51          /* verify number of table entries matches the corresponding #define */
     52          BSP_STATIC_ASSERT(MRFI_ADDR_SIZE == ((sizeof(mrfiBroadcastAddr)/sizeof(mrfiBroadcastAddr[0])) * sizeof(mrfiBroadcastAddr[0])));
     53          
     54          
     55          
     56          /* ------------------------------------------------------------------------------------------------
     57           *                                       Local Variables
     58           * ------------------------------------------------------------------------------------------------
     59           */
     60          #ifdef MRFI_TIMER_ALWAYS_ACTIVE
     61          
     62          /* MRFI_Time holds the active time counted by the timer interrupt.
     63           * Only bytes beyond the size of the timer are allocated.
     64           */
     65          static volatile uint32_t MRFI_Time = 0;
     66          
     67          #endif
     68          
     69          
     70          
     71          /* ------------------------------------------------------------------------------------------------
     72           *                                       Local Prototypes
     73           * ------------------------------------------------------------------------------------------------
     74           */
     75          static void Mrfi_RxModeOn(void);
     76          static void Mrfi_RxModeOff(void);
     77          static void Mrfi_RandomBackoffDelay(void);
     78          
     79          
     80          
     81          /* ------------------------------------------------------------------------------------------------
     82           *                                       C Code Includes
     83           * ------------------------------------------------------------------------------------------------
     84           */
     85          
     86          /* ----- Radio Family 1 ----- */
     87          #if (defined MRFI_RADIO_FAMILY1)
     88          #include "radios/family1/mrfi_radio.c"
     89          #include "radios/family1/mrfi_spi.c"
     90          #include "radios/common/mrfi_f1f2.c"
     91          #include "bsp_external/mrfi_board.c"
     92          
     93          /* ----- Radio Family 2 ----- */
     94          #elif (defined MRFI_RADIO_FAMILY2)
     95          #include "radios/family2/mrfi_radio.c"
     96          #include "radios/common/mrfi_f1f2.c"
     97          
     98          /* ----- Radio Family 3 ----- */
     99          #elif (defined MRFI_RADIO_FAMILY3)
    100          #include "bsp_external/mrfi_board.c"
    101          #include "radios/family3/mrfi_spi.c"
    102          #include "radios/family3/mrfi_radio.c"
    103          
    104          /* ----- Radio Family 4 ----- */
    105          #elif (defined MRFI_RADIO_FAMILY4)
    106          #include "radios/family4/mrfi_radio.c"
    107          
    108          /* ----- Radio Family 5 ----- */
    109          #elif (defined MRFI_RADIO_FAMILY5)
    110          #include "radios/family5/mrfi_radio.c"
    111          #include "radios/family5/mrfi_radio_interface.c"
    112          
    113          /* ----- Radio Family 6 ----- */
    114          #elif (defined MRFI_RADIO_FAMILY6)
    115          #include "radios/family6/mrfi_radio.c"

   \                                 In  segment XDATA_I, align 1, keep-with-next
   \   static unsigned char const mrfiLogicalChanTable[4]
   \                     mrfiLogicalChanTable:
   \   000000                DS 4
   \   000004                REQUIRE `?<Initializer for mrfiLogicalChanTable>`
   \   000004                REQUIRE __INIT_XDATA_I

   \                                 In  segment XDATA_I, align 1, keep-with-next
   \   static unsigned char const mrfiRFPowerTable[3]
   \                     mrfiRFPowerTable:
   \   000000                DS 3
   \   000003                REQUIRE `?<Initializer for mrfiRFPowerTable>`
   \   000003                REQUIRE __INIT_XDATA_I

   \                                 In  segment XDATA_Z, align 1, keep-with-next
   \   static uint8_t mrfiRadioState
   \                     mrfiRadioState:
   \   000000                DS 1
   \   000001                REQUIRE __INIT_XDATA_Z

   \                                 In  segment XDATA_Z, align 1, keep-with-next
   \   static mrfiPacket_t mrfiIncomingPacket
   \                     mrfiIncomingPacket:
   \   000000                DS 49
   \   000031                REQUIRE __INIT_XDATA_Z

   \                                 In  segment XDATA_Z, align 1, keep-with-next
   \   static uint8_t volatile sReplyDelayContext
   \                     sReplyDelayContext:
   \   000000                DS 1
   \   000001                REQUIRE __INIT_XDATA_Z

   \                                 In  segment XDATA_Z, align 1, keep-with-next
   \   static uint8_t volatile sKillSem
   \                     sKillSem:
   \   000000                DS 1
   \   000001                REQUIRE __INIT_XDATA_Z

   \                                 In  segment XDATA_Z, align 1, keep-with-next
   \   static uint16_t sReplyDelayScalar
   \                     sReplyDelayScalar:
   \   000000                DS 2
   \   000002                REQUIRE __INIT_XDATA_Z

   \                                 In  segment BANKED_CODE, align 1, keep-with-next
   \   __banked_func __xdata_reentrant void MRFI_Init(void)
   \                     MRFI_Init:
   \   000000   74F6         MOV     A,#-0xa
   \   000002   12....       LCALL   ?BANKED_ENTER_XDATA
   \   000005                ; Saved register size: 10
   \   000005                ; Auto size: 0
   \   000005   43B902       ORL     0xb9,#0x2
   \   000008   43A902       ORL     0xa9,#0x2
   \   00000B   43A901       ORL     0xa9,#0x1
   \   00000E   53B9FE       ANL     0xb9,#0xfe
   \   000011   53A9F7       ANL     0xa9,#0xf7
   \   000014   53A9FB       ANL     0xa9,#0xfb
   \   000017   43B908       ORL     0xb9,#0x8
   \   00001A   43B904       ORL     0xb9,#0x4
   \   00001D   53B9EF       ANL     0xb9,#0xef
   \   000020   53A9EF       ANL     0xa9,#0xef
   \   000023   53B9DF       ANL     0xb9,#0xdf
   \   000026   53A9DF       ANL     0xa9,#0xdf
   \   000029                ; Setup parameters for call to function memset
   \   000029   75..31       MOV     ?V0 + 0,#0x31
   \   00002C   75..00       MOV     ?V0 + 1,#0x0
   \   00002F   78..         MOV     R0,#?V0 + 0
   \   000031   12....       LCALL   ?PUSH_XSTACK_I_TWO
   \   000034   7C00         MOV     R4,#0x0
   \   000036   7D00         MOV     R5,#0x0
   \   000038   7A..         MOV     R2,#mrfiIncomingPacket & 0xff
   \   00003A   7B..         MOV     R3,#(mrfiIncomingPacket >> 8) & 0xff
   \   00003C   12....       LCALL   ??memset?relay
   \   00003F   7402         MOV     A,#0x2
   \   000041   12....       LCALL   ?DEALLOC_XSTACK8
   \   000044   90624A       MOV     DPTR,#0x624a
   \   000047   E0           MOVX    A,@DPTR
   \   000048   64A5         XRL     A,#0xa5
   \   00004A   6004         JZ      ??MRFI_Init_0
   \   00004C   C2AF         CLR     0xa8.7
   \                     ??MRFI_Init_1:
   \   00004E   80FE         SJMP    ??MRFI_Init_1
   \                     ??MRFI_Init_0:
   \   000050   906249       MOV     DPTR,#0x6249
   \   000053   E0           MOVX    A,@DPTR
   \   000054   7004         JNZ     ??MRFI_Init_2
   \   000056   C2AF         CLR     0xa8.7
   \                     ??MRFI_Init_3:
   \   000058   80FE         SJMP    ??MRFI_Init_3
   \                     ??MRFI_Init_2:
   \   00005A   53F3EF       ANL     0xf3,#0xef
   \   00005D   43FD10       ORL     0xfd,#0x10
   \   000060   D284         SETB    0x80.4
   \   000062   53BEFB       ANL     0xbe,#0xfb
   \                     ??MRFI_Init_4:
   \   000065   E59D         MOV     A,0x9d
   \   000067   A2E6         MOV     C,0xE0 /* A   */.6
   \   000069   50FA         JNC     ??MRFI_Init_4
   \   00006B   00           NOP
   \   00006C   78F8         MOV     R0,#-0x8
   \   00006E   7901         MOV     R1,#0x1
   \                     ??MRFI_Init_5:
   \   000070   00           NOP
   \   000071   E8           MOV     A,R0
   \   000072   24FF         ADD     A,#-0x1
   \   000074   18           DEC     R0
   \   000075   E9           MOV     A,R1
   \   000076   34FF         ADDC    A,#-0x1
   \   000078   F9           MOV     R1,A
   \   000079   E8           MOV     A,R0
   \   00007A   49           ORL     A,R1
   \   00007B   70F3         JNZ     ??MRFI_Init_5
   \   00007D   75C680       MOV     0xc6,#-0x80
   \                     ??MRFI_Init_6:
   \   000080   7480         MOV     A,#-0x80
   \   000082   659E         XRL     A,0x9e
   \   000084   70FA         JNZ     ??MRFI_Init_6
   \   000086   43BE04       ORL     0xbe,#0x4
   \   000089   9061A9       MOV     DPTR,#0x61a9
   \   00008C   7414         MOV     A,#0x14
   \   00008E   F0           MOVX    @DPTR,A
   \   00008F   9061AB       MOV     DPTR,#0x61ab
   \   000092   743F         MOV     A,#0x3f
   \   000094   F0           MOVX    @DPTR,A
   \   000095   906196       MOV     DPTR,#0x6196
   \   000098   74F8         MOV     A,#-0x8
   \   00009A   F0           MOVX    @DPTR,A
   \   00009B   9061A8       MOV     DPTR,#0x61a8
   \   00009E   7485         MOV     A,#-0x7b
   \   0000A0   F0           MOVX    @DPTR,A
   \   0000A1   9061AC       MOV     DPTR,#0x61ac
   \   0000A4   745A         MOV     A,#0x5a
   \   0000A6   F0           MOVX    @DPTR,A
   \   0000A7   9061B2       MOV     DPTR,#0x61b2
   \   0000AA   7415         MOV     A,#0x15
   \   0000AC   F0           MOVX    @DPTR,A
   \   0000AD   906182       MOV     DPTR,#0x6182
   \   0000B0   E4           CLR     A
   \   0000B1   F0           MOVX    @DPTR,A
   \   0000B2   9061B5       MOV     DPTR,#0x61b5
   \   0000B5   7410         MOV     A,#0x10
   \   0000B7   F0           MOVX    @DPTR,A
   \   0000B8   A3           INC     DPTR
   \   0000B9   740E         MOV     A,#0xe
   \   0000BB   F0           MOVX    @DPTR,A
   \   0000BC   A3           INC     DPTR
   \   0000BD   7403         MOV     A,#0x3
   \   0000BF   F0           MOVX    @DPTR,A
   \   0000C0   9061FA       MOV     DPTR,#0x61fa
   \   0000C3   7409         MOV     A,#0x9
   \   0000C5   F0           MOVX    @DPTR,A
   \   0000C6   9061E5       MOV     DPTR,#0x61e5
   \   0000C9   74FF         MOV     A,#-0x1
   \   0000CB   F0           MOVX    @DPTR,A
   \   0000CC   906172       MOV     DPTR,#0x6172
   \   0000CF   F0           MOVX    @DPTR,A
   \   0000D0   A3           INC     DPTR
   \   0000D1   F0           MOVX    @DPTR,A
   \   0000D2   906189       MOV     DPTR,#0x6189
   \   0000D5   E0           MOVX    A,@DPTR
   \   0000D6   54F3         ANL     A,#0xf3
   \   0000D8   4408         ORL     A,#0x8
   \   0000DA   F0           MOVX    @DPTR,A
   \   0000DB   75E1E3       MOV     0xe1,#-0x1d
   \                     ??MRFI_Init_7:
   \   0000DE   906199       MOV     DPTR,#0x6199
   \   0000E1   E0           MOVX    A,@DPTR
   \   0000E2   A2E0         MOV     C,0xE0 /* A   */.0
   \   0000E4   50F8         JNC     ??MRFI_Init_7
   \   0000E6   7800         MOV     R0,#0x0
   \   0000E8   7900         MOV     R1,#0x0
   \   0000EA   7C10         MOV     R4,#0x10
   \                     ??MRFI_Init_8:
   \   0000EC   E8           MOV     A,R0
   \   0000ED   C3           CLR     C
   \   0000EE   33           RLC     A
   \   0000EF   F8           MOV     R0,A
   \   0000F0   E9           MOV     A,R1
   \   0000F1   33           RLC     A
   \   0000F2   F9           MOV     R1,A
   \   0000F3   9061A7       MOV     DPTR,#0x61a7
   \   0000F6   E0           MOVX    A,@DPTR
   \   0000F7   A2E0         MOV     C,0xE0 /* A   */.0
   \   0000F9   E4           CLR     A
   \   0000FA   33           RLC     A
   \   0000FB   FA           MOV     R2,A
   \   0000FC   E8           MOV     A,R0
   \   0000FD   4A           ORL     A,R2
   \   0000FE   F8           MOV     R0,A
   \   0000FF   1C           DEC     R4
   \   000100   EC           MOV     A,R4
   \   000101   70E9         JNZ     ??MRFI_Init_8
   \   000103   7480         MOV     A,#-0x80
   \   000105   48           ORL     A,R0
   \   000106   F5BC         MOV     0xbc,A
   \   000108   E9           MOV     A,R1
   \   000109   F5BC         MOV     0xbc,A
   \   00010B   75E1EF       MOV     0xe1,#-0x11
   \   00010E   75E1ED       MOV     0xe1,#-0x13
   \   000111   75E1ED       MOV     0xe1,#-0x13
   \   000114   906189       MOV     DPTR,#0x6189
   \   000117   E0           MOVX    A,@DPTR
   \   000118   54F3         ANL     A,#0xf3
   \   00011A   F0           MOVX    @DPTR,A
   \   00011B   90....       MOV     DPTR,#mrfiRadioState
   \   00011E   7401         MOV     A,#0x1
   \   000120   F0           MOVX    @DPTR,A
   \   000121   906180       MOV     DPTR,#0x6180
   \   000124   E0           MOVX    A,@DPTR
   \   000125   C2E0         CLR     0xE0 /* A   */.0
   \   000127   F0           MOVX    @DPTR,A
   \   000128   A3           INC     DPTR
   \   000129   E0           MOVX    A,@DPTR
   \   00012A   5497         ANL     A,#0x97
   \   00012C   F0           MOVX    @DPTR,A
   \   00012D   90618A       MOV     DPTR,#0x618a
   \   000130   E0           MOVX    A,@DPTR
   \   000131   C2E0         CLR     0xE0 /* A   */.0
   \   000133   F0           MOVX    @DPTR,A
   \   000134   906194       MOV     DPTR,#0x6194
   \   000137   747F         MOV     A,#0x7f
   \   000139   F0           MOVX    @DPTR,A
   \   00013A                ; Setup parameters for call to function MRFI_SetLogicalChannel
   \   00013A   7900         MOV     R1,#0x0
   \   00013C   12....       LCALL   ??MRFI_SetLogicalChannel?relay
   \   00013F                ; Setup parameters for call to function MRFI_SetRFPwr
   \   00013F   7902         MOV     R1,#0x2
   \   000141   12....       LCALL   ??MRFI_SetRFPwr?relay
   \   000144   439A01       ORL     0x9a,#0x1
   \   000147   90....       MOV     DPTR,#sReplyDelayScalar
   \   00014A   7434         MOV     A,#0x34
   \   00014C   F0           MOVX    @DPTR,A
   \   00014D   A3           INC     DPTR
   \   00014E   E4           CLR     A
   \   00014F   F0           MOVX    @DPTR,A
   \   000150   D2AF         SETB    0xa8.7
   \   000152                ; Setup parameters for call to function Mrfi_RandomBackoffDelay
   \   000152   12....       LCALL   ??Mrfi_RandomBackoffDelay?relay
   \   000155   02....       LJMP    ?Subroutine0 & 0xFFFF
   \   000158                REQUIRE _A_IP0xx
   \   000158                REQUIRE _A_IP1xx
   \   000158                REQUIRE _A_IEN0
   \   000158                REQUIRE P0SEL
   \   000158                REQUIRE P0DIR
   \   000158                REQUIRE _A_P0
   \   000158                REQUIRE SLEEPCMD
   \   000158                REQUIRE SLEEPSTA
   \   000158                REQUIRE CLKCONCMD
   \   000158                REQUIRE CLKCONSTA
   \   000158                REQUIRE RFST
   \   000158                REQUIRE RNDL
   \   000158                REQUIRE IEN2

   \                                 In  segment BANKED_CODE, align 1, keep-with-next
   \                     ?Subroutine0:
   \   000000   7F02         MOV     R7,#0x2
   \   000002   02....       LJMP    ?BANKED_LEAVE_XDATA

   \                                 In  segment BANKED_CODE, align 1, keep-with-next
   \   static __banked_func __xdata_reentrant bool mrfi_TxDone(void)
   \                     mrfi_TxDone:
   \   000000                ; Saved register size: 0
   \   000000                ; Auto size: 0
   \   000000   E591         MOV     A,0x91
   \   000002   A2E1         MOV     C,0xE0 /* A   */.1
   \   000004   02....       LJMP    ?BRET
   \   000007                REQUIRE RFIRQF1

   \                                 In  segment BANKED_CODE, align 1, keep-with-next
   \   __banked_func __xdata_reentrant uint8_t MRFI_Transmit(mrfiPacket_t *, uint8_t)
   \                     MRFI_Transmit:
   \   000000   74F4         MOV     A,#-0xc
   \   000002   12....       LCALL   ?BANKED_ENTER_XDATA
   \   000005                ; Saved register size: 12
   \   000005                ; Auto size: 0
   \   000005   EA           MOV     A,R2
   \   000006   FE           MOV     R6,A
   \   000007   EB           MOV     A,R3
   \   000008   FF           MOV     R7,A
   \   000009   89..         MOV     ?V0 + 1,R1
   \   00000B   75..00       MOV     ?V0 + 0,#0x0
   \   00000E   90....       MOV     DPTR,#mrfiRadioState
   \   000011   E0           MOVX    A,@DPTR
   \   000012   6401         XRL     A,#0x1
   \   000014   7004         JNZ     ??MRFI_Transmit_0
   \   000016   C2AF         CLR     0xa8.7
   \                     ??MRFI_Transmit_1:
   \   000018   80FE         SJMP    ??MRFI_Transmit_1
   \                     ??MRFI_Transmit_0:
   \   00001A                ; Setup parameters for call to function Mrfi_RxModeOff
   \   00001A   12....       LCALL   ??Mrfi_RxModeOff?relay
   \   00001D   5391FD       ANL     0x91,#0xfd
   \   000020   90....       MOV     DPTR,#??dsn
   \   000023   E0           MOVX    A,@DPTR
   \   000024   8E82         MOV     DPL,R6
   \   000026   8F83         MOV     DPH,R7
   \   000028   A3           INC     DPTR
   \   000029   F0           MOVX    @DPTR,A
   \   00002A   90....       MOV     DPTR,#??dsn
   \   00002D   E0           MOVX    A,@DPTR
   \   00002E   04           INC     A
   \   00002F   F0           MOVX    @DPTR,A
   \   000030   75E1EE       MOV     0xe1,#-0x12
   \   000033   8E82         MOV     DPL,R6
   \   000035   8F83         MOV     DPH,R7
   \   000037   E0           MOVX    A,@DPTR
   \   000038   F9           MOV     R1,A
   \   000039   89D9         MOV     0xd9,R1
   \   00003B   7800         MOV     R0,#0x0
   \   00003D   8005         SJMP    ??MRFI_Transmit_2
   \                     ??MRFI_Transmit_3:
   \   00003F   A3           INC     DPTR
   \   000040   E0           MOVX    A,@DPTR
   \   000041   F5D9         MOV     0xd9,A
   \   000043   08           INC     R0
   \                     ??MRFI_Transmit_2:
   \   000044   E8           MOV     A,R0
   \   000045   C3           CLR     C
   \   000046   99           SUBB    A,R1
   \   000047   40F6         JC      ??MRFI_Transmit_3
   \   000049   E5..         MOV     A,?V0 + 1
   \   00004B   7029         JNZ     ??MRFI_Transmit_4
   \   00004D   75E1E9       MOV     0xe1,#-0x17
   \   000050                ; Setup parameters for call to function Mrfi_DelayUsecLong
   \                     ??MRFI_Transmit_5:
   \   000050   75....       MOV     ?V0 + 2,#??mrfi_TxDone?relay & 0xff
   \   000053   75....       MOV     ?V0 + 3,#(??mrfi_TxDone?relay >> 8) & 0xff
   \   000056   78..         MOV     R0,#?V0 + 2
   \   000058   12....       LCALL   ?PUSH_XSTACK_I_TWO
   \   00005B   75..24       MOV     ?V0 + 2,#0x24
   \   00005E   75..01       MOV     ?V0 + 3,#0x1
   \   000061   78..         MOV     R0,#?V0 + 2
   \   000063   12....       LCALL   ?PUSH_XSTACK_I_TWO
   \   000066   90....       MOV     DPTR,#__Constant_2
   \   000069   12....       LCALL   ?XLOAD_R2345
   \   00006C   12....       LCALL   ??Mrfi_DelayUsecLong?relay
   \   00006F   7404         MOV     A,#0x4
   \   000071   12....       LCALL   ?DEALLOC_XSTACK8
   \   000074   803D         SJMP    ??MRFI_Transmit_6
   \                     ??MRFI_Transmit_4:
   \   000076   7E04         MOV     R6,#0x4
   \   000078   7401         MOV     A,#0x1
   \   00007A   65..         XRL     A,?V0 + 1
   \   00007C   600B         JZ      ??MRFI_Transmit_7
   \   00007E   C2AF         CLR     0xa8.7
   \                     ??MRFI_Transmit_8:
   \   000080   80FE         SJMP    ??MRFI_Transmit_8
   \                     ??MRFI_Transmit_9:
   \   000082   1E           DEC     R6
   \   000083                ; Setup parameters for call to function Mrfi_RxModeOff
   \   000083   12....       LCALL   ??Mrfi_RxModeOff?relay
   \   000086                ; Setup parameters for call to function Mrfi_RandomBackoffDelay
   \   000086   12....       LCALL   ??Mrfi_RandomBackoffDelay?relay
   \                     ??MRFI_Transmit_7:
   \   000089   75E1E3       MOV     0xe1,#-0x1d
   \                     ??MRFI_Transmit_10:
   \   00008C   906199       MOV     DPTR,#0x6199
   \   00008F   E0           MOVX    A,@DPTR
   \   000090   A2E0         MOV     C,0xE0 /* A   */.0
   \   000092   50F8         JNC     ??MRFI_Transmit_10
   \   000094   E5A8         MOV     A,0xa8
   \   000096   F8           MOV     R0,A
   \   000097   C2AF         CLR     0xa8.7
   \   000099   75E1EA       MOV     0xe1,#-0x16
   \   00009C   906193       MOV     DPTR,#0x6193
   \   00009F   E0           MOVX    A,@DPTR
   \   0000A0   F9           MOV     R1,A
   \   0000A1   E8           MOV     A,R0
   \   0000A2   A2E7         MOV     C,0xE0 /* A   */.7
   \   0000A4   92AF         MOV     0xa8.7,C
   \   0000A6   E5A8         MOV     A,0xa8
   \   0000A8   E9           MOV     A,R1
   \   0000A9   A2E3         MOV     C,0xE0 /* A   */.3
   \   0000AB   40A3         JC      ??MRFI_Transmit_5
   \   0000AD                ; Setup parameters for call to function Mrfi_DelayUsecLong
   \   0000AD   EE           MOV     A,R6
   \   0000AE   70D2         JNZ     ??MRFI_Transmit_9
   \   0000B0   75..01       MOV     ?V0 + 0,#0x1
   \                     ??MRFI_Transmit_6:
   \   0000B3                ; Setup parameters for call to function Mrfi_RxModeOff
   \   0000B3   12....       LCALL   ??Mrfi_RxModeOff?relay
   \   0000B6   90....       MOV     DPTR,#mrfiRadioState
   \   0000B9   E0           MOVX    A,@DPTR
   \   0000BA   6403         XRL     A,#0x3
   \   0000BC   7003         JNZ     ??MRFI_Transmit_11
   \   0000BE                ; Setup parameters for call to function Mrfi_RxModeOn
   \   0000BE   12....       LCALL   ??Mrfi_RxModeOn?relay
   \                     ??MRFI_Transmit_11:
   \   0000C1   A9..         MOV     R1,?V0 + 0
   \   0000C3   7F04         MOV     R7,#0x4
   \   0000C5   02....       LJMP    ?BANKED_LEAVE_XDATA
   \   0000C8                REQUIRE _A_IEN0
   \   0000C8                REQUIRE RFIRQF1
   \   0000C8                REQUIRE RFST
   \   0000C8                REQUIRE RFD

   \                                 In  segment XDATA_Z, align 1, keep-with-next
   \   uint8_t MRFI_Transmit::dsn
   \                     ??dsn:
   \   000000                DS 1
   \   000001                REQUIRE __INIT_XDATA_Z

   \                                 In  segment BANKED_CODE, align 1, keep-with-next
   \   __banked_func __xdata_reentrant void MRFI_Receive(mrfiPacket_t *)
   \                     MRFI_Receive:
   \   000000   C082         PUSH    DPL
   \   000002   C083         PUSH    DPH
   \   000004                ; Saved register size: 2
   \   000004                ; Auto size: 0
   \   000004   90....       MOV     DPTR,#mrfiIncomingPacket
   \   000007   EA           MOV     A,R2
   \   000008   FC           MOV     R4,A
   \   000009   EB           MOV     A,R3
   \   00000A   FD           MOV     R5,A
   \   00000B   7431         MOV     A,#0x31
   \   00000D   12....       LCALL   ?MOVE_LONG8_XDATA_XDATA
   \   000010   02....       LJMP    ??Subroutine6_0 & 0xFFFF

   \                                 In  segment BANKED_CODE, align 1, keep-with-next
   \                     ??Subroutine6_0:
   \   000000   D083         POP     DPH
   \   000002   D082         POP     DPL
   \   000004   02....       LJMP    ?BRET

   \                                 In  segment BANKED_CODE, align 1, keep-with-next
   \   __banked_func __xdata_reentrant void MRFI_RxOn(void)
   \                     MRFI_RxOn:
   \   000000   C082         PUSH    DPL
   \   000002   C083         PUSH    DPH
   \   000004                ; Saved register size: 2
   \   000004                ; Auto size: 0
   \   000004   90....       MOV     DPTR,#mrfiRadioState
   \   000007   E0           MOVX    A,@DPTR
   \   000008   6401         XRL     A,#0x1
   \   00000A   7004         JNZ     ??MRFI_RxOn_0
   \   00000C   C2AF         CLR     0xa8.7
   \                     ??MRFI_RxOn_1:
   \   00000E   80FE         SJMP    ??MRFI_RxOn_1
   \                     ??MRFI_RxOn_0:
   \   000010   E0           MOVX    A,@DPTR
   \   000011   6403         XRL     A,#0x3
   \   000013   6006         JZ      ??MRFI_RxOn_2
   \   000015   7403         MOV     A,#0x3
   \   000017   F0           MOVX    @DPTR,A
   \   000018                ; Setup parameters for call to function Mrfi_RxModeOn
   \   000018   12....       LCALL   ??Mrfi_RxModeOn?relay
   \                     ??MRFI_RxOn_2:
   \   00001B   02....       LJMP    ??Subroutine6_0 & 0xFFFF
   \   00001E                REQUIRE _A_IEN0

   \                                 In  segment BANKED_CODE, align 1, keep-with-next
   \   __banked_func __xdata_reentrant void MRFI_RxIdle(void)
   \                     MRFI_RxIdle:
   \   000000   C082         PUSH    DPL
   \   000002   C083         PUSH    DPH
   \   000004                ; Saved register size: 2
   \   000004                ; Auto size: 0
   \   000004   90....       MOV     DPTR,#mrfiRadioState
   \   000007   E0           MOVX    A,@DPTR
   \   000008   6401         XRL     A,#0x1
   \   00000A   7004         JNZ     ??MRFI_RxIdle_0
   \   00000C   C2AF         CLR     0xa8.7
   \                     ??MRFI_RxIdle_1:
   \   00000E   80FE         SJMP    ??MRFI_RxIdle_1
   \                     ??MRFI_RxIdle_0:
   \   000010   E0           MOVX    A,@DPTR
   \   000011   6403         XRL     A,#0x3
   \   000013   7009         JNZ     ??MRFI_RxIdle_2
   \   000015                ; Setup parameters for call to function Mrfi_RxModeOff
   \   000015   12....       LCALL   ??Mrfi_RxModeOff?relay
   \   000018   90....       MOV     DPTR,#mrfiRadioState
   \   00001B   7402         MOV     A,#0x2
   \   00001D   F0           MOVX    @DPTR,A
   \                     ??MRFI_RxIdle_2:
   \   00001E   80..         SJMP    ??Subroutine6_0
   \   000020                REQUIRE _A_IEN0

   \                                 In  segment NEAR_CODE, align 1, keep-with-next
   \   __near_func __xdata_reentrant __interrupt void MRFI_RxIsr(void)
   \                     MRFI_RxIsr:
   \   000000   C0E0         PUSH    A
   \   000002   74ED         MOV     A,#-0x13
   \   000004   12....       LCALL   ?INTERRUPT_ENTER_XSP
   \   000007                ; Saved register size: 19
   \   000007                ; Auto size: 0
   \   000007   A2AF         MOV     C,0xa8.7
   \   000009   E4           CLR     A
   \   00000A   33           RLC     A
   \   00000B   F5..         MOV     ?V0 + 1,A
   \   00000D   D2AF         SETB    0xa8.7
   \   00000F   90....       MOV     DPTR,#mrfiRadioState
   \   000012   E0           MOVX    A,@DPTR
   \   000013   6403         XRL     A,#0x3
   \   000015   6004         JZ      ??MRFI_RxIsr_0
   \   000017   C2AF         CLR     0xa8.7
   \                     ??MRFI_RxIsr_1:
   \   000019   80FE         SJMP    ??MRFI_RxIsr_1
   \                     ??MRFI_RxIsr_0:
   \   00001B   E5E9         MOV     A,0xe9
   \   00001D   A2E2         MOV     C,0xE0 /* A   */.2
   \   00001F   50FA         JNC     ??MRFI_RxIsr_0
   \   000021   906193       MOV     DPTR,#0x6193
   \   000024   E0           MOVX    A,@DPTR
   \   000025   A2E6         MOV     C,0xE0 /* A   */.6
   \   000027   500D         JNC     ??MRFI_RxIsr_2
   \   000029   E0           MOVX    A,@DPTR
   \   00002A   A2E7         MOV     C,0xE0 /* A   */.7
   \   00002C   4008         JC      ??MRFI_RxIsr_2
   \   00002E   75E1ED       MOV     0xe1,#-0x13
   \   000031   75E1ED       MOV     0xe1,#-0x13
   \   000034   807E         SJMP    ??MRFI_RxIsr_3
   \                     ??MRFI_RxIsr_2:
   \   000036   53E9FB       ANL     0xe9,#0xfb
   \   000039   E5D9         MOV     A,0xd9
   \   00003B   547F         ANL     A,#0x7f
   \   00003D   F5..         MOV     ?V0 + 2,A
   \   00003F   7401         MOV     A,#0x1
   \   000041   25..         ADD     A,?V0 + 2
   \   000043   9432         SUBB    A,#0x32
   \   000045   5007         JNC     ??MRFI_RxIsr_4
   \   000047   E5..         MOV     A,?V0 + 2
   \   000049   C3           CLR     C
   \   00004A   940E         SUBB    A,#0xe
   \   00004C   500D         JNC     ??MRFI_RxIsr_5
   \                     ??MRFI_RxIsr_4:
   \   00004E   7800         MOV     R0,#0x0
   \                     ??MRFI_RxIsr_6:
   \   000050   E8           MOV     A,R0
   \   000051   C3           CLR     C
   \   000052   95..         SUBB    A,?V0 + 2
   \   000054   5055         JNC     ??MRFI_RxIsr_7
   \   000056   E5D9         MOV     A,0xd9
   \   000058   08           INC     R0
   \   000059   80F5         SJMP    ??MRFI_RxIsr_6
   \                     ??MRFI_RxIsr_5:
   \   00005B   7E..         MOV     R6,#mrfiIncomingPacket & 0xff
   \   00005D   7F..         MOV     R7,#(mrfiIncomingPacket >> 8) & 0xff
   \   00005F                ; Setup parameters for call to function memset
   \   00005F   75..31       MOV     ?V0 + 4,#0x31
   \   000062   75..00       MOV     ?V0 + 5,#0x0
   \   000065   78..         MOV     R0,#?V0 + 4
   \   000067   12....       LCALL   ?PUSH_XSTACK_I_TWO
   \   00006A   7C00         MOV     R4,#0x0
   \   00006C   7D00         MOV     R5,#0x0
   \   00006E   7A..         MOV     R2,#mrfiIncomingPacket & 0xff
   \   000070   7B..         MOV     R3,#(mrfiIncomingPacket >> 8) & 0xff
   \   000072   12....       LCALL   ??memset?relay
   \   000075   7402         MOV     A,#0x2
   \   000077   12....       LCALL   ?DEALLOC_XSTACK8
   \   00007A   E5..         MOV     A,?V0 + 2
   \   00007C   90....       MOV     DPTR,#mrfiIncomingPacket
   \   00007F   F0           MOVX    @DPTR,A
   \   000080   F5..         MOV     ?V0 + 0,A
   \                     ??MRFI_RxIsr_8:
   \   000082   8E82         MOV     DPL,R6
   \   000084   8F83         MOV     DPH,R7
   \   000086   A3           INC     DPTR
   \   000087   AE82         MOV     R6,DPL
   \   000089   AF83         MOV     R7,DPH
   \   00008B   E5D9         MOV     A,0xd9
   \   00008D   F0           MOVX    @DPTR,A
   \   00008E   15..         DEC     ?V0 + 0
   \   000090   E5..         MOV     A,?V0 + 0
   \   000092   70EE         JNZ     ??MRFI_RxIsr_8
   \   000094   E5D9         MOV     A,0xd9
   \   000096   24B4         ADD     A,#-0x4c
   \   000098   90....       MOV     DPTR,#mrfiIncomingPacket + 49
   \   00009B   F0           MOVX    @DPTR,A
   \   00009C   E5D9         MOV     A,0xd9
   \   00009E   F8           MOV     R0,A
   \   00009F   A2E7         MOV     C,0xE0 /* A   */.7
   \   0000A1   5008         JNC     ??MRFI_RxIsr_7
   \   0000A3   747F         MOV     A,#0x7f
   \   0000A5   58           ANL     A,R0
   \   0000A6   A3           INC     DPTR
   \   0000A7   F0           MOVX    @DPTR,A
   \   0000A8                ; Setup parameters for call to function MRFI_RxCompleteISR
   \   0000A8   12....       LCALL   ??MRFI_RxCompleteISR?relay
   \                     ??MRFI_RxIsr_7:
   \   0000AB   90619B       MOV     DPTR,#0x619b
   \   0000AE   E0           MOVX    A,@DPTR
   \   0000AF   6003         JZ      $+5
   \   0000B1   02....       LJMP    ??MRFI_RxIsr_0
   \                     ??MRFI_RxIsr_3:
   \   0000B4   759B00       MOV     0x9b,#0x0
   \   0000B7   53E9FB       ANL     0xe9,#0xfb
   \   0000BA   E5..         MOV     A,?V0 + 1
   \   0000BC   A2E0         MOV     C,0xE0 /* A   */.0
   \   0000BE   92AF         MOV     0xa8.7,C
   \   0000C0   7F06         MOV     R7,#0x6
   \   0000C2   02....       LJMP    ?INTERRUPT_LEAVE_XSP
   \   0000C5                REQUIRE _A_IEN0
   \   0000C5                REQUIRE RFIRQF0
   \   0000C5                REQUIRE RFST
   \   0000C5                REQUIRE RFD
   \   0000C5                REQUIRE S1CON

   \                                 In  segment BANKED_CODE, align 1, keep-with-next
   \   __banked_func __xdata_reentrant void MRFI_SetLogicalChannel(uint8_t)
   \                     MRFI_SetLogicalChannel:
   \   000000   74F6         MOV     A,#-0xa
   \   000002   12....       LCALL   ?BANKED_ENTER_XDATA
   \   000005                ; Saved register size: 10
   \   000005                ; Auto size: 0
   \   000005   E9           MOV     A,R1
   \   000006   FE           MOV     R6,A
   \   000007   C3           CLR     C
   \   000008   9404         SUBB    A,#0x4
   \   00000A   4004         JC      ??MRFI_SetLogicalChannel_0
   \   00000C   C2AF         CLR     0xa8.7
   \                     ??MRFI_SetLogicalChannel_1:
   \   00000E   80FE         SJMP    ??MRFI_SetLogicalChannel_1
   \                     ??MRFI_SetLogicalChannel_0:
   \   000010                ; Setup parameters for call to function Mrfi_RxModeOff
   \   000010   12....       LCALL   ??Mrfi_RxModeOff?relay
   \   000013   75F005       MOV     B,#0x5
   \   000016   8E..         MOV     ?V0 + 0,R6
   \   000018   74..         MOV     A,#mrfiLogicalChanTable & 0xff
   \   00001A   25..         ADD     A,?V0 + 0
   \   00001C   F582         MOV     DPL,A
   \   00001E   74..         MOV     A,#(mrfiLogicalChanTable >> 8) & 0xff
   \   000020   3400         ADDC    A,#0x0
   \   000022   F583         MOV     DPH,A
   \   000024   E0           MOVX    A,@DPTR
   \   000025   A4           MUL     AB
   \   000026   24D4         ADD     A,#-0x2c
   \   000028   90618F       MOV     DPTR,#0x618f
   \   00002B   F0           MOVX    @DPTR,A
   \   00002C   90....       MOV     DPTR,#mrfiRadioState
   \   00002F   E0           MOVX    A,@DPTR
   \   000030   6403         XRL     A,#0x3
   \   000032   7003         JNZ     ??MRFI_SetLogicalChannel_2
   \   000034                ; Setup parameters for call to function Mrfi_RxModeOn
   \   000034   12....       LCALL   ??Mrfi_RxModeOn?relay
   \                     ??MRFI_SetLogicalChannel_2:
   \   000037   80..         SJMP    ?Subroutine0
   \   000039                REQUIRE _A_IEN0

   \                                 In  segment BANKED_CODE, align 1, keep-with-next
   \   __banked_func __xdata_reentrant void MRFI_SetRFPwr(uint8_t)
   \                     MRFI_SetRFPwr:
   \   000000   74F6         MOV     A,#-0xa
   \   000002   12....       LCALL   ?BANKED_ENTER_XDATA
   \   000005                ; Saved register size: 10
   \   000005                ; Auto size: 0
   \   000005   E9           MOV     A,R1
   \   000006   FE           MOV     R6,A
   \   000007                ; Setup parameters for call to function Mrfi_RxModeOff
   \   000007   12....       LCALL   ??Mrfi_RxModeOff?relay
   \   00000A   8E..         MOV     ?V0 + 0,R6
   \   00000C   74..         MOV     A,#mrfiRFPowerTable & 0xff
   \   00000E   25..         ADD     A,?V0 + 0
   \   000010   F582         MOV     DPL,A
   \   000012   74..         MOV     A,#(mrfiRFPowerTable >> 8) & 0xff
   \   000014   3400         ADDC    A,#0x0
   \   000016   F583         MOV     DPH,A
   \   000018   E0           MOVX    A,@DPTR
   \   000019   906190       MOV     DPTR,#0x6190
   \   00001C   F0           MOVX    @DPTR,A
   \   00001D   90....       MOV     DPTR,#mrfiRadioState
   \   000020   E0           MOVX    A,@DPTR
   \   000021   6403         XRL     A,#0x3
   \   000023   7003         JNZ     ??MRFI_SetRFPwr_0
   \   000025                ; Setup parameters for call to function Mrfi_RxModeOn
   \   000025   12....       LCALL   ??Mrfi_RxModeOn?relay
   \                     ??MRFI_SetRFPwr_0:
   \   000028                REQUIRE ?Subroutine0
   \   000028                ; // Fall through to label ?Subroutine0

   \                                 In  segment BANKED_CODE, align 1, keep-with-next
   \   __banked_func __xdata_reentrant void MRFI_WakeUp(void)
   \                     MRFI_WakeUp:
   \   000000   C082         PUSH    DPL
   \   000002   C083         PUSH    DPH
   \   000004                ; Saved register size: 2
   \   000004                ; Auto size: 0
   \   000004   90....       MOV     DPTR,#mrfiRadioState
   \   000007   E0           MOVX    A,@DPTR
   \   000008   6401         XRL     A,#0x1
   \   00000A   7003         JNZ     ??MRFI_WakeUp_0
   \   00000C   7402         MOV     A,#0x2
   \   00000E   F0           MOVX    @DPTR,A
   \                     ??MRFI_WakeUp_0:
   \   00000F   80..         SJMP    ??Subroutine6_0

   \                                 In  segment BANKED_CODE, align 1, keep-with-next
   \   __banked_func __xdata_reentrant void MRFI_Sleep(void)
   \                     MRFI_Sleep:
   \   000000   C082         PUSH    DPL
   \   000002   C083         PUSH    DPH
   \   000004                ; Saved register size: 2
   \   000004                ; Auto size: 0
   \   000004   90....       MOV     DPTR,#mrfiRadioState
   \   000007   E0           MOVX    A,@DPTR
   \   000008   6401         XRL     A,#0x1
   \   00000A   6009         JZ      ??MRFI_Sleep_0
   \   00000C                ; Setup parameters for call to function MRFI_RxIdle
   \   00000C   12....       LCALL   ??MRFI_RxIdle?relay
   \   00000F   90....       MOV     DPTR,#mrfiRadioState
   \   000012   7401         MOV     A,#0x1
   \   000014   F0           MOVX    @DPTR,A
   \                     ??MRFI_Sleep_0:
   \   000015   80..         SJMP    ??Subroutine6_0

   \                                 In  segment BANKED_CODE, align 1, keep-with-next
   \   __banked_func __xdata_reentrant uint8_t MRFI_SetRxAddrFilter(uint8_t *)
   \                     MRFI_SetRxAddrFilter:
   \   000000   74F7         MOV     A,#-0x9
   \   000002   12....       LCALL   ?BANKED_ENTER_XDATA
   \   000005                ; Saved register size: 9
   \   000005                ; Auto size: 0
   \   000005   8A82         MOV     DPL,R2
   \   000007   8B83         MOV     DPH,R3
   \   000009   A3           INC     DPTR
   \   00000A   A882         MOV     R0,DPL
   \   00000C   A983         MOV     R1,DPH
   \   00000E   8A82         MOV     DPL,R2
   \   000010   8B83         MOV     DPH,R3
   \   000012   E0           MOVX    A,@DPTR
   \   000013   FE           MOV     R6,A
   \   000014   74FF         MOV     A,#-0x1
   \   000016   6E           XRL     A,R6
   \   000017   6005         JZ      ??MRFI_SetRxAddrFilter_0
   \   000019   74FE         MOV     A,#-0x2
   \   00001B   6E           XRL     A,R6
   \   00001C   7008         JNZ     ??MRFI_SetRxAddrFilter_1
   \                     ??MRFI_SetRxAddrFilter_0:
   \   00001E   8882         MOV     DPL,R0
   \   000020   8983         MOV     DPH,R1
   \   000022   E0           MOVX    A,@DPTR
   \   000023   F4           CPL     A
   \   000024   6021         JZ      ??MRFI_SetRxAddrFilter_2
   \                     ??MRFI_SetRxAddrFilter_1:
   \   000026   EA           MOV     A,R2
   \   000027   2403         ADD     A,#0x3
   \   000029   FC           MOV     R4,A
   \   00002A   EB           MOV     A,R3
   \   00002B   3400         ADDC    A,#0x0
   \   00002D   FD           MOV     R5,A
   \   00002E   EA           MOV     A,R2
   \   00002F   2402         ADD     A,#0x2
   \   000031   0A           INC     R2
   \   000032   0A           INC     R2
   \   000033   EB           MOV     A,R3
   \   000034   3400         ADDC    A,#0x0
   \   000036   FB           MOV     R3,A
   \   000037   8A82         MOV     DPL,R2
   \   000039   8B83         MOV     DPH,R3
   \   00003B   E0           MOVX    A,@DPTR
   \   00003C   F4           CPL     A
   \   00003D   700C         JNZ     ??MRFI_SetRxAddrFilter_3
   \   00003F   8C82         MOV     DPL,R4
   \   000041   8D83         MOV     DPH,R5
   \   000043   E0           MOVX    A,@DPTR
   \   000044   F4           CPL     A
   \   000045   7004         JNZ     ??MRFI_SetRxAddrFilter_3
   \                     ??MRFI_SetRxAddrFilter_2:
   \   000047   7901         MOV     R1,#0x1
   \   000049   8022         SJMP    ??MRFI_SetRxAddrFilter_4
   \                     ??MRFI_SetRxAddrFilter_3:
   \   00004B   EE           MOV     A,R6
   \   00004C   906172       MOV     DPTR,#0x6172
   \   00004F   F0           MOVX    @DPTR,A
   \   000050   8882         MOV     DPL,R0
   \   000052   8983         MOV     DPH,R1
   \   000054   E0           MOVX    A,@DPTR
   \   000055   906173       MOV     DPTR,#0x6173
   \   000058   F0           MOVX    @DPTR,A
   \   000059   8A82         MOV     DPL,R2
   \   00005B   8B83         MOV     DPH,R3
   \   00005D   E0           MOVX    A,@DPTR
   \   00005E   906174       MOV     DPTR,#0x6174
   \   000061   F0           MOVX    @DPTR,A
   \   000062   8C82         MOV     DPL,R4
   \   000064   8D83         MOV     DPH,R5
   \   000066   E0           MOVX    A,@DPTR
   \   000067   906175       MOV     DPTR,#0x6175
   \   00006A   F0           MOVX    @DPTR,A
   \   00006B   7900         MOV     R1,#0x0
   \                     ??MRFI_SetRxAddrFilter_4:
   \   00006D                REQUIRE ?Subroutine2
   \   00006D                ; // Fall through to label ?Subroutine2

   \                                 In  segment BANKED_CODE, align 1, keep-with-next
   \                     ?Subroutine2:
   \   000000   7F01         MOV     R7,#0x1
   \   000002   02....       LJMP    ?BANKED_LEAVE_XDATA

   \                                 In  segment BANKED_CODE, align 1, keep-with-next
   \                     ?Subroutine1:
   \   000000   F0           MOVX    @DPTR,A
   \   000001                REQUIRE ??Subroutine6_0
   \   000001                ; // Fall through to label ??Subroutine6_0

   \                                 In  segment BANKED_CODE, align 1, keep-with-next
   \   __banked_func __xdata_reentrant void MRFI_EnableRxAddrFilter(void)
   \                     MRFI_EnableRxAddrFilter:
   \   000000   C082         PUSH    DPL
   \   000002   C083         PUSH    DPH
   \   000004                ; Saved register size: 2
   \   000004                ; Auto size: 0
   \   000004   906172       MOV     DPTR,#0x6172
   \   000007   E0           MOVX    A,@DPTR
   \   000008   F4           CPL     A
   \   000009   6005         JZ      ??MRFI_EnableRxAddrFilter_0
   \   00000B   A3           INC     DPTR
   \   00000C   E0           MOVX    A,@DPTR
   \   00000D   F4           CPL     A
   \   00000E   7004         JNZ     ??MRFI_EnableRxAddrFilter_1
   \                     ??MRFI_EnableRxAddrFilter_0:
   \   000010   C2AF         CLR     0xa8.7
   \                     ??MRFI_EnableRxAddrFilter_2:
   \   000012   80FE         SJMP    ??MRFI_EnableRxAddrFilter_2
   \                     ??MRFI_EnableRxAddrFilter_1:
   \   000014   906180       MOV     DPTR,#0x6180
   \   000017   E0           MOVX    A,@DPTR
   \   000018   D2E0         SETB    0xE0 /* A   */.0
   \   00001A   02....       LJMP    ?Subroutine1 & 0xFFFF
   \   00001D                REQUIRE _A_IEN0

   \                                 In  segment BANKED_CODE, align 1, keep-with-next
   \   __banked_func __xdata_reentrant void MRFI_DisableRxAddrFilter(void)
   \                     MRFI_DisableRxAddrFilter:
   \   000000   C082         PUSH    DPL
   \   000002   C083         PUSH    DPH
   \   000004                ; Saved register size: 2
   \   000004                ; Auto size: 0
   \   000004   906180       MOV     DPTR,#0x6180
   \   000007   E0           MOVX    A,@DPTR
   \   000008   C2E0         CLR     0xE0 /* A   */.0
   \   00000A   02....       LJMP    ?Subroutine1 & 0xFFFF

   \                                 In  segment BANKED_CODE, align 1, keep-with-next
   \   __banked_func __xdata_reentrant int8_t MRFI_Rssi(void)
   \                     MRFI_Rssi:
   \   000000   C082         PUSH    DPL
   \   000002   C083         PUSH    DPH
   \   000004                ; Saved register size: 2
   \   000004                ; Auto size: 0
   \   000004   90....       MOV     DPTR,#mrfiRadioState
   \   000007   E0           MOVX    A,@DPTR
   \   000008   6403         XRL     A,#0x3
   \   00000A   6004         JZ      ??MRFI_Rssi_0
   \   00000C   C2AF         CLR     0xa8.7
   \                     ??MRFI_Rssi_1:
   \   00000E   80FE         SJMP    ??MRFI_Rssi_1
   \                     ??MRFI_Rssi_0:
   \   000010   906199       MOV     DPTR,#0x6199
   \   000013   E0           MOVX    A,@DPTR
   \   000014   A2E0         MOV     C,0xE0 /* A   */.0
   \   000016   50F8         JNC     ??MRFI_Rssi_0
   \   000018   906198       MOV     DPTR,#0x6198
   \   00001B   E0           MOVX    A,@DPTR
   \   00001C   F8           MOV     R0,A
   \   00001D   74B4         MOV     A,#-0x4c
   \   00001F   28           ADD     A,R0
   \   000020   F9           MOV     R1,A
   \   000021   02....       LJMP    ??Subroutine6_0 & 0xFFFF
   \   000024                REQUIRE _A_IEN0

   \                                 In  segment BANKED_CODE, align 1, keep-with-next
   \   __banked_func __xdata_reentrant uint8_t MRFI_RandomByte(void)
   \                     MRFI_RandomByte:
   \   000000                ; Saved register size: 0
   \   000000                ; Auto size: 0
   \   000000   E5B4         MOV     A,0xb4
   \   000002   54F3         ANL     A,#0xf3
   \   000004   4404         ORL     A,#0x4
   \   000006   F5B4         MOV     0xb4,A
   \   000008   A9BD         MOV     R1,0xbd
   \   00000A   02....       LJMP    ?BRET
   \   00000D                REQUIRE ADCCON1
   \   00000D                REQUIRE RNDH

   \                                 In  segment BANKED_CODE, align 1, keep-with-next
   \   __banked_func __xdata_reentrant void MRFI_DelayMs(uint16_t)
   \                     MRFI_DelayMs:
   \   000000   74F7         MOV     A,#-0x9
   \   000002   12....       LCALL   ?BANKED_ENTER_XDATA
   \   000005                ; Saved register size: 9
   \   000005                ; Auto size: 0
   \   000005   EA           MOV     A,R2
   \   000006   FE           MOV     R6,A
   \   000007   EB           MOV     A,R3
   \   000008   800E         SJMP    ??MRFI_DelayMs_0
   \                     ??MRFI_DelayMs_1:
   \   00000A                ; Setup parameters for call to function Mrfi_DelayUsec
   \   00000A   7AE8         MOV     R2,#-0x18
   \   00000C   7B03         MOV     R3,#0x3
   \   00000E   12....       LCALL   ??Mrfi_DelayUsec?relay
   \   000011   EE           MOV     A,R6
   \   000012   24FF         ADD     A,#-0x1
   \   000014   1E           DEC     R6
   \   000015   EF           MOV     A,R7
   \   000016   34FF         ADDC    A,#-0x1
   \                     ??MRFI_DelayMs_0:
   \   000018   FF           MOV     R7,A
   \   000019   EE           MOV     A,R6
   \   00001A   4F           ORL     A,R7
   \   00001B   70ED         JNZ     ??MRFI_DelayMs_1
   \   00001D   80..         SJMP    ?Subroutine2

   \                                 In  segment BANKED_CODE, align 1, keep-with-next
   \   __banked_func __xdata_reentrant void MRFI_ReplyDelay()
   \                     MRFI_ReplyDelay:
   \   000000   74F5         MOV     A,#-0xb
   \   000002   12....       LCALL   ?BANKED_ENTER_XDATA
   \   000005                ; Saved register size: 11
   \   000005                ; Auto size: 0
   \   000005   90....       MOV     DPTR,#sReplyDelayScalar
   \   000008   E0           MOVX    A,@DPTR
   \   000009   F5..         MOV     ?V0 + 0,A
   \   00000B   A3           INC     DPTR
   \   00000C   E0           MOVX    A,@DPTR
   \   00000D   F5..         MOV     ?V0 + 1,A
   \   00000F   E5A8         MOV     A,0xa8
   \   000011   F8           MOV     R0,A
   \   000012   C2AF         CLR     0xa8.7
   \   000014   90....       MOV     DPTR,#sReplyDelayContext
   \   000017   7401         MOV     A,#0x1
   \   000019   12....       LCALL   ?Subroutine5 & 0xFFFF
   \                     ??CrossCallReturnLabel_6:
   \   00001C   800C         SJMP    ??MRFI_ReplyDelay_0
   \                     ??MRFI_ReplyDelay_1:
   \   00001E   E5..         MOV     A,?V0 + 0
   \   000020   24FF         ADD     A,#-0x1
   \   000022   F5..         MOV     ?V0 + 0,A
   \   000024   E5..         MOV     A,?V0 + 1
   \   000026   34FF         ADDC    A,#-0x1
   \   000028   F5..         MOV     ?V0 + 1,A
   \                     ??MRFI_ReplyDelay_0:
   \   00002A   E5..         MOV     A,?V0 + 0
   \   00002C   45..         ORL     A,?V0 + 1
   \   00002E   6027         JZ      ??MRFI_ReplyDelay_2
   \   000030   7E3E         MOV     R6,#0x3e
   \   000032   7F00         MOV     R7,#0x0
   \                     ??MRFI_ReplyDelay_3:
   \   000034   E5A8         MOV     A,0xa8
   \   000036   F5..         MOV     ?V0 + 2,A
   \   000038   C2AF         CLR     0xa8.7
   \   00003A                ; Setup parameters for call to function BSP_Delay
   \   00003A   7A10         MOV     R2,#0x10
   \   00003C   7B00         MOV     R3,#0x0
   \   00003E   12....       LCALL   ??BSP_Delay?relay
   \   000041   E5..         MOV     A,?V0 + 2
   \   000043   A2E7         MOV     C,0xE0 /* A   */.7
   \   000045   92AF         MOV     0xa8.7,C
   \   000047   E5A8         MOV     A,0xa8
   \   000049   90....       MOV     DPTR,#sKillSem
   \   00004C   E0           MOVX    A,@DPTR
   \   00004D   7005         JNZ     ??MRFI_ReplyDelay_4
   \   00004F   12....       LCALL   ?Subroutine3 & 0xFFFF
   \                     ??CrossCallReturnLabel_0:
   \   000052   70E0         JNZ     ??MRFI_ReplyDelay_3
   \                     ??MRFI_ReplyDelay_4:
   \   000054   E0           MOVX    A,@DPTR
   \   000055   60C7         JZ      ??MRFI_ReplyDelay_1
   \                     ??MRFI_ReplyDelay_2:
   \   000057   E5A8         MOV     A,0xa8
   \   000059   F8           MOV     R0,A
   \   00005A   C2AF         CLR     0xa8.7
   \   00005C   90....       MOV     DPTR,#sKillSem
   \   00005F   E4           CLR     A
   \   000060   F0           MOVX    @DPTR,A
   \   000061   90....       MOV     DPTR,#sReplyDelayContext
   \   000064   12....       LCALL   ?Subroutine5 & 0xFFFF
   \                     ??CrossCallReturnLabel_7:
   \   000067   7F03         MOV     R7,#0x3
   \   000069   02....       LJMP    ?BANKED_LEAVE_XDATA
   \   00006C                REQUIRE _A_IEN0

   \                                 In  segment BANKED_CODE, align 1, keep-with-next
   \                     ?Subroutine5:
   \   000000   F0           MOVX    @DPTR,A
   \   000001   E8           MOV     A,R0
   \   000002   A2E7         MOV     C,0xE0 /* A   */.7
   \   000004   92AF         MOV     0xa8.7,C
   \   000006   E5A8         MOV     A,0xa8
   \   000008   22           RET

   \                                 In  segment BANKED_CODE, align 1, keep-with-next
   \   __banked_func __xdata_reentrant bool Mrfi_DelayUsecLong(uint32_t, uint16_t, bool (*)(void))
   \                     Mrfi_DelayUsecLong:
   \   000000   74EF         MOV     A,#-0x11
   \   000002   12....       LCALL   ?BANKED_ENTER_XDATA
   \   000005                ; Saved register size: 17
   \   000005                ; Auto size: 0
   \   000005   8A..         MOV     ?V0 + 4,R2
   \   000007   8B..         MOV     ?V0 + 5,R3
   \   000009   8C..         MOV     ?V0 + 6,R4
   \   00000B   8D..         MOV     ?V0 + 7,R5
   \   00000D   7411         MOV     A,#0x11
   \   00000F   12....       LCALL   ?XSTACK_DISP0_8
   \   000012   E0           MOVX    A,@DPTR
   \   000013   F5..         MOV     ?V0 + 0,A
   \   000015   A3           INC     DPTR
   \   000016   E0           MOVX    A,@DPTR
   \   000017   F5..         MOV     ?V0 + 1,A
   \   000019   7413         MOV     A,#0x13
   \   00001B   12....       LCALL   ?XSTACK_DISP0_8
   \   00001E   E0           MOVX    A,@DPTR
   \   00001F   F5..         MOV     ?V0 + 2,A
   \   000021   A3           INC     DPTR
   \   000022   E0           MOVX    A,@DPTR
   \   000023   F5..         MOV     ?V0 + 3,A
   \   000025   C2..         CLR     ?VB.0
   \                     ??Mrfi_DelayUsecLong_0:
   \   000027   E5..         MOV     A,?V0 + 4
   \   000029   45..         ORL     A,?V0 + 5
   \   00002B   45..         ORL     A,?V0 + 6
   \   00002D   45..         ORL     A,?V0 + 7
   \   00002F   603D         JZ      ??Mrfi_DelayUsecLong_1
   \   000031   7E3E         MOV     R6,#0x3e
   \   000033   7F00         MOV     R7,#0x0
   \                     ??Mrfi_DelayUsecLong_2:
   \   000035   E5A8         MOV     A,0xa8
   \   000037   F5..         MOV     ?V0 + 8,A
   \   000039   C2AF         CLR     0xa8.7
   \   00003B                ; Setup parameters for call to function BSP_Delay
   \   00003B   7A10         MOV     R2,#0x10
   \   00003D   7B00         MOV     R3,#0x0
   \   00003F   12....       LCALL   ??BSP_Delay?relay
   \   000042   E5..         MOV     A,?V0 + 8
   \   000044   A2E7         MOV     C,0xE0 /* A   */.7
   \   000046   92AF         MOV     0xa8.7,C
   \   000048   E5A8         MOV     A,0xa8
   \   00004A   E5..         MOV     A,?V0 + 2
   \   00004C   45..         ORL     A,?V0 + 3
   \   00004E   600D         JZ      ??Mrfi_DelayUsecLong_3
   \   000050                ; Setup parameters for indirect call
   \   000050   85..82       MOV     DPL,?V0 + 2
   \   000053   85..83       MOV     DPH,?V0 + 3
   \   000056   12....       LCALL   ?CALL_IND
   \   000059   92..         MOV     ?VB.0,C
   \   00005B   4005         JC      ??Mrfi_DelayUsecLong_4
   \                     ??Mrfi_DelayUsecLong_3:
   \   00005D   12....       LCALL   ?Subroutine3 & 0xFFFF
   \                     ??CrossCallReturnLabel_1:
   \   000060   70D3         JNZ     ??Mrfi_DelayUsecLong_2
   \                     ??Mrfi_DelayUsecLong_4:
   \   000062   90....       MOV     DPTR,#__Constant_ffffffff
   \   000065   78..         MOV     R0,#?V0 + 4
   \   000067   12....       LCALL   ?L_ADD_X
   \   00006A   A2..         MOV     C,?VB.0
   \   00006C   50B9         JNC     ??Mrfi_DelayUsecLong_0
   \                     ??Mrfi_DelayUsecLong_1:
   \   00006E   85....       MOV     ?V0 + 4,?V0 + 0
   \   000071   85....       MOV     ?V0 + 5,?V0 + 1
   \   000074   7404         MOV     A,#0x4
   \   000076   78..         MOV     R0,#?V0 + 4
   \   000078   12....       LCALL   ?US_SHR
   \   00007B   AE..         MOV     R6,?V0 + 4
   \   00007D   AF..         MOV     R7,?V0 + 5
   \   00007F   A2..         MOV     C,?VB.0
   \   000081   4021         JC      ??Mrfi_DelayUsecLong_5
   \   000083   E5..         MOV     A,?V0 + 0
   \   000085   45..         ORL     A,?V0 + 1
   \   000087   601B         JZ      ??Mrfi_DelayUsecLong_5
   \                     ??Mrfi_DelayUsecLong_6:
   \   000089   12....       LCALL   ?Subroutine4 & 0xFFFF
   \                     ??CrossCallReturnLabel_4:
   \   00008C   E5..         MOV     A,?V0 + 2
   \   00008E   45..         ORL     A,?V0 + 3
   \   000090   600D         JZ      ??Mrfi_DelayUsecLong_7
   \   000092                ; Setup parameters for indirect call
   \   000092   85..82       MOV     DPL,?V0 + 2
   \   000095   85..83       MOV     DPH,?V0 + 3
   \   000098   12....       LCALL   ?CALL_IND
   \   00009B   92..         MOV     ?VB.0,C
   \   00009D   4005         JC      ??Mrfi_DelayUsecLong_5
   \                     ??Mrfi_DelayUsecLong_7:
   \   00009F   12....       LCALL   ?Subroutine3 & 0xFFFF
   \                     ??CrossCallReturnLabel_2:
   \   0000A2   70E5         JNZ     ??Mrfi_DelayUsecLong_6
   \                     ??Mrfi_DelayUsecLong_5:
   \   0000A4   A2..         MOV     C,?VB.0
   \   0000A6   7F09         MOV     R7,#0x9
   \   0000A8   02....       LJMP    ?BANKED_LEAVE_XDATA
   \   0000AB                REQUIRE _A_IEN0

   \                                 In  segment BANKED_CODE, align 1, keep-with-next
   \                     ?Subroutine3:
   \   000000   EE           MOV     A,R6
   \   000001   F8           MOV     R0,A
   \   000002   EF           MOV     A,R7
   \   000003   F9           MOV     R1,A
   \   000004   E8           MOV     A,R0
   \   000005   24FF         ADD     A,#-0x1
   \   000007   1E           DEC     R6
   \   000008   E9           MOV     A,R1
   \   000009   34FF         ADDC    A,#-0x1
   \   00000B   FF           MOV     R7,A
   \   00000C   E8           MOV     A,R0
   \   00000D   49           ORL     A,R1
   \   00000E   22           RET

   \                                 In  segment BANKED_CODE, align 1, keep-with-next
   \                     ?Subroutine4:
   \   000000   E5A8         MOV     A,0xa8
   \   000002   F5..         MOV     ?V0 + 0,A
   \   000004   C2AF         CLR     0xa8.7
   \   000006                ; Setup parameters for call to function BSP_Delay
   \   000006                ; Setup parameters for call to function BSP_Delay
   \   000006   7A10         MOV     R2,#0x10
   \   000008   7B00         MOV     R3,#0x0
   \   00000A   12....       LCALL   ??BSP_Delay?relay
   \   00000D   E5..         MOV     A,?V0 + 0
   \   00000F   A2E7         MOV     C,0xE0 /* A   */.7
   \   000011   92AF         MOV     0xa8.7,C
   \   000013   E5A8         MOV     A,0xa8
   \   000015   22           RET

   \                                 In  segment BANKED_CODE, align 1, keep-with-next
   \   __banked_func __xdata_reentrant void MRFI_PostKillSem(void)
   \                     MRFI_PostKillSem:
   \   000000   C082         PUSH    DPL
   \   000002   C083         PUSH    DPH
   \   000004                ; Saved register size: 2
   \   000004                ; Auto size: 0
   \   000004   90....       MOV     DPTR,#sReplyDelayContext
   \   000007   E0           MOVX    A,@DPTR
   \   000008   6006         JZ      ??MRFI_PostKillSem_0
   \   00000A   90....       MOV     DPTR,#sKillSem
   \   00000D   7401         MOV     A,#0x1
   \   00000F   F0           MOVX    @DPTR,A
   \                     ??MRFI_PostKillSem_0:
   \   000010   02....       LJMP    ??Subroutine6_0 & 0xFFFF

   \                                 In  segment BANKED_CODE, align 1, keep-with-next
   \   static __banked_func __xdata_reentrant void Mrfi_RxModeOn(void)
   \                     Mrfi_RxModeOn:
   \   000000   C082         PUSH    DPL
   \   000002   C083         PUSH    DPH
   \   000004                ; Saved register size: 2
   \   000004                ; Auto size: 0
   \   000004   75E1E3       MOV     0xe1,#-0x1d
   \   000007   9061A3       MOV     DPTR,#0x61a3
   \   00000A   E0           MOVX    A,@DPTR
   \   00000B   D2E2         SETB    0xE0 /* A   */.2
   \   00000D   02....       LJMP    ?Subroutine1 & 0xFFFF
   \   000010                REQUIRE RFST

   \                                 In  segment BANKED_CODE, align 1, keep-with-next
   \   static __banked_func __xdata_reentrant void Mrfi_RxModeOff(void)
   \                     Mrfi_RxModeOff:
   \   000000   C082         PUSH    DPL
   \   000002   C083         PUSH    DPH
   \   000004                ; Saved register size: 2
   \   000004                ; Auto size: 0
   \   000004   9061A3       MOV     DPTR,#0x61a3
   \   000007   E0           MOVX    A,@DPTR
   \   000008   C2E2         CLR     0xE0 /* A   */.2
   \   00000A   F0           MOVX    @DPTR,A
   \   00000B   75E1EF       MOV     0xe1,#-0x11
   \   00000E   75E1ED       MOV     0xe1,#-0x13
   \   000011   75E1ED       MOV     0xe1,#-0x13
   \   000014   75E9FB       MOV     0xe9,#-0x5
   \   000017   02....       LJMP    ??Subroutine6_0 & 0xFFFF
   \   00001A                REQUIRE RFST
   \   00001A                REQUIRE RFIRQF0

   \                                 In  segment BANKED_CODE, align 1, keep-with-next
   \   static __banked_func __xdata_reentrant void Mrfi_RandomBackoffDelay(void)
   \                     Mrfi_RandomBackoffDelay:
   \   000000   74F7         MOV     A,#-0x9
   \   000002   12....       LCALL   ?BANKED_ENTER_XDATA
   \   000005                ; Saved register size: 9
   \   000005                ; Auto size: 0
   \   000005                ; Setup parameters for call to function MRFI_RandomByte
   \   000005   12....       LCALL   ??MRFI_RandomByte?relay
   \   000008   E9           MOV     A,R1
   \   000009   540F         ANL     A,#0xf
   \   00000B   04           INC     A
   \   00000C   FE           MOV     R6,A
   \                     ??Mrfi_RandomBackoffDelay_0:
   \   00000D                ; Setup parameters for call to function Mrfi_DelayUsec
   \   00000D   7AFA         MOV     R2,#-0x6
   \   00000F   7B00         MOV     R3,#0x0
   \   000011   12....       LCALL   ??Mrfi_DelayUsec?relay
   \   000014   1E           DEC     R6
   \   000015   EE           MOV     A,R6
   \   000016   70F5         JNZ     ??Mrfi_RandomBackoffDelay_0
   \   000018   02....       LJMP    ?Subroutine2 & 0xFFFF

   \                                 In  segment BANKED_CODE, align 1, keep-with-next
   \   static __banked_func __xdata_reentrant void Mrfi_DelayUsec(uint16_t)
   \                     Mrfi_DelayUsec:
   \   000000   74F6         MOV     A,#-0xa
   \   000002   12....       LCALL   ?BANKED_ENTER_XDATA
   \   000005                ; Saved register size: 10
   \   000005                ; Auto size: 0
   \   000005   8A..         MOV     ?V0 + 0,R2
   \   000007   8B..         MOV     ?V0 + 1,R3
   \   000009   7404         MOV     A,#0x4
   \   00000B   78..         MOV     R0,#?V0 + 0
   \   00000D   12....       LCALL   ?US_SHR
   \   000010   AE..         MOV     R6,?V0 + 0
   \   000012   AF..         MOV     R7,?V0 + 1
   \   000014   EA           MOV     A,R2
   \   000015   4B           ORL     A,R3
   \   000016   6008         JZ      ??Mrfi_DelayUsec_0
   \                     ??Mrfi_DelayUsec_1:
   \   000018   12....       LCALL   ?Subroutine4 & 0xFFFF
   \                     ??CrossCallReturnLabel_5:
   \   00001B   12....       LCALL   ?Subroutine3 & 0xFFFF
   \                     ??CrossCallReturnLabel_3:
   \   00001E   70F8         JNZ     ??Mrfi_DelayUsec_1
   \                     ??Mrfi_DelayUsec_0:
   \   000020   02....       LJMP    ?Subroutine0 & 0xFFFF
   \   000023                REQUIRE _A_IEN0

   \                                 In  segment BANKED_CODE, align 1, keep-with-next
   \   __banked_func __xdata_reentrant uint8_t MRFI_GetRadioState(void)
   \                     MRFI_GetRadioState:
   \   000000   C082         PUSH    DPL
   \   000002   C083         PUSH    DPH
   \   000004                ; Saved register size: 2
   \   000004                ; Auto size: 0
   \   000004   90....       MOV     DPTR,#mrfiRadioState
   \   000007   E0           MOVX    A,@DPTR
   \   000008   F9           MOV     R1,A
   \   000009   02....       LJMP    ??Subroutine6_0 & 0xFFFF

   \                                 In  segment XDATA_I, align 1, keep-with-next
   \                     __Constant_2:
   \   000000                DS 4
   \   000004                REQUIRE `?<Initializer for __Constant_2>`
   \   000004                REQUIRE __INIT_XDATA_I

   \                                 In  segment XDATA_I, align 1, keep-with-next
   \                     __Constant_ffffffff:
   \   000000                DS 4
   \   000004                REQUIRE `?<Initializer for __Constant_ffffffff>`
   \   000004                REQUIRE __INIT_XDATA_I

   \                                 In  segment INTVEC, offset 0x83, root
   \                     `??MRFI_RxIsr??INTVEC 131`:
   \   000083   02....       LJMP       (MRFI_RxIsr)

   \                                 In  segment XDATA_ID, align 1, keep-with-next
   \                     `?<Initializer for mrfiBroadcastAddr>`:
   \   000000   FF           DB 255
   \   000001   FF           DB 255
   \   000002   FF           DB 255
   \   000003   FF           DB 255

   \                                 In  segment XDATA_ID, align 1, keep-with-next
   \                     `?<Initializer for mrfiLogicalChanTable>`:
   \   000000   0F           DB 15
   \   000001   14           DB 20
   \   000002   19           DB 25
   \   000003   1A           DB 26

   \                                 In  segment XDATA_ID, align 1, keep-with-next
   \                     `?<Initializer for mrfiRFPowerTable>`:
   \   000000   25           DB 37
   \   000001   75           DB 117
   \   000002   D5           DB 213

   \                                 In  segment XDATA_ID, align 1, keep-with-next
   \                     `?<Initializer for __Constant_2>`:
   \   000000   02000000     DD 2

   \                                 In  segment XDATA_ID, align 1, keep-with-next
   \                     `?<Initializer for __Constant_ffffffff>`:
   \   000000   FFFFFFFF     DD 4294967295

   \                                 In  segment BANK_RELAYS, align 1
   \                     ??MRFI_Init?relay:
   \   000000   12....       LCALL   ?BDISPATCH
   \   000003   ......       DC24    MRFI_Init

   \                                 In  segment BANK_RELAYS, align 1
   \                     ??mrfi_TxDone?relay:
   \   000000   12....       LCALL   ?BDISPATCH
   \   000003   ......       DC24    mrfi_TxDone

   \                                 In  segment BANK_RELAYS, align 1
   \                     ??MRFI_Transmit?relay:
   \   000000   12....       LCALL   ?BDISPATCH
   \   000003   ......       DC24    MRFI_Transmit

   \                                 In  segment BANK_RELAYS, align 1
   \                     ??MRFI_Receive?relay:
   \   000000   12....       LCALL   ?BDISPATCH
   \   000003   ......       DC24    MRFI_Receive

   \                                 In  segment BANK_RELAYS, align 1
   \                     ??MRFI_RxOn?relay:
   \   000000   12....       LCALL   ?BDISPATCH
   \   000003   ......       DC24    MRFI_RxOn

   \                                 In  segment BANK_RELAYS, align 1
   \                     ??MRFI_RxIdle?relay:
   \   000000   12....       LCALL   ?BDISPATCH
   \   000003   ......       DC24    MRFI_RxIdle

   \                                 In  segment BANK_RELAYS, align 1
   \                     ??MRFI_SetLogicalChannel?relay:
   \   000000   12....       LCALL   ?BDISPATCH
   \   000003   ......       DC24    MRFI_SetLogicalChannel

   \                                 In  segment BANK_RELAYS, align 1
   \                     ??MRFI_SetRFPwr?relay:
   \   000000   12....       LCALL   ?BDISPATCH
   \   000003   ......       DC24    MRFI_SetRFPwr

   \                                 In  segment BANK_RELAYS, align 1
   \                     ??MRFI_WakeUp?relay:
   \   000000   12....       LCALL   ?BDISPATCH
   \   000003   ......       DC24    MRFI_WakeUp

   \                                 In  segment BANK_RELAYS, align 1
   \                     ??MRFI_Sleep?relay:
   \   000000   12....       LCALL   ?BDISPATCH
   \   000003   ......       DC24    MRFI_Sleep

   \                                 In  segment BANK_RELAYS, align 1
   \                     ??MRFI_SetRxAddrFilter?relay:
   \   000000   12....       LCALL   ?BDISPATCH
   \   000003   ......       DC24    MRFI_SetRxAddrFilter

   \                                 In  segment BANK_RELAYS, align 1
   \                     ??MRFI_EnableRxAddrFilter?relay:
   \   000000   12....       LCALL   ?BDISPATCH
   \   000003   ......       DC24    MRFI_EnableRxAddrFilter

   \                                 In  segment BANK_RELAYS, align 1
   \                     ??MRFI_DisableRxAddrFilter?relay:
   \   000000   12....       LCALL   ?BDISPATCH
   \   000003   ......       DC24    MRFI_DisableRxAddrFilter

   \                                 In  segment BANK_RELAYS, align 1
   \                     ??MRFI_Rssi?relay:
   \   000000   12....       LCALL   ?BDISPATCH
   \   000003   ......       DC24    MRFI_Rssi

   \                                 In  segment BANK_RELAYS, align 1
   \                     ??MRFI_RandomByte?relay:
   \   000000   12....       LCALL   ?BDISPATCH
   \   000003   ......       DC24    MRFI_RandomByte

   \                                 In  segment BANK_RELAYS, align 1
   \                     ??MRFI_DelayMs?relay:
   \   000000   12....       LCALL   ?BDISPATCH
   \   000003   ......       DC24    MRFI_DelayMs

   \                                 In  segment BANK_RELAYS, align 1
   \                     ??MRFI_ReplyDelay?relay:
   \   000000   12....       LCALL   ?BDISPATCH
   \   000003   ......       DC24    MRFI_ReplyDelay

   \                                 In  segment BANK_RELAYS, align 1
   \                     ??Mrfi_DelayUsecLong?relay:
   \   000000   12....       LCALL   ?BDISPATCH
   \   000003   ......       DC24    Mrfi_DelayUsecLong

   \                                 In  segment BANK_RELAYS, align 1
   \                     ??MRFI_PostKillSem?relay:
   \   000000   12....       LCALL   ?BDISPATCH
   \   000003   ......       DC24    MRFI_PostKillSem

   \                                 In  segment BANK_RELAYS, align 1
   \                     ??Mrfi_RxModeOn?relay:
   \   000000   12....       LCALL   ?BDISPATCH
   \   000003   ......       DC24    Mrfi_RxModeOn

   \                                 In  segment BANK_RELAYS, align 1
   \                     ??Mrfi_RxModeOff?relay:
   \   000000   12....       LCALL   ?BDISPATCH
   \   000003   ......       DC24    Mrfi_RxModeOff

   \                                 In  segment BANK_RELAYS, align 1
   \                     ??Mrfi_RandomBackoffDelay?relay:
   \   000000   12....       LCALL   ?BDISPATCH
   \   000003   ......       DC24    Mrfi_RandomBackoffDelay

   \                                 In  segment BANK_RELAYS, align 1
   \                     ??Mrfi_DelayUsec?relay:
   \   000000   12....       LCALL   ?BDISPATCH
   \   000003   ......       DC24    Mrfi_DelayUsec

   \                                 In  segment BANK_RELAYS, align 1
   \                     ??MRFI_GetRadioState?relay:
   \   000000   12....       LCALL   ?BDISPATCH
   \   000003   ......       DC24    MRFI_GetRadioState
    116          
    117          #else
    118          #error "ERROR: Radio family is not defined."
    119          #endif
    120          
    121          
    122          /**************************************************************************************************
    123           */

   Maximum stack usage in bytes:

     Function                     ISTACK PSTACK XSTACK
     --------                     ------ ------ ------
     MRFI_DelayMs                     0      0      9
       -> Mrfi_DelayUsec              0      0     18
     MRFI_DisableRxAddrFilter         2      0      0
     MRFI_EnableRxAddrFilter          2      0      0
     MRFI_GetRadioState               2      0      0
     MRFI_Init                        0      0     12
       -> memset                      0      0     24
       -> MRFI_SetLogicalChannel      0      0     20
       -> MRFI_SetRFPwr               0      0     20
       -> Mrfi_RandomBackoffDelay     0      0     20
     MRFI_PostKillSem                 2      0      0
     MRFI_RandomByte                  0      0      9
     MRFI_Receive                     2      0      0
     MRFI_ReplyDelay                  0      0     11
       -> BSP_Delay                   0      0     22
     MRFI_Rssi                        2      0      0
     MRFI_RxIdle                      2      0      0
       -> Mrfi_RxModeOff              4      0      0
     MRFI_RxIsr                       1      0     21
       -> memset                      0      0     42
       -> MRFI_RxCompleteISR          0      0     38
     MRFI_RxOn                        2      0      0
       -> Mrfi_RxModeOn               4      0      0
     MRFI_SetLogicalChannel           0      0     20
       -> Mrfi_RxModeOff              0      0     20
       -> Mrfi_RxModeOn               0      0     20
     MRFI_SetRFPwr                    0      0     20
       -> Mrfi_RxModeOff              0      0     20
       -> Mrfi_RxModeOn               0      0     20
     MRFI_SetRxAddrFilter             0      0      9
     MRFI_Sleep                       2      0      0
       -> MRFI_RxIdle                 4      0      0
     MRFI_Transmit                    1      0     16
       -> Mrfi_RxModeOff              0      0     24
       -> Mrfi_DelayUsecLong          0      0     32
       -> Mrfi_RxModeOff              0      0     24
       -> Mrfi_RandomBackoffDelay     0      0     24
       -> Mrfi_DelayUsecLong          0      0     32
       -> Mrfi_RxModeOff              0      0     24
       -> Mrfi_RxModeOn               0      0     24
     MRFI_WakeUp                      2      0      0
     Mrfi_DelayUsec                   0      0     19
       -> BSP_Delay                   0      0     20
     Mrfi_DelayUsecLong               0      0     33
       -> BSP_Delay                   0      0     34
       -> BSP_Delay                   0      0     34
     Mrfi_RandomBackoffDelay          0      0     21
       -> MRFI_RandomByte             0      0     18
       -> Mrfi_DelayUsec              0      0     18
     Mrfi_RxModeOff                   2      0     12
     Mrfi_RxModeOn                    2      0     12
     mrfi_TxDone                      0      0      0


   Segment part sizes:

     Function/Label                          Bytes
     --------------                          -----
     _A_IP0xx                                   1
     _A_IP1xx                                   1
     _A_P0                                      1
     RFIRQF1                                    1
     IEN2                                       1
     S1CON                                      1
     SLEEPSTA                                   1
     CLKCONSTA                                  1
     _A_IEN0                                    1
     ADCCON1                                    1
     RNDL                                       1
     RNDH                                       1
     SLEEPCMD                                   1
     CLKCONCMD                                  1
     RFD                                        1
     RFST                                       1
     RFIRQF0                                    1
     P0SEL                                      1
     P0DIR                                      1
     mrfiBroadcastAddr                          4
     mrfiLogicalChanTable                       4
     mrfiRFPowerTable                           3
     mrfiRadioState                             1
     mrfiIncomingPacket                        49
     sReplyDelayContext                         1
     sKillSem                                   1
     sReplyDelayScalar                          2
     MRFI_Init                                344
     ?Subroutine0                               5
     mrfi_TxDone                                7
     MRFI_Transmit                            200
     dsn                                        1
     MRFI_Receive                              19
     ??Subroutine6_0                            7
     MRFI_RxOn                                 30
     MRFI_RxIdle                               32
     MRFI_RxIsr                               197
     MRFI_SetLogicalChannel                    57
     MRFI_SetRFPwr                             40
     MRFI_WakeUp                               17
     MRFI_Sleep                                23
     MRFI_SetRxAddrFilter                     109
     ?Subroutine2                               5
     ?Subroutine1                               1
     MRFI_EnableRxAddrFilter                   29
     MRFI_DisableRxAddrFilter                  13
     MRFI_Rssi                                 36
     MRFI_RandomByte                           13
     MRFI_DelayMs                              31
     MRFI_ReplyDelay                          108
     ?Subroutine5                               9
     Mrfi_DelayUsecLong                       171
     ?Subroutine3                              15
     ?Subroutine4                              22
     MRFI_PostKillSem                          19
     Mrfi_RxModeOn                             16
     Mrfi_RxModeOff                            26
     Mrfi_RandomBackoffDelay                   27
     Mrfi_DelayUsec                            35
     MRFI_GetRadioState                        12
     __Constant_2                               4
     __Constant_ffffffff                        4
     ??MRFI_RxIsr??INTVEC 131                   3
     ?<Initializer for mrfiBroadcastAddr>       4
     ?<Initializer for mrfiLogicalChanTable>    4
     ?<Initializer for mrfiRFPowerTable>        3
     ?<Initializer for __Constant_2>            4
     ?<Initializer for __Constant_ffffffff>     4
     ??MRFI_Init?relay                          6
     ??mrfi_TxDone?relay                        6
     ??MRFI_Transmit?relay                      6
     ??MRFI_Receive?relay                       6
     ??MRFI_RxOn?relay                          6
     ??MRFI_RxIdle?relay                        6
     ??MRFI_SetLogicalChannel?relay             6
     ??MRFI_SetRFPwr?relay                      6
     ??MRFI_WakeUp?relay                        6
     ??MRFI_Sleep?relay                         6
     ??MRFI_SetRxAddrFilter?relay               6
     ??MRFI_EnableRxAddrFilter?relay            6
     ??MRFI_DisableRxAddrFilter?relay           6
     ??MRFI_Rssi?relay                          6
     ??MRFI_RandomByte?relay                    6
     ??MRFI_DelayMs?relay                       6
     ??MRFI_ReplyDelay?relay                    6
     ??Mrfi_DelayUsecLong?relay                 6
     ??MRFI_PostKillSem?relay                   6
     ??Mrfi_RxModeOn?relay                      6
     ??Mrfi_RxModeOff?relay                     6
     ??Mrfi_RandomBackoffDelay?relay            6
     ??Mrfi_DelayUsec?relay                     6
     ??MRFI_GetRadioState?relay                 6

 
 1 478 bytes in segment BANKED_CODE
   144 bytes in segment BANK_RELAYS
     3 bytes in segment INTVEC
   197 bytes in segment NEAR_CODE
    19 bytes in segment SFR_AN
    19 bytes in segment XDATA_I
    19 bytes in segment XDATA_ID
    55 bytes in segment XDATA_Z
 
 1 830 bytes of CODE  memory (+ 11 bytes shared)
     0 bytes of DATA  memory (+ 19 bytes shared)
    66 bytes of XDATA memory (+  8 bytes shared)

Errors: none
Warnings: none
