###############################################################################
#                                                                             #
# IAR C/C++ Compiler V8.10.3.40338/W32 for 8051         21/Jul/2014  21:16:12 #
# Copyright 2004-2011 IAR Systems AB.                                         #
#                                                                             #
#    Core               =  plain                                              #
#    Code model         =  banked                                             #
#    Data model         =  large                                              #
#    Calling convention =  xdata reentrant                                    #
#    Constant location  =  data_rom                                           #
#    Dptr setup         =  1,16                                               #
#    Source file        =  D:\WorkReserve\project\AES_BOOT\CC2531UsbSlave\Com #
#                          ponents\hal\target\CC2530EB\hal_mcu.c              #
#    Command line       =  -f "D:\WorkReserve\project\AES_BOOT\CC2531UsbSlave #
#                          \Projects\zstack\Samples\SampleApp                 #
#                          com\CC2530DB\..\..\..\Tools\CC2530DB\f8wConfig.cfg #
#                          " (-DSECURE=0 -DZG_SECURE_DYNAMIC=0 -DREFLECTOR    #
#                          -DDEFAULT_CHANLIST=0x00000800                      #
#                          -DZDAPP_CONFIG_PAN_ID=0xFFF0                       #
#                          -DNWK_START_DELAY=100 -DEXTENDED_JOINING_RANDOM_MA #
#                          SK=0x007F -DBEACON_REQUEST_DELAY=100               #
#                          -DBEACON_REQ_DELAY_MASK=0x00FF                     #
#                          -DROUTE_EXPIRY_TIME=30 -DAPSC_ACK_WAIT_DURATION_PO #
#                          LLED=3000 -DNWK_INDIRECT_MSG_TIMEOUT=7             #
#                          -DMAX_RREQ_ENTRIES=8 -DAPSC_MAX_FRAME_RETRIES=3    #
#                          -DNWK_MAX_DATA_RETRIES=2                           #
#                          -DMAX_POLL_FAILURE_RETRIES=2 -DMAX_BCAST=9         #
#                          -DAPS_MAX_GROUPS=16 -DMAX_RTG_ENTRIES=40           #
#                          -DNWK_MAX_BINDING_ENTRIES=4                        #
#                          -DMAX_BINDING_CLUSTER_IDS=4 "-DDEFAULT_KEY={0x01,  #
#                          0x03, 0x05, 0x07, 0x09, 0x0B, 0x0D, 0x0F, 0x00,    #
#                          0x02, 0x04, 0x06, 0x08, 0x0A, 0x0C, 0x0D}"         #
#                          -DMAC_MAX_FRAME_SIZE=116 "-DCONST=const __code"    #
#                          -DGENERIC=__generic -DRFD_RCVC_ALWAYS_ON=FALSE     #
#                          -DPOLL_RATE=1000 -DQUEUED_POLL_RATE=100            #
#                          -DRESPONSE_POLL_RATE=100 -DREJOIN_POLL_RATE=440)   #
#                          D:\WorkReserve\project\AES_BOOT\CC2531UsbSlave\Com #
#                          ponents\hal\target\CC2530EB\hal_mcu.c -D           #
#                          ZIGBEEPRO -D ZTOOL_P1 -lC                          #
#                          "D:\WorkReserve\project\AES_BOOT\CC2531UsbSlave\Pr #
#                          ojects\zstack\Samples\SampleApp                    #
#                          com\CC2530DB\CoordinatorEB-Pro\List\" -lA          #
#                          "D:\WorkReserve\project\AES_BOOT\CC2531UsbSlave\Pr #
#                          ojects\zstack\Samples\SampleApp                    #
#                          com\CC2530DB\CoordinatorEB-Pro\List\"              #
#                          --diag_suppress Pe001,Pa010 -o                     #
#                          "D:\WorkReserve\project\AES_BOOT\CC2531UsbSlave\Pr #
#                          ojects\zstack\Samples\SampleApp                    #
#                          com\CC2530DB\CoordinatorEB-Pro\Obj\" -e --debug    #
#                          --core=plain --dptr=16,1 --data_model=large        #
#                          --code_model=banked --calling_convention=xdata_ree #
#                          ntrant --place_constants=data_rom                  #
#                          --nr_virtual_regs 16 -I "D:\WorkReserve\project\AE #
#                          S_BOOT\CC2531UsbSlave\Projects\zstack\Samples\Samp #
#                          leApp com\CC2530DB\" -I "D:\WorkReserve\project\AE #
#                          S_BOOT\CC2531UsbSlave\Projects\zstack\Samples\Samp #
#                          leApp com\CC2530DB\..\SOURCE\" -I                  #
#                          "D:\WorkReserve\project\AES_BOOT\CC2531UsbSlave\Pr #
#                          ojects\zstack\Samples\SampleApp                    #
#                          com\CC2530DB\..\..\..\ZMAIN\TI2530DB\" -I          #
#                          "D:\WorkReserve\project\AES_BOOT\CC2531UsbSlave\Pr #
#                          ojects\zstack\Samples\SampleApp                    #
#                          com\CC2530DB\..\..\..\..\..\COMPONENTS\MT\" -I     #
#                          "D:\WorkReserve\project\AES_BOOT\CC2531UsbSlave\Pr #
#                          ojects\zstack\Samples\SampleApp                    #
#                          com\CC2530DB\..\..\..\..\..\COMPONENTS\HAL\INCLUDE #
#                          \" -I "D:\WorkReserve\project\AES_BOOT\CC2531UsbSl #
#                          ave\Projects\zstack\Samples\SampleApp              #
#                          com\CC2530DB\..\..\..\..\..\COMPONENTS\HAL\TARGET\ #
#                          CC2530EB\" -I "D:\WorkReserve\project\AES_BOOT\CC2 #
#                          531UsbSlave\Projects\zstack\Samples\SampleApp      #
#                          com\CC2530DB\..\..\..\..\..\COMPONENTS\OSAL\MCU\CC #
#                          SOC\" -I "D:\WorkReserve\project\AES_BOOT\CC2531Us #
#                          bSlave\Projects\zstack\Samples\SampleApp           #
#                          com\CC2530DB\..\..\..\..\..\COMPONENTS\OSAL\INCLUD #
#                          E\" -I "D:\WorkReserve\project\AES_BOOT\CC2531UsbS #
#                          lave\Projects\zstack\Samples\SampleApp             #
#                          com\CC2530DB\..\..\..\..\..\COMPONENTS\STACK\AF\"  #
#                          -I "D:\WorkReserve\project\AES_BOOT\CC2531UsbSlave #
#                          \Projects\zstack\Samples\SampleApp                 #
#                          com\CC2530DB\..\..\..\..\..\COMPONENTS\STACK\NWK\" #
#                           -I "D:\WorkReserve\project\AES_BOOT\CC2531UsbSlav #
#                          e\Projects\zstack\Samples\SampleApp                #
#                          com\CC2530DB\..\..\..\..\..\COMPONENTS\STACK\SEC\" #
#                           -I "D:\WorkReserve\project\AES_BOOT\CC2531UsbSlav #
#                          e\Projects\zstack\Samples\SampleApp                #
#                          com\CC2530DB\..\..\..\..\..\COMPONENTS\STACK\SAPI\ #
#                          " -I "D:\WorkReserve\project\AES_BOOT\CC2531UsbSla #
#                          ve\Projects\zstack\Samples\SampleApp               #
#                          com\CC2530DB\..\..\..\..\..\COMPONENTS\STACK\SYS\" #
#                           -I "D:\WorkReserve\project\AES_BOOT\CC2531UsbSlav #
#                          e\Projects\zstack\Samples\SampleApp                #
#                          com\CC2530DB\..\..\..\..\..\COMPONENTS\STACK\ZDO\" #
#                           -I "D:\WorkReserve\project\AES_BOOT\CC2531UsbSlav #
#                          e\Projects\zstack\Samples\SampleApp                #
#                          com\CC2530DB\..\..\..\..\..\COMPONENTS\ZMAC\F8W\"  #
#                          -I "D:\WorkReserve\project\AES_BOOT\CC2531UsbSlave #
#                          \Projects\zstack\Samples\SampleApp                 #
#                          com\CC2530DB\..\..\..\..\..\COMPONENTS\ZMAC\" -I   #
#                          "D:\WorkReserve\project\AES_BOOT\CC2531UsbSlave\Pr #
#                          ojects\zstack\Samples\SampleApp                    #
#                          com\CC2530DB\..\..\..\..\..\COMPONENTS\SERVICES\SA #
#                          DDR\" -I "D:\WorkReserve\project\AES_BOOT\CC2531Us #
#                          bSlave\Projects\zstack\Samples\SampleApp           #
#                          com\CC2530DB\..\..\..\..\..\COMPONENTS\SERVICES\SD #
#                          ATA\" -I "D:\WorkReserve\project\AES_BOOT\CC2531Us #
#                          bSlave\Projects\zstack\Samples\SampleApp           #
#                          com\CC2530DB\..\..\..\..\..\COMPONENTS\MAC\INCLUDE #
#                          \" -I "D:\WorkReserve\project\AES_BOOT\CC2531UsbSl #
#                          ave\Projects\zstack\Samples\SampleApp              #
#                          com\CC2530DB\..\..\..\..\..\COMPONENTS\MAC\HIGH_LE #
#                          VEL\" -I "D:\WorkReserve\project\AES_BOOT\CC2531Us #
#                          bSlave\Projects\zstack\Samples\SampleApp           #
#                          com\CC2530DB\..\..\..\..\..\COMPONENTS\MAC\LOW_LEV #
#                          EL\srf04\" -I "D:\WorkReserve\project\AES_BOOT\CC2 #
#                          531UsbSlave\Projects\zstack\Samples\SampleApp      #
#                          com\CC2530DB\..\..\..\..\..\COMPONENTS\MAC\LOW_LEV #
#                          EL\srf04\SINGLE_CHIP\" -I                          #
#                          "D:\WorkReserve\project\AES_BOOT\CC2531UsbSlave\Pr #
#                          ojects\zstack\Samples\SampleApp                    #
#                          com\CC2530DB\..\..\..\..\..\COMPONENTS\usb\library #
#                          \" -I "D:\WorkReserve\project\AES_BOOT\CC2531UsbSl #
#                          ave\Projects\zstack\Samples\SampleApp              #
#                          com\CC2530DB\..\..\..\..\..\COMPONENTS\usb\class_h #
#                          id\" -I "D:\WorkReserve\project\AES_BOOT\CC2531Usb #
#                          Slave\Projects\zstack\Samples\SampleApp            #
#                          com\CC2530DB\..\..\..\..\..\COMPONENTS\hal\common\ #
#                          " -Ohz --require_prototypes                        #
#    List file          =  D:\WorkReserve\project\AES_BOOT\CC2531UsbSlave\Pro #
#                          jects\zstack\Samples\SampleApp                     #
#                          com\CC2530DB\CoordinatorEB-Pro\List\hal_mcu.lst    #
#    Object file        =  D:\WorkReserve\project\AES_BOOT\CC2531UsbSlave\Pro #
#                          jects\zstack\Samples\SampleApp                     #
#                          com\CC2530DB\CoordinatorEB-Pro\Obj\hal_mcu.r51     #
#                                                                             #
#                                                                             #
###############################################################################

D:\WorkReserve\project\AES_BOOT\CC2531UsbSlave\Components\hal\target\CC2530EB\hal_mcu.c
      1          /***********************************************************************************
      2              Filename:     hal_mcu.c
      3          
      4              Description:
      5          
      6          ***********************************************************************************/
      7          
      8          #include <hal_types.h>
      9          #include <hal_mcu.h>
     10          
     11          #include "clock.h"
     12          #include "hal_defs.h"
     13          #include "hal_assert.h"
     14          
     15          /***********************************************************************************
     16          * @fn          halMcuInit
     17          *
     18          * @brief       Set Main Clock source to XOSC
     19          *
     20          * @param       none
     21          *
     22          * @return      none
     23          */
     24          void halMcuInit(void)
                      ^
Error[Pa045]: function "halMcuInit" has no prototype
     25          {
     26            // if 32k clock change fails, set system clock to HF RC and try again
     27            if(clockSelect32k(CLOCK_32K_XTAL) != SUCCESS) {
                                                        ^
Error[Pe020]: identifier "SUCCESS" is undefined
     28              clockSetMainSrc(CLOCK_SRC_HFRC);
     29              if(clockSelect32k(CLOCK_32K_XTAL) != SUCCESS) {
     30                HAL_ASSERT(FALSE);
     31              }
     32            }
     33            clockSetMainSrc(CLOCK_SRC_XOSC);
     34          }
     35          
     36          /***********************************************************************************
     37          * @fn          halMcuWaitUs
     38          *
     39          * @brief       Busy wait function. Waits the specified number of microseconds. Use
     40          *              assumptions about number of clock cycles needed for the various
     41          *              instructions. This function assumes a 32 MHz clock.
     42          *
     43          *              NB! This function is highly dependent on architecture and compiler!
     44          *
     45          * @param       uint16 usec - number of microseconds delays
     46          *
     47          * @return      none
     48          */
     49          #pragma optimize=none
     50          void halMcuWaitUs(uint16 usec)
                      ^
Error[Pa045]: function "halMcuWaitUs" has no prototype
     51          {
     52              usec>>= 1;
     53              while(usec--)
     54              {
     55                  NOP();
     56                  NOP();
     57                  NOP();
     58                  NOP();
     59                  NOP();
     60                  NOP();
     61                  NOP();
     62                  NOP();
     63                  NOP();
     64                  NOP();
     65                  NOP();
     66                  NOP();
     67                  NOP();
     68                  NOP();
     69                  NOP();
     70                  NOP();
     71                  NOP();
     72              }
     73          }
     74          /***********************************************************************************
     75          * @fn          halMcuWaitMs
     76          *
     77          * @brief       Busy wait function. Waits the specified number of milliseconds. Use
     78          *              assumptions about number of clock cycles needed for the various
     79          *              instructions.
     80          *
     81          *              NB! This function is highly dependent on architecture and compiler!
     82          *
     83          * @param       uint16 millisec - number of milliseconds delay
     84          *
     85          * @return      none
     86          */
     87          #pragma optimize=none
     88          void halMcuWaitMs(uint16 msec)
                      ^
Error[Pa045]: function "halMcuWaitMs" has no prototype
     89          {
     90              while(msec--)
     91                  halMcuWaitUs(1000);
     92          }
     93          
     94          
     95          /***********************************************************************************
     96          * @fn          halMcuSetLowPowerMode
     97          *
     98          * @brief      Sets the MCU in a low power mode. Will turn global interrupts on at
     99          *             the same time as entering the LPM mode. The MCU must be waken from
    100          *             an interrupt (status register on stack must be modified).
    101          *
    102          *              NB! This function is highly dependent on architecture and compiler!
    103          *
    104          * @param       uint8 mode - power mode
    105          *
    106          * @return      none
    107          */
    108          void halMcuSetLowPowerMode(uint8 mode)
                      ^
Error[Pa045]: function "halMcuSetLowPowerMode" has no prototype
    109          {
    110            // comment: not yet implemented
    111          //  HAL_ASSERT(FALSE);
    112          }
    113          
    114          
    115          /******************************************************************************
    116          * @fn  halMcuReset
    117          *
    118          * @brief
    119          * Resets the MCU. This utilize the watchdog timer as there is no other way
    120          * for a software reset. The reset will not occur until ~2 ms.
    121          * NB: The function will not return! (hangs until reset)
    122          *
    123          * Parameters:
    124          *
    125          * @param  void
    126          *
    127          * @return void
    128          *
    129          ******************************************************************************/
    130          void halMcuReset(void)
                      ^
Error[Pa045]: function "halMcuReset" has no prototype
    131          {
    132              const uint8 WDT_INTERVAL_MSEC_2=                    0x03;   // after ~2 ms
    133          
    134              WDCTL = ((WDCTL & 0xFC) | (WDT_INTERVAL_MSEC_2 & 0x03));
    135              // Start watchdog
    136              WDCTL &= ~0x04;     // Select watchdog mode
    137              WDCTL |= 0x08;      // Enable timer
    138              while(1);                                   // Halt here until reset
    139          }
    140          
    141          /***********************************************************************************
    142            Copyright 2007 Texas Instruments Incorporated. All rights reserved.
    143          
    144            IMPORTANT: Your use of this Software is limited to those specific rights
    145            granted under the terms of a software license agreement between the user
    146            who downloaded the software, his/her employer (which must be your employer)
    147            and Texas Instruments Incorporated (the "License").  You may not use this
    148            Software unless you agree to abide by the terms of the License. The License
    149            limits your use, and you acknowledge, that the Software may not be modified,
    150            copied or distributed unless embedded on a Texas Instruments microcontroller
    151            or used solely and exclusively in conjunction with a Texas Instruments radio
    152            frequency transceiver, which is integrated into your product.  Other than for
    153            the foregoing purpose, you may not use, reproduce, copy, prepare derivative
    154            works of, modify, distribute, perform, display or sell this Software and/or
    155            its documentation for any purpose.
    156          
    157            YOU FURTHER ACKNOWLEDGE AND AGREE THAT THE SOFTWARE AND DOCUMENTATION ARE
    158            PROVIDED “AS IS” WITHOUT WARRANTY OF ANY KIND, EITHER EXPRESS OR IMPLIED,
    159            INCLUDING WITHOUT LIMITATION, ANY WARRANTY OF MERCHANTABILITY, TITLE,
    160            NON-INFRINGEMENT AND FITNESS FOR A PARTICULAR PURPOSE. IN NO EVENT SHALL
    161            TEXAS INSTRUMENTS OR ITS LICENSORS BE LIABLE OR OBLIGATED UNDER CONTRACT,
    162            NEGLIGENCE, STRICT LIABILITY, CONTRIBUTION, BREACH OF WARRANTY, OR OTHER
    163            LEGAL EQUITABLE THEORY ANY DIRECT OR INDIRECT DAMAGES OR EXPENSES
    164            INCLUDING BUT NOT LIMITED TO ANY INCIDENTAL, SPECIAL, INDIRECT, PUNITIVE
    165            OR CONSEQUENTIAL DAMAGES, LOST PROFITS OR LOST DATA, COST OF PROCUREMENT
    166            OF SUBSTITUTE GOODS, TECHNOLOGY, SERVICES, OR ANY CLAIMS BY THIRD PARTIES
    167            (INCLUDING BUT NOT LIMITED TO ANY DEFENSE THEREOF), OR OTHER SIMILAR COSTS.
    168          
    169            Should you have any questions regarding your right to use this Software,
    170            contact Texas Instruments Incorporated at www.TI.com.
    171          ***********************************************************************************/

Errors: 6
Warnings: none
