###############################################################################
#                                                                             #
# IAR C/C++ Compiler V8.10.3.40338/W32 for 8051         22/Jul/2014  14:54:27 #
# Copyright 2004-2011 IAR Systems AB.                                         #
#                                                                             #
#    Core               =  plain                                              #
#    Code model         =  banked                                             #
#    Data model         =  large                                              #
#    Calling convention =  xdata reentrant                                    #
#    Constant location  =  data_rom                                           #
#    Dptr setup         =  1,16                                               #
#    Source file        =  D:\WorkReserve\project\AES_BOOT\CC2531UsbSlave\Com #
#                          ponents\usb\class_hid\usb_hid_hooks.c              #
#    Command line       =  -f "D:\WorkReserve\project\AES_BOOT\CC2531UsbSlave #
#                          \Projects\zstack\Samples\SampleApp                 #
#                          com\CC2530DB\..\..\..\Tools\CC2530DB\f8wConfig.cfg #
#                          " (-DSECURE=0 -DZG_SECURE_DYNAMIC=0 -DREFLECTOR    #
#                          -DDEFAULT_CHANLIST=0x00000800                      #
#                          -DZDAPP_CONFIG_PAN_ID=0xFFF0                       #
#                          -DNWK_START_DELAY=100 -DEXTENDED_JOINING_RANDOM_MA #
#                          SK=0x007F -DBEACON_REQUEST_DELAY=100               #
#                          -DBEACON_REQ_DELAY_MASK=0x00FF                     #
#                          -DROUTE_EXPIRY_TIME=30 -DAPSC_ACK_WAIT_DURATION_PO #
#                          LLED=3000 -DNWK_INDIRECT_MSG_TIMEOUT=7             #
#                          -DMAX_RREQ_ENTRIES=8 -DAPSC_MAX_FRAME_RETRIES=3    #
#                          -DNWK_MAX_DATA_RETRIES=2                           #
#                          -DMAX_POLL_FAILURE_RETRIES=2 -DMAX_BCAST=9         #
#                          -DAPS_MAX_GROUPS=16 -DMAX_RTG_ENTRIES=40           #
#                          -DNWK_MAX_BINDING_ENTRIES=4                        #
#                          -DMAX_BINDING_CLUSTER_IDS=4 "-DDEFAULT_KEY={0x01,  #
#                          0x03, 0x05, 0x07, 0x09, 0x0B, 0x0D, 0x0F, 0x00,    #
#                          0x02, 0x04, 0x06, 0x08, 0x0A, 0x0C, 0x0D}"         #
#                          -DMAC_MAX_FRAME_SIZE=116 "-DCONST=const __code"    #
#                          -DGENERIC=__generic -DRFD_RCVC_ALWAYS_ON=FALSE     #
#                          -DPOLL_RATE=1000 -DQUEUED_POLL_RATE=100            #
#                          -DRESPONSE_POLL_RATE=100 -DREJOIN_POLL_RATE=440)   #
#                          D:\WorkReserve\project\AES_BOOT\CC2531UsbSlave\Com #
#                          ponents\usb\class_hid\usb_hid_hooks.c -D           #
#                          ZIGBEEPRO -D ZTOOL_P1 -lC                          #
#                          "D:\WorkReserve\project\AES_BOOT\CC2531UsbSlave\Pr #
#                          ojects\zstack\Samples\SampleApp                    #
#                          com\CC2530DB\CoordinatorEB-Pro\List\" -lA          #
#                          "D:\WorkReserve\project\AES_BOOT\CC2531UsbSlave\Pr #
#                          ojects\zstack\Samples\SampleApp                    #
#                          com\CC2530DB\CoordinatorEB-Pro\List\"              #
#                          --diag_suppress Pe001,Pa010 -o                     #
#                          "D:\WorkReserve\project\AES_BOOT\CC2531UsbSlave\Pr #
#                          ojects\zstack\Samples\SampleApp                    #
#                          com\CC2530DB\CoordinatorEB-Pro\Obj\" -e --debug    #
#                          --core=plain --dptr=16,1 --data_model=large        #
#                          --code_model=banked --calling_convention=xdata_ree #
#                          ntrant --place_constants=data_rom                  #
#                          --nr_virtual_regs 16 -I "D:\WorkReserve\project\AE #
#                          S_BOOT\CC2531UsbSlave\Projects\zstack\Samples\Samp #
#                          leApp com\CC2530DB\" -I "D:\WorkReserve\project\AE #
#                          S_BOOT\CC2531UsbSlave\Projects\zstack\Samples\Samp #
#                          leApp com\CC2530DB\..\SOURCE\" -I                  #
#                          "D:\WorkReserve\project\AES_BOOT\CC2531UsbSlave\Pr #
#                          ojects\zstack\Samples\SampleApp                    #
#                          com\CC2530DB\..\..\..\ZMAIN\TI2530DB\" -I          #
#                          "D:\WorkReserve\project\AES_BOOT\CC2531UsbSlave\Pr #
#                          ojects\zstack\Samples\SampleApp                    #
#                          com\CC2530DB\..\..\..\..\..\COMPONENTS\MT\" -I     #
#                          "D:\WorkReserve\project\AES_BOOT\CC2531UsbSlave\Pr #
#                          ojects\zstack\Samples\SampleApp                    #
#                          com\CC2530DB\..\..\..\..\..\COMPONENTS\HAL\INCLUDE #
#                          \" -I "D:\WorkReserve\project\AES_BOOT\CC2531UsbSl #
#                          ave\Projects\zstack\Samples\SampleApp              #
#                          com\CC2530DB\..\..\..\..\..\COMPONENTS\HAL\TARGET\ #
#                          CC2530EB\" -I "D:\WorkReserve\project\AES_BOOT\CC2 #
#                          531UsbSlave\Projects\zstack\Samples\SampleApp      #
#                          com\CC2530DB\..\..\..\..\..\COMPONENTS\OSAL\MCU\CC #
#                          SOC\" -I "D:\WorkReserve\project\AES_BOOT\CC2531Us #
#                          bSlave\Projects\zstack\Samples\SampleApp           #
#                          com\CC2530DB\..\..\..\..\..\COMPONENTS\OSAL\INCLUD #
#                          E\" -I "D:\WorkReserve\project\AES_BOOT\CC2531UsbS #
#                          lave\Projects\zstack\Samples\SampleApp             #
#                          com\CC2530DB\..\..\..\..\..\COMPONENTS\STACK\AF\"  #
#                          -I "D:\WorkReserve\project\AES_BOOT\CC2531UsbSlave #
#                          \Projects\zstack\Samples\SampleApp                 #
#                          com\CC2530DB\..\..\..\..\..\COMPONENTS\STACK\NWK\" #
#                           -I "D:\WorkReserve\project\AES_BOOT\CC2531UsbSlav #
#                          e\Projects\zstack\Samples\SampleApp                #
#                          com\CC2530DB\..\..\..\..\..\COMPONENTS\STACK\SEC\" #
#                           -I "D:\WorkReserve\project\AES_BOOT\CC2531UsbSlav #
#                          e\Projects\zstack\Samples\SampleApp                #
#                          com\CC2530DB\..\..\..\..\..\COMPONENTS\STACK\SAPI\ #
#                          " -I "D:\WorkReserve\project\AES_BOOT\CC2531UsbSla #
#                          ve\Projects\zstack\Samples\SampleApp               #
#                          com\CC2530DB\..\..\..\..\..\COMPONENTS\STACK\SYS\" #
#                           -I "D:\WorkReserve\project\AES_BOOT\CC2531UsbSlav #
#                          e\Projects\zstack\Samples\SampleApp                #
#                          com\CC2530DB\..\..\..\..\..\COMPONENTS\STACK\ZDO\" #
#                           -I "D:\WorkReserve\project\AES_BOOT\CC2531UsbSlav #
#                          e\Projects\zstack\Samples\SampleApp                #
#                          com\CC2530DB\..\..\..\..\..\COMPONENTS\ZMAC\F8W\"  #
#                          -I "D:\WorkReserve\project\AES_BOOT\CC2531UsbSlave #
#                          \Projects\zstack\Samples\SampleApp                 #
#                          com\CC2530DB\..\..\..\..\..\COMPONENTS\ZMAC\" -I   #
#                          "D:\WorkReserve\project\AES_BOOT\CC2531UsbSlave\Pr #
#                          ojects\zstack\Samples\SampleApp                    #
#                          com\CC2530DB\..\..\..\..\..\COMPONENTS\SERVICES\SA #
#                          DDR\" -I "D:\WorkReserve\project\AES_BOOT\CC2531Us #
#                          bSlave\Projects\zstack\Samples\SampleApp           #
#                          com\CC2530DB\..\..\..\..\..\COMPONENTS\SERVICES\SD #
#                          ATA\" -I "D:\WorkReserve\project\AES_BOOT\CC2531Us #
#                          bSlave\Projects\zstack\Samples\SampleApp           #
#                          com\CC2530DB\..\..\..\..\..\COMPONENTS\MAC\INCLUDE #
#                          \" -I "D:\WorkReserve\project\AES_BOOT\CC2531UsbSl #
#                          ave\Projects\zstack\Samples\SampleApp              #
#                          com\CC2530DB\..\..\..\..\..\COMPONENTS\MAC\HIGH_LE #
#                          VEL\" -I "D:\WorkReserve\project\AES_BOOT\CC2531Us #
#                          bSlave\Projects\zstack\Samples\SampleApp           #
#                          com\CC2530DB\..\..\..\..\..\COMPONENTS\MAC\LOW_LEV #
#                          EL\srf04\" -I "D:\WorkReserve\project\AES_BOOT\CC2 #
#                          531UsbSlave\Projects\zstack\Samples\SampleApp      #
#                          com\CC2530DB\..\..\..\..\..\COMPONENTS\MAC\LOW_LEV #
#                          EL\srf04\SINGLE_CHIP\" -I                          #
#                          "D:\WorkReserve\project\AES_BOOT\CC2531UsbSlave\Pr #
#                          ojects\zstack\Samples\SampleApp                    #
#                          com\CC2530DB\..\..\..\..\..\COMPONENTS\usb\library #
#                          \" -I "D:\WorkReserve\project\AES_BOOT\CC2531UsbSl #
#                          ave\Projects\zstack\Samples\SampleApp              #
#                          com\CC2530DB\..\..\..\..\..\COMPONENTS\usb\class_h #
#                          id\" -I "D:\WorkReserve\project\AES_BOOT\CC2531Usb #
#                          Slave\Projects\zstack\Samples\SampleApp            #
#                          com\CC2530DB\..\..\..\..\..\COMPONENTS\hal\common\ #
#                          " -Ohz --require_prototypes                        #
#    List file          =  D:\WorkReserve\project\AES_BOOT\CC2531UsbSlave\Pro #
#                          jects\zstack\Samples\SampleApp                     #
#                          com\CC2530DB\CoordinatorEB-Pro\List\usb_hid_hooks. #
#                          lst                                                #
#    Object file        =  D:\WorkReserve\project\AES_BOOT\CC2531UsbSlave\Pro #
#                          jects\zstack\Samples\SampleApp                     #
#                          com\CC2530DB\CoordinatorEB-Pro\Obj\usb_hid_hooks.r #
#                          51                                                 #
#                                                                             #
#                                                                             #
###############################################################################

D:\WorkReserve\project\AES_BOOT\CC2531UsbSlave\Components\usb\class_hid\usb_hid_hooks.c
      1          /***********************************************************************************
      2          
      3              Filename:	usb_hid_hooks.c
      4          
      5              Contains the necessary hook functions for various USB request processing
      6              that is featured from the USB firmware library. Some
      7              functions are empty.
      8          
      9          ***********************************************************************************/
     10          
     11          /***********************************************************************************
     12          * INCLUDES
     13          */
     14          #include "simple_hid.h"
     15          #include "hal_int.h"
     16          
     17          #include "usb_firmware_library_headers.h"
     18          #include "usb_class_requests.h"
     19          
     20          
     21          /***********************************************************************************
     22          * GLOBAL DATA
     23          */
     24          
     25          
     26          
     27          // ****************************************************************************************
     28          // All Hooks and functions required by the USB library.
     29          // ****************************************************************************************
     30          
     31          // **************** Process USB class requests with OUT data phase ************************

   \                                 In  segment BANKED_CODE, align 1, keep-with-next
     32          void usbcrHookProcessOut(void)
   \                     usbcrHookProcessOut:
     33          {
   \   000000   C082         PUSH    DPL
   \   000002   C083         PUSH    DPH
   \   000004                ; Saved register size: 2
   \   000004                ; Auto size: 0
     34              // Process USB class requests with OUT data phase, or stall endpoint 0 when unsupported
     35              switch (usbSetupHeader.request) {
   \   000004   90....       MOV     DPTR,#usbSetupHeader + 1
   \   000007   E0           MOVX    A,@DPTR
   \   000008   24F7         ADD     A,#-0x9
   \   00000A   6008         JZ      ??usbcrHookProcessOut_0
   \   00000C   14           DEC     A
   \   00000D   600F         JZ      ??usbcrHookProcessOut_1
   \   00000F   14           DEC     A
   \   000010   6007         JZ      ??usbcrHookProcessOut_2
   \   000012   800F         SJMP    ??usbcrHookProcessOut_3
     36              case SET_REPORT:    usbcrSetReport(); break;
   \                     ??usbcrHookProcessOut_0:
   \   000014                ; Setup parameters for call to function usbcrSetReport
   \   000014   12....       LCALL   ??usbcrSetReport?relay
   \   000017   8010         SJMP    ??usbcrHookProcessOut_4
     37              case SET_PROTOCOL:  usbcrSetProtocol(); break;
   \                     ??usbcrHookProcessOut_2:
   \   000019                ; Setup parameters for call to function usbcrSetProtocol
   \   000019   12....       LCALL   ??usbcrSetProtocol?relay
   \   00001C   800B         SJMP    ??usbcrHookProcessOut_4
     38              case SET_IDLE:      usbcrSetIdle(); break;
   \                     ??usbcrHookProcessOut_1:
   \   00001E                ; Setup parameters for call to function usbcrSetIdle
   \   00001E   12....       LCALL   ??usbcrSetIdle?relay
   \   000021   8006         SJMP    ??usbcrHookProcessOut_4
     39              default:            usbfwData.ep0Status = EP_STALL; break;
   \                     ??usbcrHookProcessOut_3:
   \   000023   90....       MOV     DPTR,#usbfwData + 4
   \   000026   7404         MOV     A,#0x4
   \   000028   F0           MOVX    @DPTR,A
     40              }
     41          }
   \                     ??usbcrHookProcessOut_4:
   \   000029   80..         SJMP    ??Subroutine1_0

   \                                 In  segment BANKED_CODE, align 1, keep-with-next
   \                     ??Subroutine1_0:
   \   000000   D083         POP     DPH
   \   000002   D082         POP     DPL
   \   000004   02....       LJMP    ?BRET
     42          
     43          
     44          // **************** Process USB class requests with IN data phase *************************

   \                                 In  segment BANKED_CODE, align 1, keep-with-next
     45          void usbcrHookProcessIn(void)
   \                     usbcrHookProcessIn:
     46          {
   \   000000   C082         PUSH    DPL
   \   000002   C083         PUSH    DPH
   \   000004                ; Saved register size: 2
   \   000004                ; Auto size: 0
     47              // Process USB class requests with IN data phase, or stall endpoint 0 when unsupported
     48              switch (usbSetupHeader.request) {
   \   000004   90....       MOV     DPTR,#usbSetupHeader + 1
   \   000007   E0           MOVX    A,@DPTR
   \   000008   14           DEC     A
   \   000009   6008         JZ      ??usbcrHookProcessIn_0
   \   00000B   14           DEC     A
   \   00000C   600F         JZ      ??usbcrHookProcessIn_1
   \   00000E   14           DEC     A
   \   00000F   6007         JZ      ??usbcrHookProcessIn_2
   \   000011   800F         SJMP    ??usbcrHookProcessIn_3
     49              case GET_REPORT:    usbcrGetReport(); break;
   \                     ??usbcrHookProcessIn_0:
   \   000013                ; Setup parameters for call to function usbcrGetReport
   \   000013   12....       LCALL   ??usbcrGetReport?relay
   \   000016   8010         SJMP    ??usbcrHookProcessIn_4
     50              case GET_PROTOCOL:  usbcrGetProtocol(); break;
   \                     ??usbcrHookProcessIn_2:
   \   000018                ; Setup parameters for call to function usbcrGetProtocol
   \   000018   12....       LCALL   ??usbcrGetProtocol?relay
   \   00001B   800B         SJMP    ??usbcrHookProcessIn_4
     51              case GET_IDLE:      usbcrGetIdle(); break;
   \                     ??usbcrHookProcessIn_1:
   \   00001D                ; Setup parameters for call to function usbcrGetIdle
   \   00001D   12....       LCALL   ??usbcrGetIdle?relay
   \   000020   8006         SJMP    ??usbcrHookProcessIn_4
     52              default:            usbfwData.ep0Status = EP_STALL; break;
   \                     ??usbcrHookProcessIn_3:
   \   000022   90....       MOV     DPTR,#usbfwData + 4
   \   000025   7404         MOV     A,#0x4
   \   000027   F0           MOVX    @DPTR,A
     53              }
     54          }
   \                     ??usbcrHookProcessIn_4:
   \   000028   80..         SJMP    ??Subroutine1_0
     55          
     56          
     57          // ********************************  Unsupported USB hooks ********************************

   \                                 In  segment BANKED_CODE, align 1, keep-with-next
     58          void usbvrHookProcessOut(void) { usbfwData.ep0Status = EP_STALL; }
   \                     usbvrHookProcessOut:
   \   000000   80..         SJMP    ?Subroutine0

   \                                 In  segment BANKED_CODE, align 1, keep-with-next
   \                     ?Subroutine0:
   \   000000   C082         PUSH    DPL
   \   000002   C083         PUSH    DPH
   \   000004                ; Saved register size: 2
   \   000004                ; Auto size: 0
   \   000004                ; Saved register size: 2
   \   000004                ; Auto size: 0
   \   000004                ; Saved register size: 2
   \   000004                ; Auto size: 0
   \   000004                ; Saved register size: 2
   \   000004                ; Auto size: 0
   \   000004                ; Saved register size: 2
   \   000004                ; Auto size: 0
   \   000004                ; Saved register size: 2
   \   000004                ; Auto size: 0
   \   000004   90....       MOV     DPTR,#usbfwData + 4
   \   000007   7404         MOV     A,#0x4
   \   000009   F0           MOVX    @DPTR,A
   \   00000A                REQUIRE ??Subroutine1_0
   \   00000A                ; // Fall through to label ??Subroutine1_0

   \                                 In  segment BANKED_CODE, align 1, keep-with-next
     59          void usbvrHookProcessIn(void) { usbfwData.ep0Status = EP_STALL; }
   \                     usbvrHookProcessIn:
   \   000000   80..         SJMP    ?Subroutine0
     60          
     61          // ************************  unsupported/unhandled standard requests **********************

   \                                 In  segment BANKED_CODE, align 1, keep-with-next
     62          void usbsrHookSetDescriptor(void) { usbfwData.ep0Status = EP_STALL; }
   \                     usbsrHookSetDescriptor:
   \   000000   80..         SJMP    ?Subroutine0

   \                                 In  segment BANKED_CODE, align 1, keep-with-next
     63          void usbsrHookSynchFrame(void) { usbfwData.ep0Status = EP_STALL; }
   \                     usbsrHookSynchFrame:
   \   000000   80..         SJMP    ?Subroutine0

   \                                 In  segment BANKED_CODE, align 1, keep-with-next
     64          void usbsrHookClearFeature(void) { usbfwData.ep0Status = EP_STALL; }
   \                     usbsrHookClearFeature:
   \   000000                REQUIRE ?Subroutine0
   \   000000                ; // Fall through to label ?Subroutine0

   \                                 In  segment BANKED_CODE, align 1, keep-with-next
     65          void usbsrHookSetFeature(void) { usbfwData.ep0Status = EP_STALL; }
   \                     usbsrHookSetFeature:
   \   000000   80..         SJMP    ?Subroutine0

   \                                 In  segment BANKED_CODE, align 1, keep-with-next
     66          void usbsrHookModifyGetStatus(uint8 recipient, uint8 index, uint16 __xdata *pStatus) { }
   \                     usbsrHookModifyGetStatus:
   \   000000                ; Saved register size: 0
   \   000000                ; Auto size: 0
   \   000000   02....       LJMP    ?BRET
     67          
     68          
     69          // ************************ USB standard request event processing *************************

   \                                 In  segment BANKED_CODE, align 1, keep-with-next
     70          void usbsrHookProcessEvent(uint8 event, uint8 index)
   \                     usbsrHookProcessEvent:
     71          {
   \   000000                ; Saved register size: 0
   \   000000                ; Auto size: 0
     72              // Process relevant events, one at a time.
     73              switch (event) {
     74              case USBSR_EVENT_CONFIGURATION_CHANGING : //(the device configuration is about to change)
     75                  break;
     76              case USBSR_EVENT_CONFIGURATION_CHANGED :// (the device configuration has changed)
     77                  break;
     78              case USBSR_EVENT_INTERFACE_CHANGING ://(the alternate setting of the given interface is about to change)
     79                  break;
     80              case USBSR_EVENT_INTERFACE_CHANGED : //(the alternate setting of the given interface has changed)
     81                  break;
     82              case USBSR_EVENT_REMOTE_WAKEUP_ENABLED ://(remote wakeup has been enabled by the host)
     83                  break;
     84              case USBSR_EVENT_REMOTE_WAKEUP_DISABLED ://(remote wakeup has been disabled by the host)
     85                  break;
     86              case USBSR_EVENT_EPIN_STALL_CLEARED ://(the given IN endpoint's stall condition has been cleared the host)
     87                  break;
     88              case USBSR_EVENT_EPIN_STALL_SET ://(the given IN endpoint has been stalled by the host)
     89                  break;
     90              case USBSR_EVENT_EPOUT_STALL_CLEARED ://(the given OUT endpoint's stall condition has been cleared the host)
     91                  break;
     92              case USBSR_EVENT_EPOUT_STALL_SET ://(the given OUT endpoint has been stalled by the PC)
     93                  break;
     94              }
     95          }
   \   000000   02....       LJMP    ?BRET
     96          
     97          
     98          // ************************ USB interrupt event processing ********************************

   \                                 In  segment BANKED_CODE, align 1, keep-with-next
     99          void usbirqHookProcessEvents(void)
   \                     usbirqHookProcessEvents:
    100          {
   \   000000                ; Saved register size: 0
   \   000000                ; Auto size: 0
    101              // Handle events that require immediate processing here
    102          }
   \   000000   02....       LJMP    ?BRET

   \                                 In  segment BANK_RELAYS, align 1
   \                     ??usbcrHookProcessOut?relay:
   \   000000   12....       LCALL   ?BDISPATCH
   \   000003   ......       DC24    usbcrHookProcessOut

   \                                 In  segment BANK_RELAYS, align 1
   \                     ??usbcrHookProcessIn?relay:
   \   000000   12....       LCALL   ?BDISPATCH
   \   000003   ......       DC24    usbcrHookProcessIn

   \                                 In  segment BANK_RELAYS, align 1
   \                     ??usbvrHookProcessOut?relay:
   \   000000   12....       LCALL   ?BDISPATCH
   \   000003   ......       DC24    usbvrHookProcessOut

   \                                 In  segment BANK_RELAYS, align 1
   \                     ??usbvrHookProcessIn?relay:
   \   000000   12....       LCALL   ?BDISPATCH
   \   000003   ......       DC24    usbvrHookProcessIn

   \                                 In  segment BANK_RELAYS, align 1
   \                     ??usbsrHookSetDescriptor?relay:
   \   000000   12....       LCALL   ?BDISPATCH
   \   000003   ......       DC24    usbsrHookSetDescriptor

   \                                 In  segment BANK_RELAYS, align 1
   \                     ??usbsrHookSynchFrame?relay:
   \   000000   12....       LCALL   ?BDISPATCH
   \   000003   ......       DC24    usbsrHookSynchFrame

   \                                 In  segment BANK_RELAYS, align 1
   \                     ??usbsrHookClearFeature?relay:
   \   000000   12....       LCALL   ?BDISPATCH
   \   000003   ......       DC24    usbsrHookClearFeature

   \                                 In  segment BANK_RELAYS, align 1
   \                     ??usbsrHookSetFeature?relay:
   \   000000   12....       LCALL   ?BDISPATCH
   \   000003   ......       DC24    usbsrHookSetFeature

   \                                 In  segment BANK_RELAYS, align 1
   \                     ??usbsrHookModifyGetStatus?relay:
   \   000000   12....       LCALL   ?BDISPATCH
   \   000003   ......       DC24    usbsrHookModifyGetStatus

   \                                 In  segment BANK_RELAYS, align 1
   \                     ??usbsrHookProcessEvent?relay:
   \   000000   12....       LCALL   ?BDISPATCH
   \   000003   ......       DC24    usbsrHookProcessEvent

   \                                 In  segment BANK_RELAYS, align 1
   \                     ??usbirqHookProcessEvents?relay:
   \   000000   12....       LCALL   ?BDISPATCH
   \   000003   ......       DC24    usbirqHookProcessEvents
    103          
    104          
    105          /*
    106          +------------------------------------------------------------------------------
    107          |  Copyright 2004-2007 Texas Instruments Incorporated. All rights reserved.
    108          |
    109          |  IMPORTANT: Your use of this Software is limited to those specific rights
    110          |  granted under the terms of a software license agreement between the user who
    111          |  downloaded the software, his/her employer (which must be your employer) and
    112          |  Texas Instruments Incorporated (the "License"). You may not use this Software
    113          |  unless you agree to abide by the terms of the License. The License limits
    114          |  your use, and you acknowledge, that the Software may not be modified, copied
    115          |  or distributed unless embedded on a Texas Instruments microcontroller or used
    116          |  solely and exclusively in conjunction with a Texas Instruments radio
    117          |  frequency transceiver, which is integrated into your product. Other than for
    118          |  the foregoing purpose, you may not use, reproduce, copy, prepare derivative
    119          |  works of, modify, distribute, perform, display or sell this Software and/or
    120          |  its documentation for any purpose.
    121          |
    122          |  YOU FURTHER ACKNOWLEDGE AND AGREE THAT THE SOFTWARE AND DOCUMENTATION ARE
    123          |  PROVIDED “AS IS” WITHOUT WARRANTY OF ANY KIND, EITHER EXPRESS OR IMPLIED,
    124          |  INCLUDING WITHOUT LIMITATION, ANY WARRANTY OF MERCHANTABILITY, TITLE,
    125          |  NON-INFRINGEMENT AND FITNESS FOR A PARTICULAR PURPOSE. IN NO EVENT SHALL
    126          |  TEXAS INSTRUMENTS OR ITS LICENSORS BE LIABLE OR OBLIGATED UNDER CONTRACT,
    127          |  NEGLIGENCE, STRICT LIABILITY, CONTRIBUTION, BREACH OF WARRANTY, OR OTHER
    128          |  LEGAL EQUITABLE THEORY ANY DIRECT OR INDIRECT DAMAGES OR EXPENSES INCLUDING
    129          |  BUT NOT LIMITED TO ANY INCIDENTAL, SPECIAL, INDIRECT, PUNITIVE OR
    130          |  CONSEQUENTIAL DAMAGES, LOST PROFITS OR LOST DATA, COST OF PROCUREMENT OF
    131          |  SUBSTITUTE GOODS, TECHNOLOGY, SERVICES, OR ANY CLAIMS BY THIRD PARTIES
    132          |  (INCLUDING BUT NOT LIMITED TO ANY DEFENSE THEREOF), OR OTHER SIMILAR COSTS.
    133          |
    134          |  Should you have any questions regarding your right to use this Software,
    135          |  contact Texas Instruments Incorporated at www.TI.com.
    136          |
    137          +------------------------------------------------------------------------------
    138          */
    139          
    140          
    141          
    142          
    143          

   Maximum stack usage in bytes:

     Function                 ISTACK PSTACK XSTACK
     --------                 ------ ------ ------
     usbcrHookProcessIn           2      0      0
       -> usbcrGetReport          4      0      0
       -> usbcrGetProtocol        4      0      0
       -> usbcrGetIdle            4      0      0
     usbcrHookProcessOut          2      0      0
       -> usbcrSetReport          4      0      0
       -> usbcrSetProtocol        4      0      0
       -> usbcrSetIdle            4      0      0
     usbirqHookProcessEvents      0      0      0
     usbsrHookClearFeature        2      0      0
     usbsrHookModifyGetStatus     0      0      0
     usbsrHookProcessEvent        0      0      0
     usbsrHookSetDescriptor       2      0      0
     usbsrHookSetFeature          2      0      0
     usbsrHookSynchFrame          2      0      0
     usbvrHookProcessIn           2      0      0
     usbvrHookProcessOut          2      0      0


   Segment part sizes:

     Function/Label                   Bytes
     --------------                   -----
     usbcrHookProcessOut                43
     ??Subroutine1_0                     7
     usbcrHookProcessIn                 42
     usbvrHookProcessOut                 2
     ?Subroutine0                       10
     usbvrHookProcessIn                  2
     usbsrHookSetDescriptor              2
     usbsrHookSynchFrame                 2
     usbsrHookClearFeature               0
     usbsrHookSetFeature                 2
     usbsrHookModifyGetStatus            3
     usbsrHookProcessEvent               3
     usbirqHookProcessEvents             3
     ??usbcrHookProcessOut?relay         6
     ??usbcrHookProcessIn?relay          6
     ??usbvrHookProcessOut?relay         6
     ??usbvrHookProcessIn?relay          6
     ??usbsrHookSetDescriptor?relay      6
     ??usbsrHookSynchFrame?relay         6
     ??usbsrHookClearFeature?relay       6
     ??usbsrHookSetFeature?relay         6
     ??usbsrHookModifyGetStatus?relay    6
     ??usbsrHookProcessEvent?relay       6
     ??usbirqHookProcessEvents?relay     6

 
 121 bytes in segment BANKED_CODE
  66 bytes in segment BANK_RELAYS
 
 187 bytes of CODE memory

Errors: none
Warnings: none
