###############################################################################
#                                                                             #
# IAR C/C++ Compiler V8.10.4.40412/W32 for 8051         19/Jun/2016  18:16:16 #
# Copyright 2004-2011 IAR Systems AB.                                         #
#                                                                             #
#    Core               =  plain                                              #
#    Code model         =  banked                                             #
#    Data model         =  large                                              #
#    Calling convention =  xdata reentrant                                    #
#    Constant location  =  data_rom                                           #
#    Dptr setup         =  1,16                                               #
#    Source file        =  C:\Users\freeman\Documents\work\SN\module\Componen #
#                          ts\usb\class_cdc\usb_firmware_library_config.c     #
#    Command line       =  -f "C:\Users\freeman\Documents\work\SN\module\Proj #
#                          ects\zstack\Samples\SampleApp                      #
#                          com\CC2530DB\..\..\..\Tools\CC2530DB\f8wConfig.cfg #
#                          " (-DSECURE=0 -DZG_SECURE_DYNAMIC=0 -DREFLECTOR    #
#                          -DDEFAULT_CHANLIST=0x00000800                      #
#                          -DZDAPP_CONFIG_PAN_ID=0xFFF0                       #
#                          -DNWK_START_DELAY=100 -DEXTENDED_JOINING_RANDOM_MA #
#                          SK=0x007F -DBEACON_REQUEST_DELAY=100               #
#                          -DBEACON_REQ_DELAY_MASK=0x00FF                     #
#                          -DROUTE_EXPIRY_TIME=30 -DAPSC_ACK_WAIT_DURATION_PO #
#                          LLED=3000 -DNWK_INDIRECT_MSG_TIMEOUT=7             #
#                          -DMAX_RREQ_ENTRIES=8 -DAPSC_MAX_FRAME_RETRIES=3    #
#                          -DNWK_MAX_DATA_RETRIES=2                           #
#                          -DMAX_POLL_FAILURE_RETRIES=2 -DMAX_BCAST=9         #
#                          -DAPS_MAX_GROUPS=16 -DMAX_RTG_ENTRIES=40           #
#                          -DNWK_MAX_BINDING_ENTRIES=4                        #
#                          -DMAX_BINDING_CLUSTER_IDS=4 "-DDEFAULT_KEY={0x01,  #
#                          0x03, 0x05, 0x07, 0x09, 0x0B, 0x0D, 0x0F, 0x00,    #
#                          0x02, 0x04, 0x06, 0x08, 0x0A, 0x0C, 0x0D}"         #
#                          -DMAC_MAX_FRAME_SIZE=116 "-DCONST=const __code"    #
#                          -DGENERIC=__generic -DRFD_RCVC_ALWAYS_ON=FALSE     #
#                          -DPOLL_RATE=1000 -DQUEUED_POLL_RATE=100            #
#                          -DRESPONSE_POLL_RATE=100 -DREJOIN_POLL_RATE=440)   #
#                          C:\Users\freeman\Documents\work\SN\module\Componen #
#                          ts\usb\class_cdc\usb_firmware_library_config.c -D  #
#                          ZIGBEEPRO -D ZTOOL_P1 -lC                          #
#                          "C:\Users\freeman\Documents\work\SN\module\Project #
#                          s\zstack\Samples\SampleApp                         #
#                          com\CC2530DB\CoordinatorEB-Pro\List\" -lA          #
#                          "C:\Users\freeman\Documents\work\SN\module\Project #
#                          s\zstack\Samples\SampleApp                         #
#                          com\CC2530DB\CoordinatorEB-Pro\List\"              #
#                          --diag_suppress Pe001,Pa010 -o                     #
#                          "C:\Users\freeman\Documents\work\SN\module\Project #
#                          s\zstack\Samples\SampleApp                         #
#                          com\CC2530DB\CoordinatorEB-Pro\Obj\" -e --debug    #
#                          --core=plain --dptr=16,1 --data_model=large        #
#                          --code_model=banked --calling_convention=xdata_ree #
#                          ntrant --place_constants=data_rom                  #
#                          --nr_virtual_regs 16 -I "C:\Users\freeman\Document #
#                          s\work\SN\module\Projects\zstack\Samples\SampleApp #
#                           com\CC2530DB\" -I "C:\Users\freeman\Documents\wor #
#                          k\SN\module\Projects\zstack\Samples\SampleApp      #
#                          com\CC2530DB\..\SOURCE\" -I                        #
#                          "C:\Users\freeman\Documents\work\SN\module\Project #
#                          s\zstack\Samples\SampleApp                         #
#                          com\CC2530DB\..\..\..\ZMAIN\TI2530DB\" -I          #
#                          "C:\Users\freeman\Documents\work\SN\module\Project #
#                          s\zstack\Samples\SampleApp                         #
#                          com\CC2530DB\..\..\..\..\..\COMPONENTS\MT\" -I     #
#                          "C:\Users\freeman\Documents\work\SN\module\Project #
#                          s\zstack\Samples\SampleApp                         #
#                          com\CC2530DB\..\..\..\..\..\COMPONENTS\HAL\INCLUDE #
#                          \" -I "C:\Users\freeman\Documents\work\SN\module\P #
#                          rojects\zstack\Samples\SampleApp                   #
#                          com\CC2530DB\..\..\..\..\..\COMPONENTS\HAL\TARGET\ #
#                          CC2530EB\" -I "C:\Users\freeman\Documents\work\SN\ #
#                          module\Projects\zstack\Samples\SampleApp           #
#                          com\CC2530DB\..\..\..\..\..\COMPONENTS\OSAL\MCU\CC #
#                          SOC\" -I "C:\Users\freeman\Documents\work\SN\modul #
#                          e\Projects\zstack\Samples\SampleApp                #
#                          com\CC2530DB\..\..\..\..\..\COMPONENTS\OSAL\INCLUD #
#                          E\" -I "C:\Users\freeman\Documents\work\SN\module\ #
#                          Projects\zstack\Samples\SampleApp                  #
#                          com\CC2530DB\..\..\..\..\..\COMPONENTS\STACK\AF\"  #
#                          -I "C:\Users\freeman\Documents\work\SN\module\Proj #
#                          ects\zstack\Samples\SampleApp                      #
#                          com\CC2530DB\..\..\..\..\..\COMPONENTS\STACK\NWK\" #
#                           -I "C:\Users\freeman\Documents\work\SN\module\Pro #
#                          jects\zstack\Samples\SampleApp                     #
#                          com\CC2530DB\..\..\..\..\..\COMPONENTS\STACK\SEC\" #
#                           -I "C:\Users\freeman\Documents\work\SN\module\Pro #
#                          jects\zstack\Samples\SampleApp                     #
#                          com\CC2530DB\..\..\..\..\..\COMPONENTS\STACK\SAPI\ #
#                          " -I "C:\Users\freeman\Documents\work\SN\module\Pr #
#                          ojects\zstack\Samples\SampleApp                    #
#                          com\CC2530DB\..\..\..\..\..\COMPONENTS\STACK\SYS\" #
#                           -I "C:\Users\freeman\Documents\work\SN\module\Pro #
#                          jects\zstack\Samples\SampleApp                     #
#                          com\CC2530DB\..\..\..\..\..\COMPONENTS\STACK\ZDO\" #
#                           -I "C:\Users\freeman\Documents\work\SN\module\Pro #
#                          jects\zstack\Samples\SampleApp                     #
#                          com\CC2530DB\..\..\..\..\..\COMPONENTS\ZMAC\F8W\"  #
#                          -I "C:\Users\freeman\Documents\work\SN\module\Proj #
#                          ects\zstack\Samples\SampleApp                      #
#                          com\CC2530DB\..\..\..\..\..\COMPONENTS\ZMAC\" -I   #
#                          "C:\Users\freeman\Documents\work\SN\module\Project #
#                          s\zstack\Samples\SampleApp                         #
#                          com\CC2530DB\..\..\..\..\..\COMPONENTS\SERVICES\SA #
#                          DDR\" -I "C:\Users\freeman\Documents\work\SN\modul #
#                          e\Projects\zstack\Samples\SampleApp                #
#                          com\CC2530DB\..\..\..\..\..\COMPONENTS\SERVICES\SD #
#                          ATA\" -I "C:\Users\freeman\Documents\work\SN\modul #
#                          e\Projects\zstack\Samples\SampleApp                #
#                          com\CC2530DB\..\..\..\..\..\COMPONENTS\MAC\INCLUDE #
#                          \" -I "C:\Users\freeman\Documents\work\SN\module\P #
#                          rojects\zstack\Samples\SampleApp                   #
#                          com\CC2530DB\..\..\..\..\..\COMPONENTS\MAC\HIGH_LE #
#                          VEL\" -I "C:\Users\freeman\Documents\work\SN\modul #
#                          e\Projects\zstack\Samples\SampleApp                #
#                          com\CC2530DB\..\..\..\..\..\COMPONENTS\MAC\LOW_LEV #
#                          EL\srf04\" -I "C:\Users\freeman\Documents\work\SN\ #
#                          module\Projects\zstack\Samples\SampleApp           #
#                          com\CC2530DB\..\..\..\..\..\COMPONENTS\MAC\LOW_LEV #
#                          EL\srf04\SINGLE_CHIP\" -I                          #
#                          "C:\Users\freeman\Documents\work\SN\module\Project #
#                          s\zstack\Samples\SampleApp                         #
#                          com\CC2530DB\..\..\..\..\..\COMPONENTS\usb\library #
#                          \" -I "C:\Users\freeman\Documents\work\SN\module\P #
#                          rojects\zstack\Samples\SampleApp                   #
#                          com\CC2530DB\..\..\..\..\..\COMPONENTS\usb\class_h #
#                          id\" -I "C:\Users\freeman\Documents\work\SN\module #
#                          \Projects\zstack\Samples\SampleApp                 #
#                          com\CC2530DB\..\..\..\..\..\COMPONENTS\hal\common\ #
#                          " -Ohz --require_prototypes                        #
#    List file          =  C:\Users\freeman\Documents\work\SN\module\Projects #
#                          \zstack\Samples\SampleApp                          #
#                          com\CC2530DB\CoordinatorEB-Pro\List\usb_firmware_l #
#                          ibrary_config.lst                                  #
#    Object file        =  C:\Users\freeman\Documents\work\SN\module\Projects #
#                          \zstack\Samples\SampleApp                          #
#                          com\CC2530DB\CoordinatorEB-Pro\Obj\usb_firmware_li #
#                          brary_config.r51                                   #
#                                                                             #
#                                                                             #
###############################################################################

C:\Users\freeman\Documents\work\SN\module\Components\usb\class_cdc\usb_firmware_library_config.c
      1          /***********************************************************************************
      2          
      3              Filename:     usb_firmware_library_config.c
      4          
      5              Description:  USB library configuration.
      6          
      7          ***********************************************************************************/
      8          
      9          /// \addtogroup module_usb_firmware_library_config
     10          /// @{
     11          #define USBFIRMWARELIBRARYCONFIG_C ///< Modifies the behavior of "EXTERN" in usb_interrupt.h
     12          #include "usb_firmware_library_headers.h"
     13          
     14          //-----------------------------------------------------------------------------
     15          // READ THIS!!
     16          //
     17          // This file configures the USB Firmware Library.
     18          // To use the library, make a copy of this file, rename it to "usb_firmware_library_config.c", and
     19          // put it in the project catalog. Then edit the code below as needed:
     20          //-----------------------------------------------------------------------------
     21          
     22          // Declaration of global USB descriptor pointers

   \                                 In  segment XDATA_I, align 1, keep-with-next
     23          USB_DESCRIPTOR_MARKER usbDescriptorMarker= {
   \                     usbDescriptorMarker:
   \   000000                DS 12
   \   00000C                REQUIRE `?<Initializer for usbDescriptorMarker>`
   \   00000C                REQUIRE __INIT_XDATA_I

   \                                 In  segment XDATA_ID, align 1, keep-with-next
   \                     `?<Initializer for usbDescriptorMarker>`:
   \   000000   ....         DW usbDescStart
   \   000002   ....         DW usbDescEnd
   \   000004   ....         DW usbDescLut
   \   000006   ....         DW usbDescLutEnd
   \   000008   ....         DW usbDblbufLut
   \   00000A   ....         DW usbDblbufLutEnd
     24              (uint8 __code *)&usbDescStart,
     25              (uint8 __code *)&usbDescEnd,
     26              (DESC_LUT_INFO __code *) &usbDescLut,
     27              (DESC_LUT_INFO __code *) &usbDescLutEnd,
     28              (DBLBUF_LUT_INFO __code *) &usbDblbufLut,
     29              (DBLBUF_LUT_INFO __code *) &usbDblbufLutEnd
     30          };
     31          
     32          /// @}
     33          
     34          
     35          /*
     36          +------------------------------------------------------------------------------
     37          |  Copyright 2004-2007 Texas Instruments Incorporated. All rights reserved.
     38          |
     39          |  IMPORTANT: Your use of this Software is limited to those specific rights
     40          |  granted under the terms of a software license agreement between the user who
     41          |  downloaded the software, his/her employer (which must be your employer) and
     42          |  Texas Instruments Incorporated (the "License"). You may not use this Software
     43          |  unless you agree to abide by the terms of the License. The License limits
     44          |  your use, and you acknowledge, that the Software may not be modified, copied
     45          |  or distributed unless embedded on a Texas Instruments microcontroller or used
     46          |  solely and exclusively in conjunction with a Texas Instruments radio
     47          |  frequency transceiver, which is integrated into your product. Other than for
     48          |  the foregoing purpose, you may not use, reproduce, copy, prepare derivative
     49          |  works of, modify, distribute, perform, display or sell this Software and/or
     50          |  its documentation for any purpose.
     51          |
     52          |  YOU FURTHER ACKNOWLEDGE AND AGREE THAT THE SOFTWARE AND DOCUMENTATION ARE
     53          |  PROVIDED “AS IS” WITHOUT WARRANTY OF ANY KIND, EITHER EXPRESS OR IMPLIED,
     54          |  INCLUDING WITHOUT LIMITATION, ANY WARRANTY OF MERCHANTABILITY, TITLE,
     55          |  NON-INFRINGEMENT AND FITNESS FOR A PARTICULAR PURPOSE. IN NO EVENT SHALL
     56          |  TEXAS INSTRUMENTS OR ITS LICENSORS BE LIABLE OR OBLIGATED UNDER CONTRACT,
     57          |  NEGLIGENCE, STRICT LIABILITY, CONTRIBUTION, BREACH OF WARRANTY, OR OTHER
     58          |  LEGAL EQUITABLE THEORY ANY DIRECT OR INDIRECT DAMAGES OR EXPENSES INCLUDING
     59          |  BUT NOT LIMITED TO ANY INCIDENTAL, SPECIAL, INDIRECT, PUNITIVE OR
     60          |  CONSEQUENTIAL DAMAGES, LOST PROFITS OR LOST DATA, COST OF PROCUREMENT OF
     61          |  SUBSTITUTE GOODS, TECHNOLOGY, SERVICES, OR ANY CLAIMS BY THIRD PARTIES
     62          |  (INCLUDING BUT NOT LIMITED TO ANY DEFENSE THEREOF), OR OTHER SIMILAR COSTS.
     63          |
     64          |  Should you have any questions regarding your right to use this Software,
     65          |  contact Texas Instruments Incorporated at www.TI.com.
     66          |
     67          +------------------------------------------------------------------------------
     68          */


   Segment part sizes:

     Function/Label                         Bytes
     --------------                         -----
     usbDescriptorMarker                      12
     ?<Initializer for usbDescriptorMarker>   12

 
 12 bytes in segment XDATA_I
 12 bytes in segment XDATA_ID
 
 12 bytes of CODE  memory
 12 bytes of XDATA memory

Errors: none
Warnings: none
