生成启动时间为 2016/8/13 13:20:45。
     1>项目“C:\Users\freeman\Documents\work\NBK\Canon\Stm32Code\Stm32Code.vcxproj”在节点 2 上(build 个目标)。
     1>InitializeBuildStatus:
         正在创建“Debug\Stm32Code.unsuccessfulbuild”，因为已指定“AlwaysCreate”。
       ClCompile:
         C:\Program Files (x86)\Microsoft Visual Studio 10.0\VC\bin\CL.exe /c /ZI /nologo /W3 /WX- /Od /Oy- /D WIN32 /D _DEBUG /D _CONSOLE /D _UNICODE /D UNICODE /Gm /EHsc /RTC1 /MDd /GS /fp:precise /Zc:wchar_t /Zc:forScope /Fo"Debug\\" /Fd"Debug\vc100.pdb" /Gd /TP /analyze- /errorReport:prompt stdafx.cpp enc.cpp stm32code.cpp
         stm32code.cpp
     1>c:\users\freeman\documents\work\nbk\canon\stm32code\stm32code.cpp(124): warning C4996: 'fopen': This function or variable may be unsafe. Consider using fopen_s instead. To disable deprecation, use _CRT_SECURE_NO_WARNINGS. See online help for details.
                 c:\program files (x86)\microsoft visual studio 10.0\vc\include\stdio.h(234) : 参见“fopen”的声明
     1>c:\users\freeman\documents\work\nbk\canon\stm32code\stm32code.cpp(148): warning C4996: 'fopen': This function or variable may be unsafe. Consider using fopen_s instead. To disable deprecation, use _CRT_SECURE_NO_WARNINGS. See online help for details.
                 c:\program files (x86)\microsoft visual studio 10.0\vc\include\stdio.h(234) : 参见“fopen”的声明
     1>c:\users\freeman\documents\work\nbk\canon\stm32code\stm32code.cpp(114): warning C4101: “crc”: 未引用的局部变量
         enc.cpp
         stdafx.cpp
         正在生成代码...
       ManifestResourceCompile:
         C:\Program Files (x86)\Microsoft SDKs\Windows\v7.0A\bin\rc.exe /nologo /fo"Debug\Stm32Code.exe.embed.manifest.res" Debug\Stm32Code_manifest.rc 
       Link:
         C:\Program Files (x86)\Microsoft Visual Studio 10.0\VC\bin\link.exe /ERRORREPORT:PROMPT /OUT:"C:\Users\freeman\Documents\work\NBK\Canon\Stm32Code\Debug\Stm32Code.exe" /INCREMENTAL /NOLOGO kernel32.lib user32.lib gdi32.lib winspool.lib comdlg32.lib advapi32.lib shell32.lib ole32.lib oleaut32.lib uuid.lib odbc32.lib odbccp32.lib /MANIFEST /ManifestFile:"Debug\Stm32Code.exe.intermediate.manifest" /MANIFESTUAC:"level='asInvoker' uiAccess='false'" /DEBUG /PDB:"C:\Users\freeman\Documents\work\NBK\Canon\Stm32Code\Debug\Stm32Code.pdb" /SUBSYSTEM:CONSOLE /TLBID:1 /DYNAMICBASE /NXCOMPAT /IMPLIB:"C:\Users\freeman\Documents\work\NBK\Canon\Stm32Code\Debug\Stm32Code.lib" /MACHINE:X86 Debug\Stm32Code.exe.embed.manifest.res
         Debug\stdafx.obj
         Debug\enc.obj
         Debug\stm32code.obj
       Manifest:
         C:\Program Files (x86)\Microsoft SDKs\Windows\v7.0A\bin\mt.exe /nologo /verbose /out:"Debug\Stm32Code.exe.embed.manifest" /manifest Debug\Stm32Code.exe.intermediate.manifest
         所有输出均为最新。
       LinkEmbedManifest:
         所有输出均为最新。
         Stm32Code.vcxproj -> C:\Users\freeman\Documents\work\NBK\Canon\Stm32Code\Debug\Stm32Code.exe
       FinalizeBuildStatus:
         正在删除文件“Debug\Stm32Code.unsuccessfulbuild”。
         正在对“Debug\Stm32Code.lastbuildstate”执行 Touch 任务。
     1>已完成生成项目“C:\Users\freeman\Documents\work\NBK\Canon\Stm32Code\Stm32Code.vcxproj”(build 个目标)的操作。

生成成功。

已用时间 00:00:01.85
