###############################################################################
#                                                                             #
# IAR C/C++ Compiler V8.10.4.40412/W32 for 8051         13/Aug/2016  11:34:50 #
# Copyright 2004-2011 IAR Systems AB.                                         #
#                                                                             #
#    Core               =  plain                                              #
#    Code model         =  banked                                             #
#    Data model         =  large                                              #
#    Calling convention =  xdata reentrant                                    #
#    Constant location  =  data                                               #
#    Dptr setup         =  1,16                                               #
#    Source file        =  C:\Users\freeman\Documents\work\NBK\Canon\Nbk600EX #
#                           - RF\Projects\zstack\Samples\SampleApp            #
#                          com\Source\OSAL_SampleApp.c                        #
#    Command line       =  -f "C:\Users\freeman\Documents\work\NBK\Canon\Nbk6 #
#                          00EX - RF\Projects\zstack\Samples\SampleApp        #
#                          com\CC2530DB\..\..\..\Tools\CC2530DB\f8wCoord.cfg" #
#                           (-DCPU32MHZ -DROOT=__near_func                    #
#                          -DMAC_CFG_APP_PENDING_QUEUE=TRUE                   #
#                          -DZDO_COORDINATOR -DRTR_NWK -DBLINK_LEDS) -f       #
#                          "C:\Users\freeman\Documents\work\NBK\Canon\Nbk600E #
#                          X - RF\Projects\zstack\Samples\SampleApp           #
#                          com\CC2530DB\..\..\..\Tools\CC2530DB\f8wConfig.cfg #
#                          " (-DSECURE=0 -DZG_SECURE_DYNAMIC=0 -DREFLECTOR    #
#                          -DDEFAULT_CHANLIST=0x00000800                      #
#                          -DZDAPP_CONFIG_PAN_ID=0xFFF0                       #
#                          -DNWK_START_DELAY=100 -DEXTENDED_JOINING_RANDOM_MA #
#                          SK=0x007F -DBEACON_REQUEST_DELAY=100               #
#                          -DBEACON_REQ_DELAY_MASK=0x00FF                     #
#                          -DROUTE_EXPIRY_TIME=30 -DAPSC_ACK_WAIT_DURATION_PO #
#                          LLED=3000 -DNWK_INDIRECT_MSG_TIMEOUT=7             #
#                          -DMAX_RREQ_ENTRIES=8 -DAPSC_MAX_FRAME_RETRIES=3    #
#                          -DNWK_MAX_DATA_RETRIES=2                           #
#                          -DMAX_POLL_FAILURE_RETRIES=2 -DMAX_BCAST=9         #
#                          -DAPS_MAX_GROUPS=16 -DMAX_RTG_ENTRIES=40           #
#                          -DNWK_MAX_BINDING_ENTRIES=4                        #
#                          -DMAX_BINDING_CLUSTER_IDS=4 "-DDEFAULT_KEY={0x01,  #
#                          0x03, 0x05, 0x07, 0x09, 0x0B, 0x0D, 0x0F, 0x00,    #
#                          0x02, 0x04, 0x06, 0x08, 0x0A, 0x0C, 0x0D}"         #
#                          -DMAC_MAX_FRAME_SIZE=116 "-DCONST=const __code"    #
#                          -DGENERIC=__generic -DRFD_RCVC_ALWAYS_ON=FALSE     #
#                          -DPOLL_RATE=1000 -DQUEUED_POLL_RATE=100            #
#                          -DRESPONSE_POLL_RATE=100) -DREJOIN_POLL_RATE=440   #
#                          "C:\Users\freeman\Documents\work\NBK\Canon\Nbk600E #
#                          X - RF\Projects\zstack\Samples\SampleApp           #
#                          com\Source\OSAL_SampleApp.c" -D ZIGBEEPRO -D       #
#                          ZTOOL_P1 -lC "C:\Users\freeman\Documents\work\NBK\ #
#                          Canon\Nbk600EX - RF\Projects\zstack\Samples\Sample #
#                          App com\CC2530DB\CoordinatorEB\List\" -lA          #
#                          "C:\Users\freeman\Documents\work\NBK\Canon\Nbk600E #
#                          X - RF\Projects\zstack\Samples\SampleApp           #
#                          com\CC2530DB\CoordinatorEB\List\" --diag_suppress  #
#                          Pe001,Pa010 -o "C:\Users\freeman\Documents\work\NB #
#                          K\Canon\Nbk600EX - RF\Projects\zstack\Samples\Samp #
#                          leApp com\CC2530DB\CoordinatorEB\Obj\" -e --debug  #
#                          --core=plain --dptr=16,1 --data_model=large        #
#                          --code_model=banked --calling_convention=xdata_ree #
#                          ntrant --place_constants=data --nr_virtual_regs    #
#                          16 -I "C:\Users\freeman\Documents\work\NBK\Canon\N #
#                          bk600EX - RF\Projects\zstack\Samples\SampleApp     #
#                          com\CC2530DB\" -I "C:\Users\freeman\Documents\work #
#                          \NBK\Canon\Nbk600EX - RF\Projects\zstack\Samples\S #
#                          ampleApp com\CC2530DB\..\SOURCE\" -I               #
#                          "C:\Users\freeman\Documents\work\NBK\Canon\Nbk600E #
#                          X - RF\Projects\zstack\Samples\SampleApp           #
#                          com\CC2530DB\..\..\..\ZMAIN\TI2530DB\" -I          #
#                          "C:\Users\freeman\Documents\work\NBK\Canon\Nbk600E #
#                          X - RF\Projects\zstack\Samples\SampleApp           #
#                          com\CC2530DB\..\..\..\..\..\COMPONENTS\MT\" -I     #
#                          "C:\Users\freeman\Documents\work\NBK\Canon\Nbk600E #
#                          X - RF\Projects\zstack\Samples\SampleApp           #
#                          com\CC2530DB\..\..\..\..\..\COMPONENTS\HAL\INCLUDE #
#                          \" -I "C:\Users\freeman\Documents\work\NBK\Canon\N #
#                          bk600EX - RF\Projects\zstack\Samples\SampleApp     #
#                          com\CC2530DB\..\..\..\..\..\COMPONENTS\HAL\TARGET\ #
#                          CC2530EB\" -I "C:\Users\freeman\Documents\work\NBK #
#                          \Canon\Nbk600EX - RF\Projects\zstack\Samples\Sampl #
#                          eApp com\CC2530DB\..\..\..\..\..\COMPONENTS\OSAL\M #
#                          CU\CCSOC\" -I "C:\Users\freeman\Documents\work\NBK #
#                          \Canon\Nbk600EX - RF\Projects\zstack\Samples\Sampl #
#                          eApp com\CC2530DB\..\..\..\..\..\COMPONENTS\OSAL\I #
#                          NCLUDE\" -I "C:\Users\freeman\Documents\work\NBK\C #
#                          anon\Nbk600EX - RF\Projects\zstack\Samples\SampleA #
#                          pp com\CC2530DB\..\..\..\..\..\COMPONENTS\STACK\AF #
#                          \" -I "C:\Users\freeman\Documents\work\NBK\Canon\N #
#                          bk600EX - RF\Projects\zstack\Samples\SampleApp     #
#                          com\CC2530DB\..\..\..\..\..\COMPONENTS\STACK\NWK\" #
#                           -I "C:\Users\freeman\Documents\work\NBK\Canon\Nbk #
#                          600EX - RF\Projects\zstack\Samples\SampleApp       #
#                          com\CC2530DB\..\..\..\..\..\COMPONENTS\STACK\SEC\" #
#                           -I "C:\Users\freeman\Documents\work\NBK\Canon\Nbk #
#                          600EX - RF\Projects\zstack\Samples\SampleApp       #
#                          com\CC2530DB\..\..\..\..\..\COMPONENTS\STACK\SAPI\ #
#                          " -I "C:\Users\freeman\Documents\work\NBK\Canon\Nb #
#                          k600EX - RF\Projects\zstack\Samples\SampleApp      #
#                          com\CC2530DB\..\..\..\..\..\COMPONENTS\STACK\SYS\" #
#                           -I "C:\Users\freeman\Documents\work\NBK\Canon\Nbk #
#                          600EX - RF\Projects\zstack\Samples\SampleApp       #
#                          com\CC2530DB\..\..\..\..\..\COMPONENTS\STACK\ZDO\" #
#                           -I "C:\Users\freeman\Documents\work\NBK\Canon\Nbk #
#                          600EX - RF\Projects\zstack\Samples\SampleApp       #
#                          com\CC2530DB\..\..\..\..\..\COMPONENTS\ZMAC\F8W\"  #
#                          -I "C:\Users\freeman\Documents\work\NBK\Canon\Nbk6 #
#                          00EX - RF\Projects\zstack\Samples\SampleApp        #
#                          com\CC2530DB\..\..\..\..\..\COMPONENTS\ZMAC\" -I   #
#                          "C:\Users\freeman\Documents\work\NBK\Canon\Nbk600E #
#                          X - RF\Projects\zstack\Samples\SampleApp           #
#                          com\CC2530DB\..\..\..\..\..\COMPONENTS\SERVICES\SA #
#                          DDR\" -I "C:\Users\freeman\Documents\work\NBK\Cano #
#                          n\Nbk600EX - RF\Projects\zstack\Samples\SampleApp  #
#                          com\CC2530DB\..\..\..\..\..\COMPONENTS\SERVICES\SD #
#                          ATA\" -I "C:\Users\freeman\Documents\work\NBK\Cano #
#                          n\Nbk600EX - RF\Projects\zstack\Samples\SampleApp  #
#                          com\CC2530DB\..\..\..\..\..\COMPONENTS\MAC\INCLUDE #
#                          \" -I "C:\Users\freeman\Documents\work\NBK\Canon\N #
#                          bk600EX - RF\Projects\zstack\Samples\SampleApp     #
#                          com\CC2530DB\..\..\..\..\..\COMPONENTS\MAC\HIGH_LE #
#                          VEL\" -I "C:\Users\freeman\Documents\work\NBK\Cano #
#                          n\Nbk600EX - RF\Projects\zstack\Samples\SampleApp  #
#                          com\CC2530DB\..\..\..\..\..\COMPONENTS\MAC\LOW_LEV #
#                          EL\srf04\" -I "C:\Users\freeman\Documents\work\NBK #
#                          \Canon\Nbk600EX - RF\Projects\zstack\Samples\Sampl #
#                          eApp com\CC2530DB\..\..\..\..\..\COMPONENTS\MAC\LO #
#                          W_LEVEL\srf04\SINGLE_CHIP\" -Ohz                   #
#                          --require_prototypes                               #
#    List file          =  C:\Users\freeman\Documents\work\NBK\Canon\Nbk600EX #
#                           - RF\Projects\zstack\Samples\SampleApp            #
#                          com\CC2530DB\CoordinatorEB\List\OSAL_SampleApp.lst #
#    Object file        =  C:\Users\freeman\Documents\work\NBK\Canon\Nbk600EX #
#                           - RF\Projects\zstack\Samples\SampleApp            #
#                          com\CC2530DB\CoordinatorEB\Obj\OSAL_SampleApp.r51  #
#                                                                             #
#                                                                             #
###############################################################################

C:\Users\freeman\Documents\work\NBK\Canon\Nbk600EX - RF\Projects\zstack\Samples\SampleApp com\Source\OSAL_SampleApp.c
      1          /**************************************************************************************************
      2            Filename:       OSAL_SampleApp.c
      3            Revised:        $Date: 2008-02-07 12:10:00 -0800 (Thu, 07 Feb 2008) $
      4            Revision:       $Revision: 16360 $
      5          
      6            Description:    This file contains all the settings and other functions
      7                            that the user should set and change.
      8          
      9          
     10            Copyright 2007 Texas Instruments Incorporated. All rights reserved.
     11          
     12            IMPORTANT: Your use of this Software is limited to those specific rights
     13            granted under the terms of a software license agreement between the user
     14            who downloaded the software, his/her employer (which must be your employer)
     15            and Texas Instruments Incorporated (the "License").  You may not use this
     16            Software unless you agree to abide by the terms of the License. The License
     17            limits your use, and you acknowledge, that the Software may not be modified,
     18            copied or distributed unless embedded on a Texas Instruments microcontroller
     19            or used solely and exclusively in conjunction with a Texas Instruments radio
     20            frequency transceiver, which is integrated into your product.  Other than for
     21            the foregoing purpose, you may not use, reproduce, copy, prepare derivative
     22            works of, modify, distribute, perform, display or sell this Software and/or
     23            its documentation for any purpose.
     24          
     25            YOU FURTHER ACKNOWLEDGE AND AGREE THAT THE SOFTWARE AND DOCUMENTATION ARE
     26            PROVIDED “AS IS?WITHOUT WARRANTY OF ANY KIND, EITHER EXPRESS OR IMPLIED,
     27            INCLUDING WITHOUT LIMITATION, ANY WARRANTY OF MERCHANTABILITY, TITLE,
     28            NON-INFRINGEMENT AND FITNESS FOR A PARTICULAR PURPOSE. IN NO EVENT SHALL
     29            TEXAS INSTRUMENTS OR ITS LICENSORS BE LIABLE OR OBLIGATED UNDER CONTRACT,
     30            NEGLIGENCE, STRICT LIABILITY, CONTRIBUTION, BREACH OF WARRANTY, OR OTHER
     31            LEGAL EQUITABLE THEORY ANY DIRECT OR INDIRECT DAMAGES OR EXPENSES
     32            INCLUDING BUT NOT LIMITED TO ANY INCIDENTAL, SPECIAL, INDIRECT, PUNITIVE
     33            OR CONSEQUENTIAL DAMAGES, LOST PROFITS OR LOST DATA, COST OF PROCUREMENT
     34            OF SUBSTITUTE GOODS, TECHNOLOGY, SERVICES, OR ANY CLAIMS BY THIRD PARTIES
     35            (INCLUDING BUT NOT LIMITED TO ANY DEFENSE THEREOF), OR OTHER SIMILAR COSTS.
     36          
     37            Should you have any questions regarding your right to use this Software,
     38            contact Texas Instruments Incorporated at www.TI.com.
     39          **************************************************************************************************/
     40          
     41          /*********************************************************************
     42           * INCLUDES
     43           */
     44          
     45          #include "ZComDef.h"
     46          #include "hal_drivers.h"
     47          #include "OSAL.h"
     48          #include "OSAL_Tasks.h"
     49          
     50          #if defined ( MT_TASK )
     51            #include "MT.h"
     52            #include "MT_TASK.h"
     53          #endif
     54          
     55          #include "nwk.h"
     56          #include "APS.h"
     57          #include "ZDApp.h"
     58          #if defined ( ZIGBEE_FREQ_AGILITY ) || defined ( ZIGBEE_PANID_CONFLICT )
     59            #include "ZDNwkMgr.h"
     60          #endif
     61          #if defined ( ZIGBEE_FRAGMENTATION )
     62            #include "aps_frag.h"
     63          #endif
     64          
     65          #include "SampleApp.h"
     66          
     67          /*********************************************************************
     68           * GLOBAL VARIABLES
     69           */
     70          
     71          // The order in this table must be identical to the task initialization calls below in osalInitTask.

   \                                 In  segment XDATA_I, align 1, keep-with-next
     72          const pTaskEventHandlerFn tasksArr[] = {
   \                     tasksArr:
   \   000000                DS 6
   \   000006                REQUIRE `?<Initializer for tasksArr>`
   \   000006                REQUIRE __INIT_XDATA_I
     73          	macEventLoopEx,
     74          	//macEventLoop,
     75          	nwk_event_loop,
     76            	//Hal_ProcessEvent,
     77          #if defined( MT_TASK )
     78            	//MT_ProcessEvent,
     79          #endif
     80            	//APS_event_loop,
     81          #if defined ( ZIGBEE_FRAGMENTATION )
     82            	//APSF_ProcessEvent,
     83          #endif
     84          	//ZDApp_event_loop,
     85          #if defined ( ZIGBEE_FREQ_AGILITY ) || defined ( ZIGBEE_PANID_CONFLICT )
     86            	ZDNwkMgr_event_loop,
     87          #endif
     88            	//SampleApp_ProcessEvent
     89          };
     90          

   \                                 In  segment XDATA_I, align 1, keep-with-next
     91          const uint8 tasksCnt = sizeof( tasksArr ) / sizeof( tasksArr[0] );
   \                     tasksCnt:
   \   000000                DS 1
   \   000001                REQUIRE `?<Initializer for tasksCnt>`
   \   000001                REQUIRE __INIT_XDATA_I

   \                                 In  segment XDATA_Z, align 1, keep-with-next
     92          uint16 *tasksEvents;
   \                     tasksEvents:
   \   000000                DS 2
   \   000002                REQUIRE __INIT_XDATA_Z
     93          
     94          /*********************************************************************
     95           * FUNCTIONS
     96           *********************************************************************/
     97          
     98          /*********************************************************************
     99           * @fn      osalInitTasks
    100           *
    101           * @brief   This function invokes the initialization function for each task.
    102           *
    103           * @param   void
    104           *
    105           * @return  none
    106           */

   \                                 In  segment BANKED_CODE, align 1, keep-with-next
    107          void osalInitTasks( void )
   \                     osalInitTasks:
    108          {
   \   000000   C082         PUSH    DPL
   \   000002   C083         PUSH    DPH
   \   000004                ; Saved register size: 2
   \   000004                ; Auto size: 0
    109          	uint8 taskID = 0;
    110          
    111          	tasksEvents = (uint16 *)osal_mem_alloc( sizeof( uint16 ) * tasksCnt);
   \   000004                ; Setup parameters for call to function osal_mem_alloc
   \   000004   7A06         MOV     R2,#0x6
   \   000006   7B00         MOV     R3,#0x0
   \   000008   12....       LCALL   ??osal_mem_alloc?relay
   \   00000B   90....       MOV     DPTR,#tasksEvents
   \   00000E   EA           MOV     A,R2
   \   00000F   F0           MOVX    @DPTR,A
   \   000010   A3           INC     DPTR
   \   000011   EB           MOV     A,R3
   \   000012   F0           MOVX    @DPTR,A
    112          	osal_memset( tasksEvents, 0, (sizeof( uint16 ) * tasksCnt));
   \   000013                ; Setup parameters for call to function osal_memset
   \   000013   7C06         MOV     R4,#0x6
   \   000015   7D00         MOV     R5,#0x0
   \   000017   7900         MOV     R1,#0x0
   \   000019   12....       LCALL   ??osal_memset?relay
    113          	
    114          
    115          	//macTaskInit( taskID++ );
    116          	macTaskInitEx(taskID++ );
   \   00001C                ; Setup parameters for call to function macTaskInitEx
   \   00001C   7900         MOV     R1,#0x0
   \   00001E   12....       LCALL   ??macTaskInitEx?relay
    117          	nwk_init( taskID++ );
   \   000021                ; Setup parameters for call to function nwk_init
   \   000021   7901         MOV     R1,#0x1
   \   000023   12....       LCALL   ??nwk_init?relay
    118          	//Hal_Init( taskID++ );
    119          #if defined( MT_TASK )
    120          	//MT_TaskInit( taskID++ );
    121          #endif
    122          	//APS_Init( taskID++ );
    123          #if defined ( ZIGBEE_FRAGMENTATION )
    124          	//APSF_Init( taskID++ );
    125          #endif
    126          	//ZDApp_Init( taskID++ );
    127          #if defined ( ZIGBEE_FREQ_AGILITY ) || defined ( ZIGBEE_PANID_CONFLICT )
    128          	ZDNwkMgr_Init( taskID++ );
   \   000026                ; Setup parameters for call to function ZDNwkMgr_Init
   \   000026   7902         MOV     R1,#0x2
   \   000028   12....       LCALL   ??ZDNwkMgr_Init?relay
    129          #endif
    130          	//SampleApp_Init( taskID );
    131          }
   \   00002B   D083         POP     DPH
   \   00002D   D082         POP     DPL
   \   00002F   02....       LJMP    ?BRET

   \                                 In  segment XDATA_ID, align 1, keep-with-next
   \                     `?<Initializer for tasksArr>`:
   \   000000   ....         DW ??macEventLoopEx?relay
   \   000002   ....         DW ??nwk_event_loop?relay
   \   000004   ....         DW ??ZDNwkMgr_event_loop?relay

   \                                 In  segment XDATA_ID, align 1, keep-with-next
   \                     `?<Initializer for tasksCnt>`:
   \   000000   03           DB 3

   \                                 In  segment BANK_RELAYS, align 1
   \                     ??osalInitTasks?relay:
   \   000000   12....       LCALL   ?BDISPATCH
   \   000003   ......       DC24    osalInitTasks
    132          
    133          /*********************************************************************
    134          *********************************************************************/

   Maximum stack usage in bytes:

     Function            ISTACK PSTACK XSTACK
     --------            ------ ------ ------
     osalInitTasks           2      0      0
       -> osal_mem_alloc     4      0      0
       -> osal_memset        4      0      0
       -> macTaskInitEx      4      0      0
       -> nwk_init           4      0      0
       -> ZDNwkMgr_Init      4      0      0


   Segment part sizes:

     Function/Label              Bytes
     --------------              -----
     tasksArr                       6
     tasksCnt                       1
     tasksEvents                    2
     osalInitTasks                 50
     ?<Initializer for tasksArr>    6
     ?<Initializer for tasksCnt>    1
     ??osalInitTasks?relay          6

 
 50 bytes in segment BANKED_CODE
  6 bytes in segment BANK_RELAYS
  7 bytes in segment XDATA_I
  7 bytes in segment XDATA_ID
  2 bytes in segment XDATA_Z
 
 63 bytes of CODE  memory
  9 bytes of XDATA memory

Errors: none
Warnings: none
